synthesis:  version Diamond (64-bit) 3.14.0.75.2

Copyright (c) 1991-1994 by NeoCAD Inc. All rights reserved.
Copyright (c) 1995 AT&T Corp.   All rights reserved.
Copyright (c) 1995-2001 Lucent Technologies Inc.  All rights reserved.
Copyright (c) 2001 Agere Systems   All rights reserved.
Copyright (c) 2002-2024 Lattice Semiconductor Corporation,  All rights reserved.
Fri Jan 09 17:18:08 2026


Command Line:  C:\lscc\diamond\3.14\ispfpga\bin\nt64\synthesis.exe -f SinCos_Module.synproj -sdc C:/Users/SNA/Documents/FPGA_code/lattice_sdr_code/creating_nco/SinCos_Module/SinCos_Module.ldc -gui 

Synthesis options:
The -a option is ecp5um5g.
The -s option is 8.
The -t option is CABGA381.
The -d option is LFE5UM5G-85F.
Using package CABGA381.
Using performance grade 8.
                                                          

##########################################################

### Lattice Family : ECP5UM5G

### Device  : LFE5UM5G-85F

### Package : CABGA381

### Speed   : 8

##########################################################

                                                          

INFO - synthesis: User-Selected Strategy Settings
Optimization goal = Balanced
Top-level module name = SinCos_Module.
Target frequency = 200.000000 MHz.
Maximum fanout = 1000.
Timing path count = 3
BRAM utilization = 100.000000 %
DSP usage = true (default)
DSP utilization = 100 % (default)
fsm_encoding_style = auto
resolve_mixed_drivers = 0
fix_gated_clocks = 1

Mux style = Auto
Use Carry Chain = true
carry_chain_length = 0
Use IO Insertion = FALSE
Use IO Reg = FALSE (implied)
WARNING - synthesis: Cannot pack registers into I/Os because use_io_insertion is FALSE.
WARNING - synthesis: Ignoring user setting of use_io_reg. Value is set to FALSE.
Use IO Reg = FALSE
Resource Sharing = TRUE
Propagate Constants = TRUE
Remove Duplicate Registers = TRUE
force_gsr = auto
ROM style = auto
RAM style = auto
The -comp option is FALSE.
The -syn option is FALSE.
-p C:/Users/SNA/Documents/FPGA_code/lattice_sdr_code/creating_nco/SinCos_Module (searchpath added)
Verilog design file = C:/lscc/diamond/3.14/cae_library/synthesis/verilog/ecp5um.v
Verilog design file = C:/lscc/diamond/3.14/cae_library/synthesis/verilog/pmi_def.v
Verilog design file = C:/Users/SNA/Documents/FPGA_code/lattice_sdr_code/creating_nco/SinCos_Module/SinCos_Module.v
NGO file = C:/Users/SNA/Documents/FPGA_code/lattice_sdr_code/creating_nco/SinCos_Module/SinCos_Module.ngo
WARNING - synthesis: Option -force_gsr will be set to false when option -output_edif/-ngo are set
-sdc option: SDC file input is C:/Users/SNA/Documents/FPGA_code/lattice_sdr_code/creating_nco/SinCos_Module/SinCos_Module.ldc.
-lpf option: Output file option is ON.
Hardtimer checking is enabled (default). The -dt option is not used.
The -r option is OFF. [ Remove LOC Properties is OFF. ]
Technology check ok...

Analyzing Verilog file C:/lscc/diamond/3.14/ispfpga/userware/NT/SYNTHESIS_HEADERS/ecp5um.v. VERI-1482
Compile design.
Compile Design Begin
Analyzing Verilog file c:/lscc/diamond/3.14/cae_library/synthesis/verilog/ecp5um.v. VERI-1482
Analyzing Verilog file c:/lscc/diamond/3.14/cae_library/synthesis/verilog/pmi_def.v. VERI-1482
Analyzing Verilog file c:/users/sna/documents/fpga_code/lattice_sdr_code/creating_nco/sincos_module/sincos_module.v. VERI-1482
Analyzing Verilog file C:/lscc/diamond/3.14/ispfpga/userware/NT/SYNTHESIS_HEADERS/ecp5um.v. VERI-1482
Top module name (Verilog): SinCos_Module
INFO - synthesis: c:/users/sna/documents/fpga_code/lattice_sdr_code/creating_nco/sincos_module/sincos_module.v(8): compiling module SinCos_Module. VERI-1018
INFO - synthesis: C:/lscc/diamond/3.14/ispfpga/userware/NT/SYNTHESIS_HEADERS/ecp5um.v(367): compiling module INV. VERI-1018
INFO - synthesis: C:/lscc/diamond/3.14/ispfpga/userware/NT/SYNTHESIS_HEADERS/ecp5um.v(810): compiling module XOR2. VERI-1018
INFO - synthesis: C:/lscc/diamond/3.14/ispfpga/userware/NT/SYNTHESIS_HEADERS/ecp5um.v(710): compiling module ROM16X1A(initval=16'b1111111111111110). VERI-1018
INFO - synthesis: C:/lscc/diamond/3.14/ispfpga/userware/NT/SYNTHESIS_HEADERS/ecp5um.v(25): compiling module AND2. VERI-1018
INFO - synthesis: C:/lscc/diamond/3.14/ispfpga/userware/NT/SYNTHESIS_HEADERS/ecp5um.v(119): compiling module FD1P3DX. VERI-1018
INFO - synthesis: C:/lscc/diamond/3.14/ispfpga/userware/NT/SYNTHESIS_HEADERS/ecp5um.v(458): compiling module MUX21. VERI-1018
INFO - synthesis: C:/lscc/diamond/3.14/ispfpga/userware/NT/SYNTHESIS_HEADERS/ecp5um.v(76): compiling module CCU2C(INIT0=16'b0110011010101010,INIT1=16'b0110011010101010,INJECT1_0="NO",INJECT1_1="NO"). VERI-1018
INFO - synthesis: C:/lscc/diamond/3.14/ispfpga/userware/NT/SYNTHESIS_HEADERS/ecp5um.v(719): compiling module ROM256X1A. VERI-1018
INFO - synthesis: C:/lscc/diamond/3.14/ispfpga/userware/NT/SYNTHESIS_HEADERS/ecp5um.v(719): compiling module ROM256X1A_renamed_due_excessive_length_1. VERI-1018
INFO - synthesis: C:/lscc/diamond/3.14/ispfpga/userware/NT/SYNTHESIS_HEADERS/ecp5um.v(719): compiling module ROM256X1A_renamed_due_excessive_length_2. VERI-1018
INFO - synthesis: C:/lscc/diamond/3.14/ispfpga/userware/NT/SYNTHESIS_HEADERS/ecp5um.v(719): compiling module ROM256X1A_renamed_due_excessive_length_3. VERI-1018
INFO - synthesis: C:/lscc/diamond/3.14/ispfpga/userware/NT/SYNTHESIS_HEADERS/ecp5um.v(719): compiling module ROM256X1A_renamed_due_excessive_length_4. VERI-1018
INFO - synthesis: C:/lscc/diamond/3.14/ispfpga/userware/NT/SYNTHESIS_HEADERS/ecp5um.v(719): compiling module ROM256X1A_renamed_due_excessive_length_5. VERI-1018
INFO - synthesis: C:/lscc/diamond/3.14/ispfpga/userware/NT/SYNTHESIS_HEADERS/ecp5um.v(719): compiling module ROM256X1A_renamed_due_excessive_length_6. VERI-1018
INFO - synthesis: C:/lscc/diamond/3.14/ispfpga/userware/NT/SYNTHESIS_HEADERS/ecp5um.v(719): compiling module ROM256X1A_renamed_due_excessive_length_7. VERI-1018
INFO - synthesis: C:/lscc/diamond/3.14/ispfpga/userware/NT/SYNTHESIS_HEADERS/ecp5um.v(719): compiling module ROM256X1A_renamed_due_excessive_length_8. VERI-1018
INFO - synthesis: C:/lscc/diamond/3.14/ispfpga/userware/NT/SYNTHESIS_HEADERS/ecp5um.v(719): compiling module ROM256X1A_renamed_due_excessive_length_9. VERI-1018
INFO - synthesis: C:/lscc/diamond/3.14/ispfpga/userware/NT/SYNTHESIS_HEADERS/ecp5um.v(719): compiling module ROM256X1A_renamed_due_excessive_length_10. VERI-1018
INFO - synthesis: C:/lscc/diamond/3.14/ispfpga/userware/NT/SYNTHESIS_HEADERS/ecp5um.v(719): compiling module ROM256X1A_renamed_due_excessive_length_11. VERI-1018
INFO - synthesis: C:/lscc/diamond/3.14/ispfpga/userware/NT/SYNTHESIS_HEADERS/ecp5um.v(719): compiling module ROM256X1A(initval=256'b0111111). VERI-1018
INFO - synthesis: C:/lscc/diamond/3.14/ispfpga/userware/NT/SYNTHESIS_HEADERS/ecp5um.v(719): compiling module ROM256X1A(initval=256'b0111111111111111111111111111111111111111111111111111111111111111111111111111111111111111111111111111111111111111111111111111111111111111111111111111111111111111111111000000). VERI-1018
INFO - synthesis: C:/lscc/diamond/3.14/ispfpga/userware/NT/SYNTHESIS_HEADERS/ecp5um.v(719): compiling module ROM256X1A_renamed_due_excessive_length_12. VERI-1018
INFO - synthesis: C:/lscc/diamond/3.14/ispfpga/userware/NT/SYNTHESIS_HEADERS/ecp5um.v(719): compiling module ROM256X1A_renamed_due_excessive_length_13. VERI-1018
INFO - synthesis: C:/lscc/diamond/3.14/ispfpga/userware/NT/SYNTHESIS_HEADERS/ecp5um.v(719): compiling module ROM256X1A_renamed_due_excessive_length_14. VERI-1018
INFO - synthesis: C:/lscc/diamond/3.14/ispfpga/userware/NT/SYNTHESIS_HEADERS/ecp5um.v(719): compiling module ROM256X1A_renamed_due_excessive_length_15. VERI-1018
INFO - synthesis: C:/lscc/diamond/3.14/ispfpga/userware/NT/SYNTHESIS_HEADERS/ecp5um.v(719): compiling module ROM256X1A_renamed_due_excessive_length_16. VERI-1018
INFO - synthesis: C:/lscc/diamond/3.14/ispfpga/userware/NT/SYNTHESIS_HEADERS/ecp5um.v(719): compiling module ROM256X1A_renamed_due_excessive_length_17. VERI-1018
INFO - synthesis: C:/lscc/diamond/3.14/ispfpga/userware/NT/SYNTHESIS_HEADERS/ecp5um.v(719): compiling module ROM256X1A_renamed_due_excessive_length_18. VERI-1018
INFO - synthesis: C:/lscc/diamond/3.14/ispfpga/userware/NT/SYNTHESIS_HEADERS/ecp5um.v(719): compiling module ROM256X1A_renamed_due_excessive_length_19. VERI-1018
INFO - synthesis: C:/lscc/diamond/3.14/ispfpga/userware/NT/SYNTHESIS_HEADERS/ecp5um.v(719): compiling module ROM256X1A_renamed_due_excessive_length_20. VERI-1018
INFO - synthesis: C:/lscc/diamond/3.14/ispfpga/userware/NT/SYNTHESIS_HEADERS/ecp5um.v(757): compiling module VHI. VERI-1018
INFO - synthesis: C:/lscc/diamond/3.14/ispfpga/userware/NT/SYNTHESIS_HEADERS/ecp5um.v(761): compiling module VLO. VERI-1018
WARNING - synthesis: c:/users/sna/documents/fpga_code/lattice_sdr_code/creating_nco/sincos_module/sincos_module.v(688): input port CIN is not connected on this instance. VDB-1013
WARNING - synthesis: c:/users/sna/documents/fpga_code/lattice_sdr_code/creating_nco/sincos_module/sincos_module.v(875): input port CIN is not connected on this instance. VDB-1013
WARNING - synthesis: c:/users/sna/documents/fpga_code/lattice_sdr_code/creating_nco/sincos_module/sincos_module.v(936): input port CIN is not connected on this instance. VDB-1013
Loading NGL library 'C:/lscc/diamond/3.14/ispfpga/sa5p00m/data/sa5mlib.ngl'...
Loading NGL library 'C:/lscc/diamond/3.14/ispfpga/sa5p00/data/sa5plib.ngl'...
Loading NGL library 'C:/lscc/diamond/3.14/ispfpga/xo2c00/data/xo2clib.ngl'...
Loading NGL library 'C:/lscc/diamond/3.14/ispfpga/mg5g00/data/mg5glib.ngl'...
Loading NGL library 'C:/lscc/diamond/3.14/ispfpga/or5g00/data/orc5glib.ngl'...
Loading device for application map from file 'sa5p85m.nph' in environment: C:/lscc/diamond/3.14/ispfpga.
Package Status:                     Final          Version 1.43.
WARNING - synthesis: There are no design constraints in the file C:/Users/SNA/Documents/FPGA_code/lattice_sdr_code/creating_nco/SinCos_Module/SinCos_Module.ldc
Top-level module name = SinCos_Module.
WARNING - synthesis: c:/users/sna/documents/fpga_code/lattice_sdr_code/creating_nco/sincos_module/sincos_module.v(305): Removing unused instance INV_0. VDB-5034
WARNING - synthesis: There are no design constraints in the file C:/Users/SNA/Documents/FPGA_code/lattice_sdr_code/creating_nco/SinCos_Module/SinCos_Module.ldc
This ldc file was generated by Clarity Designer!

WARNING - synthesis: c:/users/sna/documents/fpga_code/lattice_sdr_code/creating_nco/sincos_module/sincos_module.v(223): Removing unused instance _6. VDB-5034
WARNING - synthesis: c:/users/sna/documents/fpga_code/lattice_sdr_code/creating_nco/sincos_module/sincos_module.v(225): Removing unused instance _7. VDB-5034
WARNING - synthesis: c:/users/sna/documents/fpga_code/lattice_sdr_code/creating_nco/sincos_module/sincos_module.v(227): Removing unused instance _8. VDB-5034
WARNING - synthesis: c:/users/sna/documents/fpga_code/lattice_sdr_code/creating_nco/sincos_module/sincos_module.v(229): Removing unused instance _9. VDB-5034
WARNING - synthesis: c:/users/sna/documents/fpga_code/lattice_sdr_code/creating_nco/sincos_module/sincos_module.v(231): Removing unused instance _10. VDB-5034
WARNING - synthesis: c:/users/sna/documents/fpga_code/lattice_sdr_code/creating_nco/sincos_module/sincos_module.v(233): Removing unused instance _11. VDB-5034
WARNING - synthesis: c:/users/sna/documents/fpga_code/lattice_sdr_code/creating_nco/sincos_module/sincos_module.v(235): Removing unused instance _12. VDB-5034
WARNING - synthesis: c:/users/sna/documents/fpga_code/lattice_sdr_code/creating_nco/sincos_module/sincos_module.v(237): Removing unused instance _13. VDB-5034
WARNING - synthesis: c:/users/sna/documents/fpga_code/lattice_sdr_code/creating_nco/sincos_module/sincos_module.v(239): Removing unused instance _14. VDB-5034
WARNING - synthesis: c:/users/sna/documents/fpga_code/lattice_sdr_code/creating_nco/sincos_module/sincos_module.v(241): Removing unused instance _15. VDB-5034
WARNING - synthesis: c:/users/sna/documents/fpga_code/lattice_sdr_code/creating_nco/sincos_module/sincos_module.v(243): Removing unused instance _16. VDB-5034
WARNING - synthesis: c:/users/sna/documents/fpga_code/lattice_sdr_code/creating_nco/sincos_module/sincos_module.v(245): Removing unused instance _17. VDB-5034
WARNING - synthesis: c:/users/sna/documents/fpga_code/lattice_sdr_code/creating_nco/sincos_module/sincos_module.v(247): Removing unused instance _18. VDB-5034
WARNING - synthesis: c:/users/sna/documents/fpga_code/lattice_sdr_code/creating_nco/sincos_module/sincos_module.v(249): Removing unused instance _19. VDB-5034
WARNING - synthesis: c:/users/sna/documents/fpga_code/lattice_sdr_code/creating_nco/sincos_module/sincos_module.v(251): Removing unused instance _20. VDB-5034
WARNING - synthesis: c:/users/sna/documents/fpga_code/lattice_sdr_code/creating_nco/sincos_module/sincos_module.v(253): Removing unused instance _21. VDB-5034
WARNING - synthesis: c:/users/sna/documents/fpga_code/lattice_sdr_code/creating_nco/sincos_module/sincos_module.v(255): Removing unused instance _22. VDB-5034
WARNING - synthesis: c:/users/sna/documents/fpga_code/lattice_sdr_code/creating_nco/sincos_module/sincos_module.v(257): Removing unused instance _23. VDB-5034
WARNING - synthesis: c:/users/sna/documents/fpga_code/lattice_sdr_code/creating_nco/sincos_module/sincos_module.v(259): Removing unused instance _24. VDB-5034
WARNING - synthesis: c:/users/sna/documents/fpga_code/lattice_sdr_code/creating_nco/sincos_module/sincos_module.v(261): Removing unused instance _25. VDB-5034
WARNING - synthesis: c:/users/sna/documents/fpga_code/lattice_sdr_code/creating_nco/sincos_module/sincos_module.v(263): Removing unused instance _26. VDB-5034
WARNING - synthesis: c:/users/sna/documents/fpga_code/lattice_sdr_code/creating_nco/sincos_module/sincos_module.v(265): Removing unused instance _27. VDB-5034
WARNING - synthesis: c:/users/sna/documents/fpga_code/lattice_sdr_code/creating_nco/sincos_module/sincos_module.v(267): Removing unused instance _28. VDB-5034
WARNING - synthesis: c:/users/sna/documents/fpga_code/lattice_sdr_code/creating_nco/sincos_module/sincos_module.v(269): Removing unused instance _29. VDB-5034
WARNING - synthesis: c:/users/sna/documents/fpga_code/lattice_sdr_code/creating_nco/sincos_module/sincos_module.v(271): Removing unused instance _30. VDB-5034
WARNING - synthesis: c:/users/sna/documents/fpga_code/lattice_sdr_code/creating_nco/sincos_module/sincos_module.v(273): Removing unused instance _31. VDB-5034
WARNING - synthesis: c:/users/sna/documents/fpga_code/lattice_sdr_code/creating_nco/sincos_module/sincos_module.v(275): Removing unused instance _32. VDB-5034
WARNING - synthesis: c:/users/sna/documents/fpga_code/lattice_sdr_code/creating_nco/sincos_module/sincos_module.v(277): Removing unused instance _33. VDB-5034
WARNING - synthesis: c:/users/sna/documents/fpga_code/lattice_sdr_code/creating_nco/sincos_module/sincos_module.v(279): Removing unused instance _34. VDB-5034
WARNING - synthesis: c:/users/sna/documents/fpga_code/lattice_sdr_code/creating_nco/sincos_module/sincos_module.v(281): Removing unused instance _35. VDB-5034
WARNING - synthesis: c:/users/sna/documents/fpga_code/lattice_sdr_code/creating_nco/sincos_module/sincos_module.v(283): Removing unused instance _36. VDB-5034
WARNING - synthesis: c:/users/sna/documents/fpga_code/lattice_sdr_code/creating_nco/sincos_module/sincos_module.v(285): Removing unused instance _37. VDB-5034
WARNING - synthesis: c:/users/sna/documents/fpga_code/lattice_sdr_code/creating_nco/sincos_module/sincos_module.v(287): Removing unused instance _38. VDB-5034
WARNING - synthesis: c:/users/sna/documents/fpga_code/lattice_sdr_code/creating_nco/sincos_module/sincos_module.v(291): Removing unused instance _39. VDB-5034
WARNING - synthesis: c:/users/sna/documents/fpga_code/lattice_sdr_code/creating_nco/sincos_module/sincos_module.v(295): Removing unused instance _40. VDB-5034
WARNING - synthesis: c:/users/sna/documents/fpga_code/lattice_sdr_code/creating_nco/sincos_module/sincos_module.v(299): Removing unused instance _41. VDB-5034
WARNING - synthesis: c:/users/sna/documents/fpga_code/lattice_sdr_code/creating_nco/sincos_module/sincos_module.v(301): Removing unused instance _42. VDB-5034
WARNING - synthesis: c:/users/sna/documents/fpga_code/lattice_sdr_code/creating_nco/sincos_module/sincos_module.v(303): Removing unused instance _43. VDB-5034
WARNING - synthesis: c:/users/sna/documents/fpga_code/lattice_sdr_code/creating_nco/sincos_module/sincos_module.v(338): Removing unused instance muxb_55_44. VDB-5034
WARNING - synthesis: c:/users/sna/documents/fpga_code/lattice_sdr_code/creating_nco/sincos_module/sincos_module.v(341): Removing unused instance muxb_54_45. VDB-5034
WARNING - synthesis: c:/users/sna/documents/fpga_code/lattice_sdr_code/creating_nco/sincos_module/sincos_module.v(344): Removing unused instance muxb_53_46. VDB-5034
WARNING - synthesis: c:/users/sna/documents/fpga_code/lattice_sdr_code/creating_nco/sincos_module/sincos_module.v(347): Removing unused instance muxb_52_47. VDB-5034
WARNING - synthesis: c:/users/sna/documents/fpga_code/lattice_sdr_code/creating_nco/sincos_module/sincos_module.v(350): Removing unused instance muxb_51_48. VDB-5034
WARNING - synthesis: c:/users/sna/documents/fpga_code/lattice_sdr_code/creating_nco/sincos_module/sincos_module.v(353): Removing unused instance muxb_50_49. VDB-5034
WARNING - synthesis: c:/users/sna/documents/fpga_code/lattice_sdr_code/creating_nco/sincos_module/sincos_module.v(356): Removing unused instance muxb_49_50. VDB-5034
WARNING - synthesis: c:/users/sna/documents/fpga_code/lattice_sdr_code/creating_nco/sincos_module/sincos_module.v(359): Removing unused instance muxb_48_51. VDB-5034
WARNING - synthesis: c:/users/sna/documents/fpga_code/lattice_sdr_code/creating_nco/sincos_module/sincos_module.v(466): Removing unused instance muxb_47_52. VDB-5034
WARNING - synthesis: c:/users/sna/documents/fpga_code/lattice_sdr_code/creating_nco/sincos_module/sincos_module.v(469): Removing unused instance muxb_46_53. VDB-5034
WARNING - synthesis: c:/users/sna/documents/fpga_code/lattice_sdr_code/creating_nco/sincos_module/sincos_module.v(472): Removing unused instance muxb_45_54. VDB-5034
WARNING - synthesis: c:/users/sna/documents/fpga_code/lattice_sdr_code/creating_nco/sincos_module/sincos_module.v(475): Removing unused instance muxb_44_55. VDB-5034
WARNING - synthesis: c:/users/sna/documents/fpga_code/lattice_sdr_code/creating_nco/sincos_module/sincos_module.v(478): Removing unused instance muxb_43_56. VDB-5034
WARNING - synthesis: c:/users/sna/documents/fpga_code/lattice_sdr_code/creating_nco/sincos_module/sincos_module.v(481): Removing unused instance muxb_42_57. VDB-5034
WARNING - synthesis: c:/users/sna/documents/fpga_code/lattice_sdr_code/creating_nco/sincos_module/sincos_module.v(484): Removing unused instance muxb_41_58. VDB-5034
WARNING - synthesis: c:/users/sna/documents/fpga_code/lattice_sdr_code/creating_nco/sincos_module/sincos_module.v(487): Removing unused instance muxb_40_59. VDB-5034
WARNING - synthesis: c:/users/sna/documents/fpga_code/lattice_sdr_code/creating_nco/sincos_module/sincos_module.v(490): Removing unused instance muxb_39_60. VDB-5034
WARNING - synthesis: c:/users/sna/documents/fpga_code/lattice_sdr_code/creating_nco/sincos_module/sincos_module.v(493): Removing unused instance muxb_38_61. VDB-5034
WARNING - synthesis: c:/users/sna/documents/fpga_code/lattice_sdr_code/creating_nco/sincos_module/sincos_module.v(496): Removing unused instance muxb_37_62. VDB-5034
WARNING - synthesis: c:/users/sna/documents/fpga_code/lattice_sdr_code/creating_nco/sincos_module/sincos_module.v(499): Removing unused instance muxb_36_63. VDB-5034
WARNING - synthesis: c:/users/sna/documents/fpga_code/lattice_sdr_code/creating_nco/sincos_module/sincos_module.v(502): Removing unused instance muxb_35_64. VDB-5034
WARNING - synthesis: c:/users/sna/documents/fpga_code/lattice_sdr_code/creating_nco/sincos_module/sincos_module.v(505): Removing unused instance muxb_34_65. VDB-5034
WARNING - synthesis: c:/users/sna/documents/fpga_code/lattice_sdr_code/creating_nco/sincos_module/sincos_module.v(508): Removing unused instance muxb_33_66. VDB-5034
WARNING - synthesis: c:/users/sna/documents/fpga_code/lattice_sdr_code/creating_nco/sincos_module/sincos_module.v(511): Removing unused instance muxb_32_67. VDB-5034
WARNING - synthesis: c:/users/sna/documents/fpga_code/lattice_sdr_code/creating_nco/sincos_module/sincos_module.v(514): Removing unused instance muxb_31_68. VDB-5034
WARNING - synthesis: c:/users/sna/documents/fpga_code/lattice_sdr_code/creating_nco/sincos_module/sincos_module.v(517): Removing unused instance muxb_30_69. VDB-5034
WARNING - synthesis: c:/users/sna/documents/fpga_code/lattice_sdr_code/creating_nco/sincos_module/sincos_module.v(520): Removing unused instance muxb_29_70. VDB-5034
WARNING - synthesis: c:/users/sna/documents/fpga_code/lattice_sdr_code/creating_nco/sincos_module/sincos_module.v(523): Removing unused instance muxb_28_71. VDB-5034
WARNING - synthesis: c:/users/sna/documents/fpga_code/lattice_sdr_code/creating_nco/sincos_module/sincos_module.v(526): Removing unused instance muxb_27_72. VDB-5034
WARNING - synthesis: c:/users/sna/documents/fpga_code/lattice_sdr_code/creating_nco/sincos_module/sincos_module.v(529): Removing unused instance muxb_26_73. VDB-5034
WARNING - synthesis: c:/users/sna/documents/fpga_code/lattice_sdr_code/creating_nco/sincos_module/sincos_module.v(532): Removing unused instance muxb_25_74. VDB-5034
WARNING - synthesis: c:/users/sna/documents/fpga_code/lattice_sdr_code/creating_nco/sincos_module/sincos_module.v(535): Removing unused instance muxb_24_75. VDB-5034
WARNING - synthesis: c:/users/sna/documents/fpga_code/lattice_sdr_code/creating_nco/sincos_module/sincos_module.v(540): Removing unused instance muxb_23_76. VDB-5034
WARNING - synthesis: c:/users/sna/documents/fpga_code/lattice_sdr_code/creating_nco/sincos_module/sincos_module.v(542): Removing unused instance muxb_22_77. VDB-5034
WARNING - synthesis: c:/users/sna/documents/fpga_code/lattice_sdr_code/creating_nco/sincos_module/sincos_module.v(544): Removing unused instance muxb_21_78. VDB-5034
WARNING - synthesis: c:/users/sna/documents/fpga_code/lattice_sdr_code/creating_nco/sincos_module/sincos_module.v(546): Removing unused instance muxb_20_79. VDB-5034
WARNING - synthesis: c:/users/sna/documents/fpga_code/lattice_sdr_code/creating_nco/sincos_module/sincos_module.v(548): Removing unused instance muxb_19_80. VDB-5034
WARNING - synthesis: c:/users/sna/documents/fpga_code/lattice_sdr_code/creating_nco/sincos_module/sincos_module.v(550): Removing unused instance muxb_18_81. VDB-5034
WARNING - synthesis: c:/users/sna/documents/fpga_code/lattice_sdr_code/creating_nco/sincos_module/sincos_module.v(552): Removing unused instance muxb_17_82. VDB-5034
WARNING - synthesis: c:/users/sna/documents/fpga_code/lattice_sdr_code/creating_nco/sincos_module/sincos_module.v(554): Removing unused instance muxb_16_83. VDB-5034
WARNING - synthesis: c:/users/sna/documents/fpga_code/lattice_sdr_code/creating_nco/sincos_module/sincos_module.v(556): Removing unused instance muxb_15_84. VDB-5034
WARNING - synthesis: c:/users/sna/documents/fpga_code/lattice_sdr_code/creating_nco/sincos_module/sincos_module.v(558): Removing unused instance muxb_14_85. VDB-5034
WARNING - synthesis: c:/users/sna/documents/fpga_code/lattice_sdr_code/creating_nco/sincos_module/sincos_module.v(560): Removing unused instance muxb_13_86. VDB-5034
WARNING - synthesis: c:/users/sna/documents/fpga_code/lattice_sdr_code/creating_nco/sincos_module/sincos_module.v(562): Removing unused instance muxb_12_87. VDB-5034
WARNING - synthesis: c:/users/sna/documents/fpga_code/lattice_sdr_code/creating_nco/sincos_module/sincos_module.v(564): Removing unused instance muxb_11_88. VDB-5034
WARNING - synthesis: c:/users/sna/documents/fpga_code/lattice_sdr_code/creating_nco/sincos_module/sincos_module.v(566): Removing unused instance muxb_10_89. VDB-5034
WARNING - synthesis: c:/users/sna/documents/fpga_code/lattice_sdr_code/creating_nco/sincos_module/sincos_module.v(568): Removing unused instance muxb_9_90. VDB-5034
WARNING - synthesis: c:/users/sna/documents/fpga_code/lattice_sdr_code/creating_nco/sincos_module/sincos_module.v(570): Removing unused instance muxb_8_91. VDB-5034
WARNING - synthesis: c:/users/sna/documents/fpga_code/lattice_sdr_code/creating_nco/sincos_module/sincos_module.v(572): Removing unused instance muxb_7_92. VDB-5034
WARNING - synthesis: c:/users/sna/documents/fpga_code/lattice_sdr_code/creating_nco/sincos_module/sincos_module.v(574): Removing unused instance muxb_6_93. VDB-5034
WARNING - synthesis: c:/users/sna/documents/fpga_code/lattice_sdr_code/creating_nco/sincos_module/sincos_module.v(576): Removing unused instance muxb_5_94. VDB-5034
WARNING - synthesis: c:/users/sna/documents/fpga_code/lattice_sdr_code/creating_nco/sincos_module/sincos_module.v(578): Removing unused instance muxb_4_95. VDB-5034
WARNING - synthesis: c:/users/sna/documents/fpga_code/lattice_sdr_code/creating_nco/sincos_module/sincos_module.v(580): Removing unused instance muxb_3_96. VDB-5034
WARNING - synthesis: c:/users/sna/documents/fpga_code/lattice_sdr_code/creating_nco/sincos_module/sincos_module.v(582): Removing unused instance muxb_2_97. VDB-5034
WARNING - synthesis: c:/users/sna/documents/fpga_code/lattice_sdr_code/creating_nco/sincos_module/sincos_module.v(584): Removing unused instance muxb_1_98. VDB-5034
WARNING - synthesis: c:/users/sna/documents/fpga_code/lattice_sdr_code/creating_nco/sincos_module/sincos_module.v(586): Removing unused instance muxb_0_99. VDB-5034
WARNING - synthesis: c:/users/sna/documents/fpga_code/lattice_sdr_code/creating_nco/sincos_module/sincos_module.v(729): Removing unused instance _105. VDB-5034
WARNING - synthesis: c:/users/sna/documents/fpga_code/lattice_sdr_code/creating_nco/sincos_module/sincos_module.v(735): Removing unused instance _106. VDB-5034
WARNING - synthesis: c:/users/sna/documents/fpga_code/lattice_sdr_code/creating_nco/sincos_module/sincos_module.v(741): Removing unused instance _107. VDB-5034
WARNING - synthesis: c:/users/sna/documents/fpga_code/lattice_sdr_code/creating_nco/sincos_module/sincos_module.v(747): Removing unused instance _108. VDB-5034
WARNING - synthesis: c:/users/sna/documents/fpga_code/lattice_sdr_code/creating_nco/sincos_module/sincos_module.v(753): Removing unused instance _109. VDB-5034
WARNING - synthesis: c:/users/sna/documents/fpga_code/lattice_sdr_code/creating_nco/sincos_module/sincos_module.v(759): Removing unused instance _110. VDB-5034
WARNING - synthesis: c:/users/sna/documents/fpga_code/lattice_sdr_code/creating_nco/sincos_module/sincos_module.v(765): Removing unused instance _111. VDB-5034
WARNING - synthesis: c:/users/sna/documents/fpga_code/lattice_sdr_code/creating_nco/sincos_module/sincos_module.v(771): Removing unused instance _112. VDB-5034
WARNING - synthesis: c:/users/sna/documents/fpga_code/lattice_sdr_code/creating_nco/sincos_module/sincos_module.v(777): Removing unused instance _113. VDB-5034
WARNING - synthesis: c:/users/sna/documents/fpga_code/lattice_sdr_code/creating_nco/sincos_module/sincos_module.v(783): Removing unused instance _114. VDB-5034
WARNING - synthesis: c:/users/sna/documents/fpga_code/lattice_sdr_code/creating_nco/sincos_module/sincos_module.v(789): Removing unused instance _115. VDB-5034
WARNING - synthesis: c:/users/sna/documents/fpga_code/lattice_sdr_code/creating_nco/sincos_module/sincos_module.v(795): Removing unused instance _116. VDB-5034
WARNING - synthesis: c:/users/sna/documents/fpga_code/lattice_sdr_code/creating_nco/sincos_module/sincos_module.v(801): Removing unused instance _117. VDB-5034
WARNING - synthesis: c:/users/sna/documents/fpga_code/lattice_sdr_code/creating_nco/sincos_module/sincos_module.v(807): Removing unused instance _118. VDB-5034
WARNING - synthesis: c:/users/sna/documents/fpga_code/lattice_sdr_code/creating_nco/sincos_module/sincos_module.v(813): Removing unused instance _119. VDB-5034
WARNING - synthesis: c:/users/sna/documents/fpga_code/lattice_sdr_code/creating_nco/sincos_module/sincos_module.v(819): Removing unused instance _120. VDB-5034
WARNING - synthesis: c:/users/sna/documents/fpga_code/lattice_sdr_code/creating_nco/sincos_module/sincos_module.v(825): Removing unused instance _121. VDB-5034
WARNING - synthesis: c:/users/sna/documents/fpga_code/lattice_sdr_code/creating_nco/sincos_module/sincos_module.v(831): Removing unused instance _122. VDB-5034
WARNING - synthesis: c:/users/sna/documents/fpga_code/lattice_sdr_code/creating_nco/sincos_module/sincos_module.v(837): Removing unused instance _123. VDB-5034
WARNING - synthesis: c:/users/sna/documents/fpga_code/lattice_sdr_code/creating_nco/sincos_module/sincos_module.v(843): Removing unused instance _124. VDB-5034
WARNING - synthesis: c:/users/sna/documents/fpga_code/lattice_sdr_code/creating_nco/sincos_module/sincos_module.v(849): Removing unused instance _125. VDB-5034
WARNING - synthesis: c:/users/sna/documents/fpga_code/lattice_sdr_code/creating_nco/sincos_module/sincos_module.v(855): Removing unused instance _126. VDB-5034
WARNING - synthesis: c:/users/sna/documents/fpga_code/lattice_sdr_code/creating_nco/sincos_module/sincos_module.v(861): Removing unused instance _127. VDB-5034
WARNING - synthesis: c:/users/sna/documents/fpga_code/lattice_sdr_code/creating_nco/sincos_module/sincos_module.v(867): Removing unused instance _141. VDB-5034
######## Missing driver on net n242. Patching with GND.
######## Missing driver on net n241. Patching with GND.
######## Missing driver on net n243. Patching with GND.



######## GSR will not be inferred in an NGO flow, unless force_gsr=yes.
WARNING - synthesis: There are no design constraints in the file SinCos_Module_for_lpf.sdc
Writing LPF file C:/Users/SNA/Documents/FPGA_code/lattice_sdr_code/creating_nco/SinCos_Module/SinCos_Module.lpf.
Results of NGD DRC are available in SinCos_Module_drc.log.
WARNING - synthesis: DRC checking was skipped because the -ngo option was used.
Writing NGD file C:/Users/SNA/Documents/FPGA_code/lattice_sdr_code/creating_nco/SinCos_Module/SinCos_Module.ngo.

################### Begin Area Report (SinCos_Module)######################
Number of register bits => 61 of 84255 (0 % )
AND2 => 1
CCU2C => 19
FD1P3DX => 61
GSR => 1
INV => 33
MUX21 => 56
ROM16X1A => 3
ROM256X1A => 24
XOR2 => 1
################### End Area Report ##################

################### Begin Clock Report ######################
Clock Nets
Number of Clocks: 0
Clock Enable Nets
Number of Clock Enables: 0
Top 0 highest fanout Clock Enables:
Highest fanout non-clock nets
Top 10 highest fanout non-clock nets:
  Net : rom_addr0_r_8, loads : 25
  Net : rom_addr0_r_9, loads : 25
  Net : rom_addr0_r_10, loads : 25
  Net : rom_addr0_r_11, loads : 25
  Net : rom_addr0_r_12, loads : 25
  Net : rom_addr0_r_13, loads : 25
  Net : rom_addr0_r_14, loads : 25
  Net : rom_addr0_r_15, loads : 25
  Net : out_sel, loads : 24
  Net : sinromoutsel, loads : 12
################### End Clock Report ##################

Timing Report Summary
--------------
--------------------------------------------------------------------------------
Constraint                              |   Constraint|       Actual|Levels
--------------------------------------------------------------------------------
                                        |             |             |
create_clock -period 5.000000 -name     |             |             |
clk500 [get_nets Clock]                 |  200.000 MHz|   96.815 MHz|    12 *
                                        |             |             |
--------------------------------------------------------------------------------


1 constraints not met.


Peak Memory Usage: 115.840  MB

--------------------------------------------------------------
Elapsed CPU time for LSE flow : 0.453  secs
--------------------------------------------------------------
