Starting process: 

Configuration data saved


SCUBA, Version Diamond (64-bit) 3.14.0.75.2
Thu Jan 08 03:04:18 2026

Copyright (c) 1991-1994 by NeoCAD Inc. All rights reserved.
Copyright (c) 1995 AT&T Corp.   All rights reserved.
Copyright (c) 1995-2001 Lucent Technologies Inc.  All rights reserved.
Copyright (c) 2001 Agere Systems   All rights reserved.
Copyright (c) 2002-2024 Lattice Semiconductor Corporation,  All rights reserved.

BEGIN SCUBA Module Synthesis

    Issued command   : C:\lscc\diamond\3.14\ispfpga\bin\nt64\scuba.exe -w -n mult_m -lang verilog -synth lse -bus_exp 7 -bb -arch sa5p00g -type dspmult -simple_portname -pfu_mult -widtha 10 -widthb 4 -widthp 14 -signed -PL_stages 1 -input_reg -output_reg -clk0 -ce0 -rst0 
    Circuit name     : mult_m
    Module type      : dspmult_a
    Module Version   : 4.9
    Ports            : 
	Inputs       : Clock, ClkEn, Aclr, DataA[9:0], DataB[3:0]
	Outputs      : Result[13:0]
    I/O buffer       : not inserted
    EDIF output      : mult_m.edn
    Verilog output   : mult_m.v
    Verilog template : mult_m_tmpl.v
    Verilog testbench: tb_mult_m_tmpl.v
    Verilog purpose  : for synthesis and simulation
    Bus notation     : big endian
    Report output    : mult_m.srp
    Estimated Resource Usage:
            LUT : 56
            Reg : 52

END   SCUBA Module Synthesis

File: mult_m.lpc created.


End process: completed successfully.


Total Warnings:  0

Total Errors:  0


