
synthesis -f "mySDR_fpga_impl1_lattice.synproj"
synthesis:  version Diamond (64-bit) 3.14.0.75.2

Copyright (c) 1991-1994 by NeoCAD Inc. All rights reserved.
Copyright (c) 1995 AT&T Corp.   All rights reserved.
Copyright (c) 1995-2001 Lucent Technologies Inc.  All rights reserved.
Copyright (c) 2001 Agere Systems   All rights reserved.
Copyright (c) 2002-2024 Lattice Semiconductor Corporation,  All rights reserved.
Tue Dec 30 04:03:29 2025


Command Line:  synthesis -f mySDR_fpga_impl1_lattice.synproj -gui -msgset C:/Users/SNA/Documents/FPGA_code/lattice_sdr_code/promote.xml 

    <postMsg mid="35002000" type="Info"    dynamic="0" navigation="0"  />
Synthesis options:
The -a option is ECP5UM5G.
The -s option is 8.
The -t option is CABGA381.
The -d option is LFE5UM5G-85F.
Using package CABGA381.
Using performance grade 8.
                                                          

##########################################################

### Lattice Family : ECP5UM5G

### Device  : LFE5UM5G-85F

### Package : CABGA381

### Speed   : 8

##########################################################

                                                          

    <postMsg mid="35001781" type="Info"    dynamic="0" navigation="0"  />
Optimization goal = Timing
Top-level module name = top_module.
Target frequency = 200.000000 MHz.
Maximum fanout = 1000.
Timing path count = 3
BRAM utilization = 100.000000 %
DSP usage = true
DSP utilization = 100.000000 %
fsm_encoding_style = auto
resolve_mixed_drivers = 0
fix_gated_clocks = 1

Mux style = Auto
Use Carry Chain = true
carry_chain_length = 0
Loop Limit = 1950.
Use IO Insertion = TRUE
Use IO Reg = AUTO

Resource Sharing = TRUE
Propagate Constants = TRUE
Remove Duplicate Registers = TRUE
force_gsr = auto
ROM style = auto
RAM style = auto
The -comp option is FALSE.
The -syn option is FALSE.
-p C:/Users/SNA/Documents/FPGA_code/lattice_sdr_code (searchpath added)
-p C:/lscc/diamond/3.14/ispfpga/sa5p00g/data (searchpath added)
-p C:/Users/SNA/Documents/FPGA_code/lattice_sdr_code/impl1 (searchpath added)
-p C:/Users/SNA/Documents/FPGA_code/lattice_sdr_code (searchpath added)
Verilog design file = C:/Users/SNA/Documents/FPGA_code/lattice_sdr_code/src/top_module.v
Verilog design file = C:/Users/SNA/Documents/FPGA_code/lattice_sdr_code/src/local_oscillator.v
Verilog design file = C:/Users/SNA/Documents/FPGA_code/lattice_sdr_code/src/IQSerializer.v
Verilog design file = C:/Users/SNA/Documents/FPGA_code/lattice_sdr_code/src/DEDFF.v
Verilog design file = C:/Users/SNA/Documents/FPGA_code/lattice_sdr_code/src/clockDivider.v
Verilog design file = C:/Users/SNA/Documents/FPGA_code/lattice_sdr_code/src/packetGenerator.v
Verilog design file = C:/Users/SNA/Documents/FPGA_code/lattice_sdr_code/src/packetCounter.v
Verilog design file = C:/Users/SNA/Documents/FPGA_code/lattice_sdr_code/src/FSKModulator.v
Verilog design file = C:/Users/SNA/Documents/FPGA_code/lattice_sdr_code/src/ble_packet.v
Verilog design file = C:/Users/SNA/Documents/FPGA_code/lattice_sdr_code/src/cosModule.v
Verilog design file = C:/Users/SNA/Documents/FPGA_code/lattice_sdr_code/src/sinModule.v
NGD file = mySDR_fpga_impl1.ngd
-sdc option: SDC file input not used.
-lpf option: Output file option is ON.
Hardtimer checking is enabled (default). The -dt option is not used.
The -r option is OFF. [ Remove LOC Properties is OFF. ]
Technology check ok...

Analyzing Verilog file C:/lscc/diamond/3.14/ispfpga/userware/NT/SYNTHESIS_HEADERS/ecp5um.v. VERI-1482
Compile design.
Compile Design Begin
Analyzing Verilog file c:/users/sna/documents/fpga_code/lattice_sdr_code/src/top_module.v. VERI-1482
    <postMsg mid="35901328" type="Info"    dynamic="2" navigation="2" arg0="c:/users/sna/documents/fpga_code/lattice_sdr_code/src/top_module.v(1): " arg1="c:/users/sna/documents/fpga_code/lattice_sdr_code/src/bleDefines.v" arg2="c:/users/sna/documents/fpga_code/lattice_sdr_code/src/top_module.v" arg3="1"  />
    <postMsg mid="35901328" type="Info"    dynamic="2" navigation="2" arg0="c:/users/sna/documents/fpga_code/lattice_sdr_code/src/top_module.v(2): " arg1="c:/users/sna/documents/fpga_code/lattice_sdr_code/src/radioDefines.v" arg2="c:/users/sna/documents/fpga_code/lattice_sdr_code/src/top_module.v" arg3="2"  />
Analyzing Verilog file c:/users/sna/documents/fpga_code/lattice_sdr_code/src/local_oscillator.v. VERI-1482
    <postMsg mid="35901328" type="Info"    dynamic="2" navigation="2" arg0="c:/users/sna/documents/fpga_code/lattice_sdr_code/src/local_oscillator.v(2): " arg1="c:/users/sna/documents/fpga_code/lattice_sdr_code/src/defines.v" arg2="c:/users/sna/documents/fpga_code/lattice_sdr_code/src/local_oscillator.v" arg3="2"  />
Analyzing Verilog file c:/users/sna/documents/fpga_code/lattice_sdr_code/src/iqserializer.v. VERI-1482
    <postMsg mid="35901328" type="Info"    dynamic="2" navigation="2" arg0="c:/users/sna/documents/fpga_code/lattice_sdr_code/src/iqserializer.v(1): " arg1="c:/users/sna/documents/fpga_code/lattice_sdr_code/src/radioDefines.v" arg2="c:/users/sna/documents/fpga_code/lattice_sdr_code/src/iqserializer.v" arg3="1"  />
Analyzing Verilog file c:/users/sna/documents/fpga_code/lattice_sdr_code/src/dedff.v. VERI-1482
Analyzing Verilog file c:/users/sna/documents/fpga_code/lattice_sdr_code/src/clockdivider.v. VERI-1482
Analyzing Verilog file c:/users/sna/documents/fpga_code/lattice_sdr_code/src/packetgenerator.v. VERI-1482
    <postMsg mid="35901328" type="Info"    dynamic="2" navigation="2" arg0="c:/users/sna/documents/fpga_code/lattice_sdr_code/src/packetgenerator.v(1): " arg1="c:/users/sna/documents/fpga_code/lattice_sdr_code/src/bleDefines.v" arg2="c:/users/sna/documents/fpga_code/lattice_sdr_code/src/packetgenerator.v" arg3="1"  />
Analyzing Verilog file c:/users/sna/documents/fpga_code/lattice_sdr_code/src/packetcounter.v. VERI-1482
    <postMsg mid="35901328" type="Info"    dynamic="2" navigation="2" arg0="c:/users/sna/documents/fpga_code/lattice_sdr_code/src/packetcounter.v(1): " arg1="c:/users/sna/documents/fpga_code/lattice_sdr_code/src/bleDefines.v" arg2="c:/users/sna/documents/fpga_code/lattice_sdr_code/src/packetcounter.v" arg3="1"  />
Analyzing Verilog file c:/users/sna/documents/fpga_code/lattice_sdr_code/src/fskmodulator.v. VERI-1482
    <postMsg mid="35901328" type="Info"    dynamic="2" navigation="2" arg0="c:/users/sna/documents/fpga_code/lattice_sdr_code/src/fskmodulator.v(2): " arg1="c:/users/sna/documents/fpga_code/lattice_sdr_code/src/radioDefines.v" arg2="c:/users/sna/documents/fpga_code/lattice_sdr_code/src/fskmodulator.v" arg3="2"  />
    <postMsg mid="35901328" type="Info"    dynamic="2" navigation="2" arg0="c:/users/sna/documents/fpga_code/lattice_sdr_code/src/fskmodulator.v(3): " arg1="c:/users/sna/documents/fpga_code/lattice_sdr_code/src/bleDefines.v" arg2="c:/users/sna/documents/fpga_code/lattice_sdr_code/src/fskmodulator.v" arg3="3"  />
Analyzing Verilog file c:/users/sna/documents/fpga_code/lattice_sdr_code/src/ble_packet.v. VERI-1482
Analyzing Verilog file c:/users/sna/documents/fpga_code/lattice_sdr_code/src/cosmodule.v. VERI-1482
    <postMsg mid="35901328" type="Info"    dynamic="2" navigation="2" arg0="c:/users/sna/documents/fpga_code/lattice_sdr_code/src/cosmodule.v(1): " arg1="c:/users/sna/documents/fpga_code/lattice_sdr_code/src/bleDefines.v" arg2="c:/users/sna/documents/fpga_code/lattice_sdr_code/src/cosmodule.v" arg3="1"  />
Analyzing Verilog file c:/users/sna/documents/fpga_code/lattice_sdr_code/src/sinmodule.v. VERI-1482
    <postMsg mid="35901328" type="Info"    dynamic="2" navigation="2" arg0="c:/users/sna/documents/fpga_code/lattice_sdr_code/src/sinmodule.v(1): " arg1="c:/users/sna/documents/fpga_code/lattice_sdr_code/src/bleDefines.v" arg2="c:/users/sna/documents/fpga_code/lattice_sdr_code/src/sinmodule.v" arg3="1"  />
Analyzing Verilog file C:/lscc/diamond/3.14/ispfpga/userware/NT/SYNTHESIS_HEADERS/ecp5um.v. VERI-1482
Top module name (Verilog): top_module
    <postMsg mid="35901018" type="Info"    dynamic="2" navigation="2" arg0="c:/users/sna/documents/fpga_code/lattice_sdr_code/src/top_module.v(7): " arg1="top_module" arg2="c:/users/sna/documents/fpga_code/lattice_sdr_code/src/top_module.v" arg3="7"  />
    <postMsg mid="35901018" type="Info"    dynamic="2" navigation="2" arg0="c:/users/sna/documents/fpga_code/lattice_sdr_code/src/clockdivider.v(1): " arg1="clockDivider" arg2="c:/users/sna/documents/fpga_code/lattice_sdr_code/src/clockdivider.v" arg3="1"  />
    <postMsg mid="35901018" type="Info"    dynamic="2" navigation="2" arg0="c:/users/sna/documents/fpga_code/lattice_sdr_code/src/packetcounter.v(6): " arg1="packetCounter" arg2="c:/users/sna/documents/fpga_code/lattice_sdr_code/src/packetcounter.v" arg3="6"  />
    <postMsg mid="35901018" type="Info"    dynamic="2" navigation="2" arg0="c:/users/sna/documents/fpga_code/lattice_sdr_code/src/packetgenerator.v(3): " arg1="packetGenerator" arg2="c:/users/sna/documents/fpga_code/lattice_sdr_code/src/packetgenerator.v" arg3="3"  />
    <postMsg mid="35901018" type="Info"    dynamic="2" navigation="2" arg0="c:/users/sna/documents/fpga_code/lattice_sdr_code/src/ble_packet.v(1): " arg1="ble_packet" arg2="c:/users/sna/documents/fpga_code/lattice_sdr_code/src/ble_packet.v" arg3="1"  />
    <postMsg mid="35901018" type="Info"    dynamic="2" navigation="2" arg0="c:/users/sna/documents/fpga_code/lattice_sdr_code/src/fskmodulator.v(5): " arg1="FSKModulator" arg2="c:/users/sna/documents/fpga_code/lattice_sdr_code/src/fskmodulator.v" arg3="5"  />
    <postMsg mid="35901018" type="Info"    dynamic="2" navigation="2" arg0="c:/users/sna/documents/fpga_code/lattice_sdr_code/src/sinmodule.v(3): " arg1="sinModule" arg2="c:/users/sna/documents/fpga_code/lattice_sdr_code/src/sinmodule.v" arg3="3"  />
    <postMsg mid="35901018" type="Info"    dynamic="2" navigation="2" arg0="c:/users/sna/documents/fpga_code/lattice_sdr_code/src/cosmodule.v(3): " arg1="cosModule" arg2="c:/users/sna/documents/fpga_code/lattice_sdr_code/src/cosmodule.v" arg3="3"  />
    <postMsg mid="35901018" type="Info"    dynamic="2" navigation="2" arg0="c:/users/sna/documents/fpga_code/lattice_sdr_code/src/iqserializer.v(3): " arg1="IQSerializer" arg2="c:/users/sna/documents/fpga_code/lattice_sdr_code/src/iqserializer.v" arg3="3"  />
    <postMsg mid="35901018" type="Info"    dynamic="2" navigation="2" arg0="c:/users/sna/documents/fpga_code/lattice_sdr_code/src/dedff.v(1): " arg1="DEDFF" arg2="c:/users/sna/documents/fpga_code/lattice_sdr_code/src/dedff.v" arg3="1"  />
Last elaborated design is top_module()
Loading NGL library 'C:/lscc/diamond/3.14/ispfpga/sa5p00m/data/sa5mlib.ngl'...
Loading NGL library 'C:/lscc/diamond/3.14/ispfpga/sa5p00/data/sa5plib.ngl'...
Loading NGL library 'C:/lscc/diamond/3.14/ispfpga/xo2c00/data/xo2clib.ngl'...
Loading NGL library 'C:/lscc/diamond/3.14/ispfpga/mg5g00/data/mg5glib.ngl'...
Loading NGL library 'C:/lscc/diamond/3.14/ispfpga/or5g00/data/orc5glib.ngl'...
Loading device for application map from file 'sa5p85m.nph' in environment: C:/lscc/diamond/3.14/ispfpga.
Package Status:                     Final          Version 1.43.
Top-level module name = top_module.
    <postMsg mid="35002005" type="Warning" dynamic="1" navigation="0" arg0="rxd09"  />
    <postMsg mid="35001774" type="Info"    dynamic="2" navigation="0" arg0="\fskModule_0/cos_phase" arg1="one-hot"  />
original encoding -> new encoding (one-hot encoding)

 000 -> 00000001

 001 -> 00000010

 010 -> 00000100

 011 -> 00001000

 100 -> 00010000

 101 -> 00100000

 110 -> 01000000

 111 -> 10000000

    <postMsg mid="35001774" type="Info"    dynamic="2" navigation="0" arg0="\packetGen_0/current_state" arg1="one-hot"  />
original encoding -> new encoding (one-hot encoding)

 0000 -> 0001

 0001 -> 0010

 0010 -> 0100

 0011 -> 1000

    <postMsg mid="35001774" type="Info"    dynamic="2" navigation="0" arg0="\IQSerializer_0/current_state" arg1="one-hot"  />
original encoding -> new encoding (one-hot encoding)

 0000 -> 00001

 0010 -> 00010

 0011 -> 00100

 0100 -> 01000

 0101 -> 10000




    <postMsg mid="35001747" type="Warning" dynamic="2" navigation="0" arg0="1" arg1="\IQSerializer_0/current_state_FSM"  />
    <postMsg mid="35002005" type="Warning" dynamic="1" navigation="0" arg0="rxd09"  />
    <postMsg mid="35935013" type="Warning" dynamic="2" navigation="2" arg0="c:/users/sna/documents/fpga_code/lattice_sdr_code/src/iqserializer.v(88): " arg1="\IQSerializer_0/QCounter_412__i0" arg2="c:/users/sna/documents/fpga_code/lattice_sdr_code/src/iqserializer.v" arg3="88"  />
    <postMsg mid="35935013" type="Warning" dynamic="2" navigation="2" arg0="c:/users/sna/documents/fpga_code/lattice_sdr_code/src/iqserializer.v(85): " arg1="\IQSerializer_0/ICounter_407__i0" arg2="c:/users/sna/documents/fpga_code/lattice_sdr_code/src/iqserializer.v" arg3="85"  />
Duplicate register/latch removal. \fskModule_0/FSK_Q__i3 is a one-to-one match with \fskModule_0/FSK_Q__i1.
Duplicate register/latch removal. \fskModule_0/FSK_Q__i2 is a one-to-one match with \fskModule_0/FSK_Q__i3.
Duplicate register/latch removal. \fskModule_0/FSK_I__i11 is a one-to-one match with \fskModule_0/FSK_I__i6.
Duplicate register/latch removal. \fskModule_0/FSK_I__i10 is a one-to-one match with \fskModule_0/FSK_I__i5.
Duplicate register/latch removal. \fskModule_0/FSK_I__i9 is a one-to-one match with \fskModule_0/FSK_I__i8.
Duplicate register/latch removal. \fskModule_0/FSK_I__i7 is a one-to-one match with \fskModule_0/FSK_I__i10.
Duplicate register/latch removal. \fskModule_0/FSK_I__i3 is a one-to-one match with \fskModule_0/FSK_I__i1.
Duplicate register/latch removal. \fskModule_0/FSK_I__i2 is a one-to-one match with \fskModule_0/FSK_I__i3.
Duplicate register/latch removal. \fskModule_0/FSK_I__i11 is a one-to-one match with \fskModule_0/FSK_I__i9.
Duplicate register/latch removal. \fskModule_0/FSK_Q__i11 is a one-to-one match with \fskModule_0/FSK_Q__i6.
Duplicate register/latch removal. \fskModule_0/FSK_Q__i9 is a one-to-one match with \fskModule_0/FSK_Q__i8.
Duplicate register/latch removal. \fskModule_0/FSK_Q__i11 is a one-to-one match with \fskModule_0/FSK_Q__i9.
Duplicate register/latch removal. \fskModule_0/FSK_Q__i10 is a one-to-one match with \fskModule_0/FSK_Q__i5.
Duplicate register/latch removal. \fskModule_0/FSK_Q__i7 is a one-to-one match with \fskModule_0/FSK_Q__i10.
GSR instance connected to net clkDivider_lock.
Applying 200.000000 MHz constraint to all clocks

    <postMsg mid="35001783" type="Warning" dynamic="1" navigation="0" arg0="\packetGen_0/data_I_0"  />
    <postMsg mid="35001783" type="Warning" dynamic="1" navigation="0" arg0="\clockDivider_0/clkLock_I_0_reset"  />
    <postMsg mid="35001783" type="Warning" dynamic="1" navigation="0" arg0="\clockDivider_0/clkLock_I_0_set"  />
    <postMsg mid="35001783" type="Warning" dynamic="1" navigation="0" arg0="i909"  />
    <postMsg mid="35001611" type="Warning" dynamic="0" navigation="0"  />
Results of NGD DRC are available in top_module_drc.log.
Loading NGL library 'C:/lscc/diamond/3.14/ispfpga/sa5p00m/data/sa5mlib.ngl'...
Loading NGL library 'C:/lscc/diamond/3.14/ispfpga/sa5p00/data/sa5plib.ngl'...
Loading NGL library 'C:/lscc/diamond/3.14/ispfpga/xo2c00/data/xo2clib.ngl'...
Loading NGL library 'C:/lscc/diamond/3.14/ispfpga/mg5g00/data/mg5glib.ngl'...
Loading NGL library 'C:/lscc/diamond/3.14/ispfpga/or5g00/data/orc5glib.ngl'...


Running DRC...

    <postMsg mid="1166052" type="Warning" dynamic="2" navigation="1" arg0="logical" arg1="rxd09" arg2="rxd09"  />
    <postMsg mid="1166064" type="Warning" dynamic="2" navigation="0" arg0="input" arg1="rxd09"  />
    <postMsg mid="1163101" type="Warning" dynamic="1" navigation="0" arg0="2"  />

Design Results:
    382 blocks expanded
completed the first expansion
All blocks are expanded and NGD expansion is successful.
Writing NGD file mySDR_fpga_impl1.ngd.

################### Begin Area Report (top_module)######################
Number of register bits => 146 of 84255 (0 % )
CCU2C => 76
FD1P3IX => 10
FD1S3AX => 30
FD1S3IX => 91
FD1S3JX => 15
GSR => 1
IB => 2
INV => 2
LUT4 => 136
OB => 10
PFUMX => 5
ROM256X1A => 1
################### End Area Report ##################

################### Begin Clock Report ######################
Clock Nets
Number of Clocks: 2
  Net : clockDivider_0/clkDivider_clko, loads : 55
  Net : top_clk_c, loads : 47
Clock Enable Nets
Number of Clock Enables: 3
Top 3 highest fanout Clock Enables:
  Net : packetGen_0/clkDivider_clko_enable_10, loads : 8
  Net : clkDivider_clko_enable_1, loads : 1
  Net : fskModule_0/clkDivider_clko_enable_3, loads : 1
Highest fanout non-clock nets
Top 10 highest fanout non-clock nets:
  Net : clockDivider_0/clk_N_172, loads : 25
  Net : clockDivider_0/n1926, loads : 25
  Net : packetGen_0/n3209, loads : 22
  Net : clk_N_317, loads : 22
  Net : fskModule_0/sampleCount_1, loads : 15
  Net : fskModule_0/sampleCount_0, loads : 15
  Net : fskModule_0/n2767, loads : 13
  Net : packetGen_0/n3216, loads : 13
  Net : packetGen_0/next_state_3__N_151, loads : 11
  Net : IQSerializer_0/n1925, loads : 10
################### End Clock Report ##################

Timing Report Summary
--------------
--------------------------------------------------------------------------------
Constraint                              |   Constraint|       Actual|Levels
--------------------------------------------------------------------------------
                                        |             |             |
create_clock -period 5.000000 -name     |             |             |
clk1 [get_nets top_clk_c]               |  200.000 MHz|   82.129 MHz|     5 *
                                        |             |             |
create_clock -period 5.000000 -name     |             |             |
clk0 [get_nets clkDivider_clko]         |  200.000 MHz|   95.166 MHz|     5 *
                                        |             |             |
--------------------------------------------------------------------------------


2 constraints not met.


Peak Memory Usage: 124.305  MB

--------------------------------------------------------------
Elapsed CPU time for LSE flow : 0.844  secs
--------------------------------------------------------------

map -a "ECP5UM5G" -p LFE5UM5G-85F -t CABGA381 -s 8 -oc Industrial   "mySDR_fpga_impl1.ngd" -o "mySDR_fpga_impl1_map.ncd" -pr "mySDR_fpga_impl1.prf" -mp "mySDR_fpga_impl1.mrp" -lpf "C:/Users/SNA/Documents/FPGA_code/lattice_sdr_code/impl1/mySDR_fpga_impl1.lpf" -lpf "C:/Users/SNA/Documents/FPGA_code/lattice_sdr_code/mySDR_fpga.lpf"             
map:  version Diamond (64-bit) 3.14.0.75.2

Copyright (c) 1991-1994 by NeoCAD Inc. All rights reserved.
Copyright (c) 1995 AT&T Corp.   All rights reserved.
Copyright (c) 1995-2001 Lucent Technologies Inc.  All rights reserved.
Copyright (c) 2001 Agere Systems   All rights reserved.
Copyright (c) 2002-2024 Lattice Semiconductor Corporation,  All rights reserved.
   Process the file: mySDR_fpga_impl1.ngd
   Picdevice="LFE5UM5G-85F"

   Pictype="CABGA381"

   Picspeed=8

   Remove unused logic

   Do not produce over sized NCDs.

Part used: LFE5UM5G-85FCABGA381, Performance used: 8.

    <postMsg mid="1100644" type="Warning" dynamic="2" navigation="2" arg0="C:/Users/SNA/Documents/FPGA_code/lattice_sdr_code/mySDR_fpga.lpf(4): Semantic error in &quot;IOBUF PORT &quot;mixed_output[0]&quot; IO_TYPE=LVDS ;&quot;: " arg1="mixed_output[0]" arg2="C:/Users/SNA/Documents/FPGA_code/lattice_sdr_code/mySDR_fpga.lpf" arg3="4"  />
    <postMsg mid="1100644" type="Warning" dynamic="2" navigation="2" arg0="C:/Users/SNA/Documents/FPGA_code/lattice_sdr_code/mySDR_fpga.lpf(5): Semantic error in &quot;IOBUF PORT &quot;mixed_output[1]&quot; IO_TYPE=LVDS ;&quot;: " arg1="mixed_output[1]" arg2="C:/Users/SNA/Documents/FPGA_code/lattice_sdr_code/mySDR_fpga.lpf" arg3="5"  />
    <postMsg mid="1100644" type="Warning" dynamic="2" navigation="2" arg0="C:/Users/SNA/Documents/FPGA_code/lattice_sdr_code/mySDR_fpga.lpf(6): Semantic error in &quot;IOBUF PORT &quot;mixed_output[2]&quot; IO_TYPE=LVDS ;&quot;: " arg1="mixed_output[2]" arg2="C:/Users/SNA/Documents/FPGA_code/lattice_sdr_code/mySDR_fpga.lpf" arg3="6"  />
    <postMsg mid="1100644" type="Warning" dynamic="2" navigation="2" arg0="C:/Users/SNA/Documents/FPGA_code/lattice_sdr_code/mySDR_fpga.lpf(7): Semantic error in &quot;IOBUF PORT &quot;mixed_output[3]&quot; IO_TYPE=LVDS ;&quot;: " arg1="mixed_output[3]" arg2="C:/Users/SNA/Documents/FPGA_code/lattice_sdr_code/mySDR_fpga.lpf" arg3="7"  />
    <postMsg mid="1100644" type="Warning" dynamic="2" navigation="2" arg0="C:/Users/SNA/Documents/FPGA_code/lattice_sdr_code/mySDR_fpga.lpf(8): Semantic error in &quot;IOBUF PORT &quot;mixed_output[4]&quot; IO_TYPE=LVDS ;&quot;: " arg1="mixed_output[4]" arg2="C:/Users/SNA/Documents/FPGA_code/lattice_sdr_code/mySDR_fpga.lpf" arg3="8"  />
    <postMsg mid="1100644" type="Warning" dynamic="2" navigation="2" arg0="C:/Users/SNA/Documents/FPGA_code/lattice_sdr_code/mySDR_fpga.lpf(9): Semantic error in &quot;IOBUF PORT &quot;mixed_output[5]&quot; IO_TYPE=LVDS ;&quot;: " arg1="mixed_output[5]" arg2="C:/Users/SNA/Documents/FPGA_code/lattice_sdr_code/mySDR_fpga.lpf" arg3="9"  />
    <postMsg mid="1100644" type="Warning" dynamic="2" navigation="2" arg0="C:/Users/SNA/Documents/FPGA_code/lattice_sdr_code/mySDR_fpga.lpf(10): Semantic error in &quot;IOBUF PORT &quot;mixed_output[6]&quot; IO_TYPE=LVDS ;&quot;: " arg1="mixed_output[6]" arg2="C:/Users/SNA/Documents/FPGA_code/lattice_sdr_code/mySDR_fpga.lpf" arg3="10"  />
    <postMsg mid="1100644" type="Warning" dynamic="2" navigation="2" arg0="C:/Users/SNA/Documents/FPGA_code/lattice_sdr_code/mySDR_fpga.lpf(11): Semantic error in &quot;IOBUF PORT &quot;mixed_output[7]&quot; IO_TYPE=LVDS ;&quot;: " arg1="mixed_output[7]" arg2="C:/Users/SNA/Documents/FPGA_code/lattice_sdr_code/mySDR_fpga.lpf" arg3="11"  />
    <postMsg mid="1100644" type="Warning" dynamic="2" navigation="2" arg0="C:/Users/SNA/Documents/FPGA_code/lattice_sdr_code/mySDR_fpga.lpf(12): Semantic error in &quot;IOBUF PORT &quot;mixed_output[8]&quot; IO_TYPE=LVDS ;&quot;: " arg1="mixed_output[8]" arg2="C:/Users/SNA/Documents/FPGA_code/lattice_sdr_code/mySDR_fpga.lpf" arg3="12"  />
    <postMsg mid="1100644" type="Warning" dynamic="2" navigation="2" arg0="C:/Users/SNA/Documents/FPGA_code/lattice_sdr_code/mySDR_fpga.lpf(13): Semantic error in &quot;IOBUF PORT &quot;mixed_output[9]&quot; IO_TYPE=LVDS ;&quot;: " arg1="mixed_output[9]" arg2="C:/Users/SNA/Documents/FPGA_code/lattice_sdr_code/mySDR_fpga.lpf" arg3="13"  />
    <postMsg mid="1100644" type="Warning" dynamic="2" navigation="2" arg0="C:/Users/SNA/Documents/FPGA_code/lattice_sdr_code/mySDR_fpga.lpf(14): Semantic error in &quot;IOBUF PORT &quot;mixed_output[10]&quot; IO_TYPE=LVDS ;&quot;: " arg1="mixed_output[10]" arg2="C:/Users/SNA/Documents/FPGA_code/lattice_sdr_code/mySDR_fpga.lpf" arg3="14"  />
    <postMsg mid="1100644" type="Warning" dynamic="2" navigation="2" arg0="C:/Users/SNA/Documents/FPGA_code/lattice_sdr_code/mySDR_fpga.lpf(15): Semantic error in &quot;IOBUF PORT &quot;mixed_output[11]&quot; IO_TYPE=LVDS ;&quot;: " arg1="mixed_output[11]" arg2="C:/Users/SNA/Documents/FPGA_code/lattice_sdr_code/mySDR_fpga.lpf" arg3="15"  />
    <postMsg mid="1100644" type="Warning" dynamic="2" navigation="2" arg0="C:/Users/SNA/Documents/FPGA_code/lattice_sdr_code/mySDR_fpga.lpf(16): Semantic error in &quot;IOBUF PORT &quot;mixed_output[12]&quot; IO_TYPE=LVDS ;&quot;: " arg1="mixed_output[12]" arg2="C:/Users/SNA/Documents/FPGA_code/lattice_sdr_code/mySDR_fpga.lpf" arg3="16"  />
    <postMsg mid="1100679" type="Warning" dynamic="2" navigation="2" arg0="C:/Users/SNA/Documents/FPGA_code/lattice_sdr_code/mySDR_fpga.lpf(19): Semantic error in &quot;LOCATE COMP &quot;clk&quot; SITE &quot;F1&quot; ;&quot;: " arg1="clk" arg2="C:/Users/SNA/Documents/FPGA_code/lattice_sdr_code/mySDR_fpga.lpf" arg3="19"  />
    <postMsg mid="1100644" type="Warning" dynamic="2" navigation="2" arg0="C:/Users/SNA/Documents/FPGA_code/lattice_sdr_code/mySDR_fpga.lpf(20): Semantic error in &quot;IOBUF PORT &quot;clk&quot; IO_TYPE=LVCMOS25 ;&quot;: " arg1="clk" arg2="C:/Users/SNA/Documents/FPGA_code/lattice_sdr_code/mySDR_fpga.lpf" arg3="20"  />
    <postMsg mid="1100679" type="Warning" dynamic="2" navigation="2" arg0="C:/Users/SNA/Documents/FPGA_code/lattice_sdr_code/mySDR_fpga.lpf(21): Semantic error in &quot;LOCATE COMP &quot;rst&quot; SITE &quot;G1&quot; ;&quot;: " arg1="rst" arg2="C:/Users/SNA/Documents/FPGA_code/lattice_sdr_code/mySDR_fpga.lpf" arg3="21"  />
    <postMsg mid="1100644" type="Warning" dynamic="2" navigation="2" arg0="C:/Users/SNA/Documents/FPGA_code/lattice_sdr_code/mySDR_fpga.lpf(22): Semantic error in &quot;IOBUF PORT &quot;rst&quot; IO_TYPE=LVCMOS25 ;&quot;: " arg1="rst" arg2="C:/Users/SNA/Documents/FPGA_code/lattice_sdr_code/mySDR_fpga.lpf" arg3="22"  />
Loading device for application map from file 'sa5p85m.nph' in environment: C:/lscc/diamond/3.14/ispfpga.
Package Status:                     Final          Version 1.43.

Running general design DRC...

    <postMsg mid="1166064" type="Warning" dynamic="2" navigation="0" arg0="input" arg1="rxd09"  />
Removing unused logic...

Optimizing...

334 CCU2 constant inputs absorbed.

    <postMsg mid="51001046" type="Warning" dynamic="1" navigation="0" arg0="rxd09"  />



Design Summary:
   Number of registers:    146 out of 84255 (0%)
      PFU registers:          146 out of 83640 (0%)
      PIO registers:            0 out of   615 (0%)
   Number of SLICEs:       165 out of 41820 (0%)
      SLICEs as Logic/ROM:    165 out of 41820 (0%)
      SLICEs as RAM:            0 out of 31365 (0%)
      SLICEs as Carry:         76 out of 41820 (0%)
   Number of LUT4s:        301 out of 83640 (0%)
      Number used as logic LUTs:        149
      Number used as distributed RAM:     0
      Number used as ripple logic:      152
      Number used as shift registers:     0
   Number of PIO sites used: 15 out of 205 (7%)
      Number of PIO sites used for single ended IOs: 9
      Number of PIO sites used for differential IOs: 6 (represented by 3 PIO comps in NCD)
   Number of block RAMs:  0 out of 208 (0%)
   Number of GSRs:  1 out of 1 (100%)
   JTAG used :      No
   Readback used :  No
   Oscillator used :  No
   Startup used :   No
   DTR used :   No
   Number of Dynamic Bank Controller (BCINRD):  0 out of 4 (0%)
   Number of Dynamic Bank Controller (BCLVDSOB):  0 out of 4 (0%)
   Number of DCC:  0 out of 60 (0%)
   Number of DCS:  0 out of 2 (0%)
   Number of PLLs:  0 out of 4 (0%)
   Number of DDRDLLs:  0 out of 4 (0%)
   Number of CLKDIV:  0 out of 4 (0%)
   Number of ECLKSYNC:  0 out of 10 (0%)
   Number of ECLKBRIDGECS:  0 out of 2 (0%)
   Number of DCUs:  0 out of 2 (0%)
   Number of DCU Channels:  0 out of 4 (0%)
   Number of EXTREFs:  0 out of 2 (0%)
   Notes:-
      1. Total number of LUT4s = (Number of logic LUT4s) + 2*(Number of distributed RAMs) + 2*(Number of ripple logic)
      2. Number of logic LUT4s does not include count of distributed RAM and ripple logic.

   Number Of Mapped DSP Components:
   --------------------------------
   MULT18X18D          0
   MULT9X9D            0
   ALU54B              0
   ALU24B              0
   PRADD18A            0
   PRADD9A             0
   --------------------------------
   Number of Used DSP MULT Sites:  0 out of 312 (0 %)
   Number of Used DSP ALU Sites:  0 out of 156 (0 %)
   Number of Used DSP PRADD Sites:  0 out of 312 (0 %)
   Number of clocks:  2
     Net top_clk_c: 41 loads, 27 rising, 14 falling (Driver: PIO top_clk )
     Net clkDivider_clko: 45 loads, 30 rising, 15 falling (Driver: clockDivider_0/clkOut_28 )
   Number of Clock Enables:  3
     Net cout_adj_417: 1 loads, 1 LSLICEs
     Net fskModule_0/clkDivider_clko_enable_3: 1 loads, 1 LSLICEs
     Net packetGen_0/clkDivider_clko_enable_10: 4 loads, 4 LSLICEs
   Number of LSRs:  14
     Net fskModule_0/n2828: 1 loads, 1 LSLICEs
     Net n3210: 2 loads, 2 LSLICEs
     Net IQSerializer_start: 5 loads, 5 LSLICEs
     Net n3209: 12 loads, 12 LSLICEs
     Net n492: 4 loads, 4 LSLICEs
     Net n578: 1 loads, 1 LSLICEs
     Net n2836: 1 loads, 1 LSLICEs
     Net counter_0_countDone: 7 loads, 7 LSLICEs
     Net n1926: 14 loads, 14 LSLICEs
     Net top_rst_n_c: 6 loads, 6 LSLICEs
     Net clockDivider_0/n483: 5 loads, 5 LSLICEs
     Net IQSerializer_0/n1925: 6 loads, 6 LSLICEs
     Net IQSerializer_0/n1928: 2 loads, 2 LSLICEs
     Net IQSerializer_0/n1927: 2 loads, 2 LSLICEs
   Number of nets driven by tri-state buffers:  0
   Top 10 highest fanout non-clock nets:
     Net symCounter_3: 22 loads
     Net symCounter_1: 21 loads
     Net symCounter_2: 21 loads
     Net symCounter_6: 19 loads
     Net sampleCount_0: 16 loads
     Net sampleCount_1: 16 loads
     Net n1926: 14 loads
     Net fskModule_0/n2767: 13 loads
     Net counter_0_countDone: 12 loads
     Net n3209: 12 loads
 

   Number of warnings:  19
   Number of errors:    0



Total CPU Time: 0 secs  
Total REAL Time: 0 secs  
Peak Memory Usage: 247 MB

Dumping design to file mySDR_fpga_impl1_map.ncd.

ncd2vdb "mySDR_fpga_impl1_map.ncd" ".vdbs/mySDR_fpga_impl1_map.vdb"

Loading device for application ncd2vdb from file 'sa5p85m.nph' in environment: C:/lscc/diamond/3.14/ispfpga.

mpartrce -p "mySDR_fpga_impl1.p2t" -f "mySDR_fpga_impl1.p3t" -tf "mySDR_fpga_impl1.pt" "mySDR_fpga_impl1_map.ncd" "mySDR_fpga_impl1.ncd"

---- MParTrce Tool ----
Removing old design directory at request of -rem command line option to this program.
Running par. Please wait . . .

Lattice Place and Route Report for Design "mySDR_fpga_impl1_map.ncd"
Tue Dec 30 04:03:33 2025

PAR: Place And Route Diamond (64-bit) 3.14.0.75.2.
Command Line: par -w -l 5 -i 6 -t 1 -c 0 -e 0 -gui -msgset C:/Users/SNA/Documents/FPGA_code/lattice_sdr_code/promote.xml -exp parUseNBR=1:parCDP=auto:parCDR=1:parPathBased=OFF:parASE=1:par_low_skew_clock_net=0 mySDR_fpga_impl1_map.ncd mySDR_fpga_impl1.dir/5_1.ncd mySDR_fpga_impl1.prf
Preference file: mySDR_fpga_impl1.prf.
Placement level-cost: 5-1.
Routing Iterations: 6

Loading design for application par from file mySDR_fpga_impl1_map.ncd.
Design name: top_module
NCD version: 3.3
Vendor:      LATTICE
Device:      LFE5UM5G-85F
Package:     CABGA381
Performance: 8
Loading device for application par from file 'sa5p85m.nph' in environment: C:/lscc/diamond/3.14/ispfpga.
Package Status:                     Final          Version 1.43.
Performance Hardware Data Status:   Final          Version 55.1.
License checked out.


Ignore Preference Error(s):  True
Device utilization summary:

   PIO (prelim)      15/365           4% used
                     15/205           7% bonded

   SLICE            165/41820        <1% used

   GSR                1/1           100% used


Number of Signals: 451
Number of Connections: 1012

Pin Constraint Summary:
   12 out of 12 pins locked (100% locked).

The following 2 signals are selected to use the primary clock routing resources:
    clkDivider_clko (driver: clockDivider_0/SLICE_87, clk/ce/sr load #: 45/0/0)
    top_clk_c (driver: top_clk, clk/ce/sr load #: 41/0/0)


Signal n3211 is selected as Global Set/Reset.
Starting Placer Phase 0.
................
Finished Placer Phase 0.  REAL time: 2 secs 

Starting Placer Phase 1.
...................
Placer score = 45904.
Finished Placer Phase 1.  REAL time: 4 secs 

Starting Placer Phase 2.
.
Placer score =  43075
Finished Placer Phase 2.  REAL time: 4 secs 


------------------ Clock Report ------------------

Global Clock Resources:
  CLK_PIN    : 1 out of 12 (8%)
  GR_PCLK    : 0 out of 12 (0%)
  PLL        : 0 out of 4 (0%)
  DCS        : 0 out of 2 (0%)
  DCC        : 0 out of 60 (0%)
  CLKDIV     : 0 out of 4 (0%)

Quadrant TL Clocks:

  PRIMARY  : 0 out of 16 (0%)

Quadrant TR Clocks:
  PRIMARY "top_clk_c" from comp "top_clk" on CLK_PIN site "G3 (PL44A)", CLK/CE/SR load = 15

  PRIMARY  : 1 out of 16 (6%)

Quadrant BL Clocks:
  PRIMARY "top_clk_c" from comp "top_clk" on CLK_PIN site "G3 (PL44A)", CLK/CE/SR load = 5

  PRIMARY  : 1 out of 16 (6%)

Quadrant BR Clocks:
  PRIMARY "clkDivider_clko" from Q0 on comp "clockDivider_0/SLICE_87" on site "R59C67A", CLK/CE/SR load = 45
  PRIMARY "top_clk_c" from comp "top_clk" on CLK_PIN site "G3 (PL44A)", CLK/CE/SR load = 21

  PRIMARY  : 2 out of 16 (12%)

Edge Clocks:

  No edge clock selected.


--------------- End of Clock Report ---------------


+
I/O Usage Summary (final):
   15 out of 365 (4.1%) PIO sites used.
   15 out of 205 (7.3%) bonded PIO sites used.
   Number of PIO comps: 12; differential: 3.
   Number of Vref pins used: 0.

I/O Bank Usage Summary:
+----------+---------------+------------+------------+------------+
| I/O Bank | Usage         | Bank Vccio | Bank Vref1 | Bank Vref2 |
+----------+---------------+------------+------------+------------+
| 0        | 0 / 27 (  0%) | -          | -          | -          |
| 1        | 8 / 33 ( 24%) | 2.5V       | -          | -          |
| 2        | 0 / 34 (  0%) | -          | -          | -          |
| 3        | 0 / 33 (  0%) | -          | -          | -          |
| 6        | 1 / 33 (  3%) | 3.3V       | -          | -          |
| 7        | 6 / 32 ( 18%) | 2.5V       | -          | -          |
| 8        | 0 / 13 (  0%) | -          | -          | -          |
+----------+---------------+------------+------------+------------+

Total placer CPU time: 4 secs 

Dumping design to file mySDR_fpga_impl1.dir/5_1.ncd.


-----------------------------------------------------------------
INFO - par: ASE feature is off due to non timing-driven settings.  
-----------------------------------------------------------------

0 connections routed; 1012 unrouted.
Starting router resource preassignment

Completed router resource preassignment. Real time: 9 secs 

Start NBR router at 04:03:42 12/30/25

*****************************************************************
Info: NBR allows conflicts(one node used by more than one signal)
      in the earlier iterations. In each iteration, it tries to  
      solve the conflicts while keeping the critical connections 
      routed as short as possible. The routing process is said to
      be completed when no conflicts exist and all connections   
      are routed.                                                
Note: NBR uses a different method to calculate timing slacks. The
      worst slack and total negative slack may not be the same as
      that in TRCE report. You should always run TRCE to verify  
      your design.                                               
*****************************************************************

Start NBR special constraint process at 04:03:42 12/30/25

Start NBR section for initial routing at 04:03:42 12/30/25
Level 4, iteration 1
26(0.00%) conflicts; 0(0.00%) untouched conn; 0 (nbr) score; real time: 9 secs 

Info: Initial congestion level at 75% usage is 0
Info: Initial congestion area  at 75% usage is 0 (0.00%)

Start NBR section for normal routing at 04:03:42 12/30/25
Level 4, iteration 1
11(0.00%) conflicts; 0(0.00%) untouched conn; 0 (nbr) score; real time: 9 secs 
Level 4, iteration 2
5(0.00%) conflicts; 0(0.00%) untouched conn; 0 (nbr) score; real time: 9 secs 
Level 4, iteration 3
1(0.00%) conflict; 0(0.00%) untouched conn; 0 (nbr) score; real time: 9 secs 
Level 4, iteration 4
0(0.00%) conflict; 0(0.00%) untouched conn; 0 (nbr) score; real time: 9 secs 

Start NBR section for re-routing at 04:03:42 12/30/25
Level 4, iteration 1
0(0.00%) conflict; 0(0.00%) untouched conn; 0 (nbr) score; real time: 9 secs 

Start NBR section for post-routing at 04:03:42 12/30/25

End NBR router with 0 unrouted connection

NBR Summary
-----------
  Number of unrouted connections : 0 (0.00%)
  Number of connections with timing violations : 0 (0.00%)
  Estimated worst slack<setup> : <n/a>
  Timing score<setup> : 0
-----------
Notes: The timing info is calculated for SETUP only and all PAR_ADJs are ignored.



Total CPU time 9 secs 
Total REAL time: 9 secs 
Completely routed.
End of route.  1012 routed (100.00%); 0 unrouted.

4 potential circuit loops found in timing analysis.
4 potential circuit loops found in timing analysis.
Hold time timing score: 0, hold timing errors: 0

4 potential circuit loops found in timing analysis.
Timing score: 0 

Dumping design to file mySDR_fpga_impl1.dir/5_1.ncd.


PAR_SUMMARY::Run status = Completed
PAR_SUMMARY::Number of unrouted conns = 0
PAR_SUMMARY::Worst  slack<setup/<ns>> = <n/a>
PAR_SUMMARY::Timing score<setup/<ns>> = <n/a>
PAR_SUMMARY::Worst  slack<hold /<ns>> = <n/a>
PAR_SUMMARY::Timing score<hold /<ns>> = <n/a>
PAR_SUMMARY::Number of errors = 0

Total CPU  time to completion: 10 secs 
Total REAL time to completion: 10 secs 

par done!

Note: user must run 'Trace' for timing closure signoff.

Copyright (c) 1991-1994 by NeoCAD Inc. All rights reserved.
Copyright (c) 1995 AT&T Corp.   All rights reserved.
Copyright (c) 1995-2001 Lucent Technologies Inc.  All rights reserved.
Copyright (c) 2001 Agere Systems   All rights reserved.
Copyright (c) 2002-2024 Lattice Semiconductor Corporation,  All rights reserved.
Exiting par with exit code 0
Exiting mpartrce with exit code 0

trce -f "mySDR_fpga_impl1.pt" -o "mySDR_fpga_impl1.twr" "mySDR_fpga_impl1.ncd" "mySDR_fpga_impl1.prf"
trce:  version Diamond (64-bit) 3.14.0.75.2

Copyright (c) 1991-1994 by NeoCAD Inc. All rights reserved.
Copyright (c) 1995 AT&T Corp.   All rights reserved.
Copyright (c) 1995-2001 Lucent Technologies Inc.  All rights reserved.
Copyright (c) 2001 Agere Systems   All rights reserved.
Copyright (c) 2002-2024 Lattice Semiconductor Corporation,  All rights reserved.

Loading design for application trce from file mysdr_fpga_impl1.ncd.
Design name: top_module
NCD version: 3.3
Vendor:      LATTICE
Device:      LFE5UM5G-85F
Package:     CABGA381
Performance: 8
Loading device for application trce from file 'sa5p85m.nph' in environment: C:/lscc/diamond/3.14/ispfpga.
Package Status:                     Final          Version 1.43.
Performance Hardware Data Status:   Final          Version 55.1.
Setup and Hold Report

--------------------------------------------------------------------------------
Lattice TRACE Report - Setup, Version Diamond (64-bit) 3.14.0.75.2
Tue Dec 30 04:03:44 2025

Copyright (c) 1991-1994 by NeoCAD Inc. All rights reserved.
Copyright (c) 1995 AT&T Corp.   All rights reserved.
Copyright (c) 1995-2001 Lucent Technologies Inc.  All rights reserved.
Copyright (c) 2001 Agere Systems   All rights reserved.
Copyright (c) 2002-2024 Lattice Semiconductor Corporation,  All rights reserved.

Report Information
------------------
Command line:    trce -v 10 -gt -sethld -sp 8 -sphld m -o mySDR_fpga_impl1.twr -gui -msgset C:/Users/SNA/Documents/FPGA_code/lattice_sdr_code/promote.xml mySDR_fpga_impl1.ncd mySDR_fpga_impl1.prf 
Design file:     mysdr_fpga_impl1.ncd
Preference file: mysdr_fpga_impl1.prf
Device,speed:    LFE5UM5G-85F,8
Report level:    verbose report, limited to 10 items per preference
--------------------------------------------------------------------------------

4 potential circuit loops found in timing analysis.
4 potential circuit loops found in timing analysis.
4 potential circuit loops found in timing analysis.
Report Type:     based on TRACE automatically generated preferences
BLOCK ASYNCPATHS
BLOCK RESETPATHS
--------------------------------------------------------------------------------



Timing summary (Setup):
---------------

Timing errors: 1021  Score: 28894919
Cumulative negative slack: 28704425

Constraints cover 2277 paths, 3 nets, and 988 connections (97.63% coverage)

--------------------------------------------------------------------------------
Lattice TRACE Report - Hold, Version Diamond (64-bit) 3.14.0.75.2
Tue Dec 30 04:03:44 2025

Copyright (c) 1991-1994 by NeoCAD Inc. All rights reserved.
Copyright (c) 1995 AT&T Corp.   All rights reserved.
Copyright (c) 1995-2001 Lucent Technologies Inc.  All rights reserved.
Copyright (c) 2001 Agere Systems   All rights reserved.
Copyright (c) 2002-2024 Lattice Semiconductor Corporation,  All rights reserved.

Report Information
------------------
Command line:    trce -v 10 -gt -sethld -sp 8 -sphld m -o mySDR_fpga_impl1.twr -gui -msgset C:/Users/SNA/Documents/FPGA_code/lattice_sdr_code/promote.xml mySDR_fpga_impl1.ncd mySDR_fpga_impl1.prf 
Design file:     mysdr_fpga_impl1.ncd
Preference file: mysdr_fpga_impl1.prf
Device,speed:    LFE5UM5G-85F,m
Report level:    verbose report, limited to 10 items per preference
--------------------------------------------------------------------------------

4 potential circuit loops found in timing analysis.
BLOCK ASYNCPATHS
BLOCK RESETPATHS
--------------------------------------------------------------------------------



Timing summary (Hold):
---------------

Timing errors: 5  Score: 231
Cumulative negative slack: 231

Constraints cover 2277 paths, 3 nets, and 988 connections (97.63% coverage)



Timing summary (Setup and Hold):
---------------

Timing errors: 1021 (setup), 5 (hold)
Score: 28894919 (setup), 231 (hold)
Cumulative negative slack: 28704656 (28704425+231)
--------------------------------------------------------------------------------

--------------------------------------------------------------------------------

Total CPU Time: 1 secs 
Total REAL Time: 2 secs 
Peak Memory Usage: 339 MB


iotiming  "mySDR_fpga_impl1.ncd" "mySDR_fpga_impl1.prf"
I/O Timing Report:
:  version Diamond (64-bit) 3.14.0.75.2

Copyright (c) 1991-1994 by NeoCAD Inc. All rights reserved.
Copyright (c) 1995 AT&T Corp.   All rights reserved.
Copyright (c) 1995-2001 Lucent Technologies Inc.  All rights reserved.
Copyright (c) 2001 Agere Systems   All rights reserved.
Copyright (c) 2002-2024 Lattice Semiconductor Corporation,  All rights reserved.

Loading design for application iotiming from file mysdr_fpga_impl1.ncd.
Design name: top_module
NCD version: 3.3
Vendor:      LATTICE
Device:      LFE5UM5G-85F
Package:     CABGA381
Performance: 8
Loading device for application iotiming from file 'sa5p85m.nph' in environment: C:/lscc/diamond/3.14/ispfpga.
Package Status:                     Final          Version 1.43.
Performance Hardware Data Status:   Final          Version 55.1.
4 potential circuit loops found in timing analysis.
Running Performance Grade: 8
Computing Setup Time ...
Computing Max Clock to Output Delay ...
Computing Hold Time ...
4 potential circuit loops found in timing analysis.
Computing Min Clock to Output Delay ...

Loading design for application iotiming from file mysdr_fpga_impl1.ncd.
Design name: top_module
NCD version: 3.3
Vendor:      LATTICE
Device:      LFE5UM5G-85F
Package:     CABGA381
Performance: 9
Package Status:                     Final          Version 1.43.
Performance Hardware Data Status:   Final          Version 55.1.
4 potential circuit loops found in timing analysis.
Running Performance Grade: 9
Computing Setup Time ...
Computing Max Clock to Output Delay ...
Computing Hold Time ...
4 potential circuit loops found in timing analysis.
Computing Min Clock to Output Delay ...

Loading design for application iotiming from file mysdr_fpga_impl1.ncd.
Design name: top_module
NCD version: 3.3
Vendor:      LATTICE
Device:      LFE5UM5G-85F
Package:     CABGA381
Performance: M
Package Status:                     Final          Version 1.43.
Performance Hardware Data Status:   Final          Version 55.1.
4 potential circuit loops found in timing analysis.
Running Performance Grade: M
Computing Setup Time ...
Computing Max Clock to Output Delay ...
Computing Hold Time ...
4 potential circuit loops found in timing analysis.
Computing Min Clock to Output Delay ...
Done.

tmcheck -par "mySDR_fpga_impl1.par" 

bitgen -w "mySDR_fpga_impl1.ncd" -f "mySDR_fpga_impl1.t2b" -e -s "C:/Users/SNA/Documents/FPGA_code/lattice_sdr_code/mySDR_fpga.sec" -k "C:/Users/SNA/Documents/FPGA_code/lattice_sdr_code/mySDR_fpga.bek" "mySDR_fpga_impl1.prf"


BITGEN: Bitstream Generator Diamond (64-bit) 3.14.0.75.2
Copyright (c) 1991-1994 by NeoCAD Inc. All rights reserved.
Copyright (c) 1995 AT&T Corp.   All rights reserved.
Copyright (c) 1995-2001 Lucent Technologies Inc.  All rights reserved.
Copyright (c) 2001 Agere Systems   All rights reserved.
Copyright (c) 2002-2024 Lattice Semiconductor Corporation,  All rights reserved.


Loading design for application Bitgen from file mySDR_fpga_impl1.ncd.
Design name: top_module
NCD version: 3.3
Vendor:      LATTICE
Device:      LFE5UM5G-85F
Package:     CABGA381
Performance: 8
Loading device for application Bitgen from file 'sa5p85m.nph' in environment: C:/lscc/diamond/3.14/ispfpga.
Package Status:                     Final          Version 1.43.
Performance Hardware Data Status:   Final          Version 55.1.

Running DRC.
DRC detected 0 errors and 0 warnings.
Reading Preference File from mySDR_fpga_impl1.prf.
    <postMsg mid="1009992" type="Info"    dynamic="1" navigation="0" arg0=" SW_XO3D_SECURITY_ENCRYPTION *NOT* controlled by sa5p00g.acd ###"  />
    <postMsg mid="1009992" type="Info"    dynamic="1" navigation="0" arg0=" SW_XO3D_SECURITY_ENCRYPTION license_securityIP OK"  />

Preference Summary:
+---------------------------------+---------------------------------+
|  Preference                     |  Current Setting                |
+---------------------------------+---------------------------------+
|                         RamCfg  |                        Reset**  |
+---------------------------------+---------------------------------+
|                        CfgMode  |                      Disable**  |
+---------------------------------+---------------------------------+
|                        DONE_EX  |                          OFF**  |
+---------------------------------+---------------------------------+
|                        DONE_OD  |                           ON**  |
+---------------------------------+---------------------------------+
|                     MCCLK_FREQ  |                          2.4**  |
+---------------------------------+---------------------------------+
|                  CONFIG_SECURE  |                          OFF**  |
+---------------------------------+---------------------------------+
|                    CONFIG_MODE  |                         JTAG**  |
+---------------------------------+---------------------------------+
|                        WAKE_UP  |                           21**  |
+---------------------------------+---------------------------------+
|                          INBUF  |                          OFF**  |
+---------------------------------+---------------------------------+
|                             ES  |                           No**  |
+---------------------------------+---------------------------------+
|                 SLAVE_SPI_PORT  |                      DISABLE**  |
+---------------------------------+---------------------------------+
|                MASTER_SPI_PORT  |                      DISABLE**  |
+---------------------------------+---------------------------------+
|                COMPRESS_CONFIG  |                          OFF**  |
+---------------------------------+---------------------------------+
|            BACKGROUND_RECONFIG  |                          OFF**  |
+---------------------------------+---------------------------------+
|                     DisableUES  |                        FALSE**  |
+---------------------------------+---------------------------------+
|            SLAVE_PARALLEL_PORT  |                      DISABLE**  |
+---------------------------------+---------------------------------+
|                      DONE_PULL  |                           ON**  |
+---------------------------------+---------------------------------+
|               CONFIG_IOVOLTAGE  |                          2.5**  |
+---------------------------------+---------------------------------+
|                        TRANSFR  |                          OFF**  |
+---------------------------------+---------------------------------+
 *  Default setting.
 ** The specified setting matches the default setting.


Creating bit map...
 
Bitstream Status: Final           Version 10.27.
 
Saving bit stream in "mySDR_fpga_impl1.bit".
Total CPU Time: 5 secs 
Total REAL Time: 5 secs 
Peak Memory Usage: 544 MB
