synthesis:  version Diamond (64-bit) 3.14.0.75.2

Copyright (c) 1991-1994 by NeoCAD Inc. All rights reserved.
Copyright (c) 1995 AT&T Corp.   All rights reserved.
Copyright (c) 1995-2001 Lucent Technologies Inc.  All rights reserved.
Copyright (c) 2001 Agere Systems   All rights reserved.
Copyright (c) 2002-2024 Lattice Semiconductor Corporation,  All rights reserved.
Sun Jan 04 20:46:04 2026


Command Line:  synthesis -f mySDR_fpga_impl1_lattice.synproj -gui -msgset C:/Users/SNA/Documents/FPGA_code/lattice_sdr_code/promote.xml 

Synthesis options:
The -a option is ECP5UM5G.
The -s option is 8.
The -t option is CABGA381.
The -d option is LFE5UM5G-85F.
Using package CABGA381.
Using performance grade 8.
                                                          

##########################################################

### Lattice Family : ECP5UM5G

### Device  : LFE5UM5G-85F

### Package : CABGA381

### Speed   : 8

##########################################################

                                                          

INFO - synthesis: User-Selected Strategy Settings
Optimization goal = Timing
Top-level module name = top_module.
Target frequency = 200.000000 MHz.
Maximum fanout = 1000.
Timing path count = 3
BRAM utilization = 100.000000 %
DSP usage = true
DSP utilization = 100.000000 %
fsm_encoding_style = auto
resolve_mixed_drivers = 0
fix_gated_clocks = 1

Mux style = Auto
Use Carry Chain = true
carry_chain_length = 0
Loop Limit = 1950.
Use IO Insertion = TRUE
Use IO Reg = AUTO

Resource Sharing = TRUE
Propagate Constants = TRUE
Remove Duplicate Registers = TRUE
force_gsr = auto
ROM style = auto
RAM style = auto
The -comp option is FALSE.
The -syn option is FALSE.
-p C:/Users/SNA/Documents/FPGA_code/lattice_sdr_code (searchpath added)
-p C:/lscc/diamond/3.14/ispfpga/sa5p00g/data (searchpath added)
-p C:/Users/SNA/Documents/FPGA_code/lattice_sdr_code/impl1 (searchpath added)
-p C:/Users/SNA/Documents/FPGA_code/lattice_sdr_code (searchpath added)
Verilog design file = C:/Users/SNA/Documents/FPGA_code/lattice_sdr_code/src/top_module.v
Verilog design file = C:/Users/SNA/Documents/FPGA_code/lattice_sdr_code/src/local_oscillator.v
Verilog design file = C:/Users/SNA/Documents/FPGA_code/lattice_sdr_code/src/IQSerializer.v
Verilog design file = C:/Users/SNA/Documents/FPGA_code/lattice_sdr_code/src/DEDFF.v
Verilog design file = C:/Users/SNA/Documents/FPGA_code/lattice_sdr_code/src/clockDivider.v
Verilog design file = C:/Users/SNA/Documents/FPGA_code/lattice_sdr_code/src/packetGenerator.v
Verilog design file = C:/Users/SNA/Documents/FPGA_code/lattice_sdr_code/src/packetCounter.v
Verilog design file = C:/Users/SNA/Documents/FPGA_code/lattice_sdr_code/src/FSKModulator.v
Verilog design file = C:/Users/SNA/Documents/FPGA_code/lattice_sdr_code/src/ble_packet.v
Verilog design file = C:/Users/SNA/Documents/FPGA_code/lattice_sdr_code/src/cosModule.v
Verilog design file = C:/Users/SNA/Documents/FPGA_code/lattice_sdr_code/src/sinModule.v
Verilog design file = C:/Users/SNA/Documents/FPGA_code/lattice_sdr_code/src/bleDefines.v
Verilog design file = C:/Users/SNA/Documents/FPGA_code/lattice_sdr_code/src/radioDefines.v
Verilog design file = C:/Users/SNA/Documents/FPGA_code/lattice_sdr_code/pll_64m/pll_64/pll_64.v
Verilog design file = C:/Users/SNA/Documents/FPGA_code/lattice_sdr_code/pll_64m/pll_64_new/pll_64_new.v
Verilog design file = C:/Users/SNA/Documents/FPGA_code/lattice_sdr_code/pll_64m/pll_try/pll_try.v
Verilog design file = C:/Users/SNA/Documents/FPGA_code/lattice_sdr_code/pll_64m/pll_64m.v
Verilog design file = C:/Users/SNA/Documents/FPGA_code/lattice_sdr_code/divided_pll/pll_24m/pll_24m.v
Verilog design file = C:/Users/SNA/Documents/FPGA_code/lattice_sdr_code/divided_pll/divided_pll.v
Verilog design file = C:/Users/SNA/Documents/FPGA_code/lattice_sdr_code/divided_pll_2/pll_24_64m/pll_24_64m.v
Verilog design file = C:/Users/SNA/Documents/FPGA_code/lattice_sdr_code/divided_pll_2/divided_pll_2.v
NGD file = mySDR_fpga_impl1.ngd
-sdc option: SDC file input not used.
-lpf option: Output file option is ON.
Hardtimer checking is enabled (default). The -dt option is not used.
The -r option is OFF. [ Remove LOC Properties is OFF. ]
Technology check ok...

Analyzing Verilog file C:/lscc/diamond/3.14/ispfpga/userware/NT/SYNTHESIS_HEADERS/ecp5um.v. VERI-1482
Compile design.
Compile Design Begin
Analyzing Verilog file c:/users/sna/documents/fpga_code/lattice_sdr_code/src/top_module.v. VERI-1482
INFO - synthesis: c:/users/sna/documents/fpga_code/lattice_sdr_code/src/top_module.v(1): analyzing included file c:/users/sna/documents/fpga_code/lattice_sdr_code/src/bleDefines.v. VERI-1328
INFO - synthesis: c:/users/sna/documents/fpga_code/lattice_sdr_code/src/top_module.v(2): analyzing included file c:/users/sna/documents/fpga_code/lattice_sdr_code/src/radioDefines.v. VERI-1328
Analyzing Verilog file c:/users/sna/documents/fpga_code/lattice_sdr_code/src/local_oscillator.v. VERI-1482
INFO - synthesis: c:/users/sna/documents/fpga_code/lattice_sdr_code/src/local_oscillator.v(2): analyzing included file c:/users/sna/documents/fpga_code/lattice_sdr_code/src/defines.v. VERI-1328
Analyzing Verilog file c:/users/sna/documents/fpga_code/lattice_sdr_code/src/iqserializer.v. VERI-1482
INFO - synthesis: c:/users/sna/documents/fpga_code/lattice_sdr_code/src/iqserializer.v(1): analyzing included file c:/users/sna/documents/fpga_code/lattice_sdr_code/src/radioDefines.v. VERI-1328
Analyzing Verilog file c:/users/sna/documents/fpga_code/lattice_sdr_code/src/dedff.v. VERI-1482
Analyzing Verilog file c:/users/sna/documents/fpga_code/lattice_sdr_code/src/clockdivider.v. VERI-1482
Analyzing Verilog file c:/users/sna/documents/fpga_code/lattice_sdr_code/src/packetgenerator.v. VERI-1482
INFO - synthesis: c:/users/sna/documents/fpga_code/lattice_sdr_code/src/packetgenerator.v(2): analyzing included file c:/users/sna/documents/fpga_code/lattice_sdr_code/src/bleDefines.v. VERI-1328
Analyzing Verilog file c:/users/sna/documents/fpga_code/lattice_sdr_code/src/packetcounter.v. VERI-1482
INFO - synthesis: c:/users/sna/documents/fpga_code/lattice_sdr_code/src/packetcounter.v(1): analyzing included file c:/users/sna/documents/fpga_code/lattice_sdr_code/src/bleDefines.v. VERI-1328
Analyzing Verilog file c:/users/sna/documents/fpga_code/lattice_sdr_code/src/fskmodulator.v. VERI-1482
INFO - synthesis: c:/users/sna/documents/fpga_code/lattice_sdr_code/src/fskmodulator.v(2): analyzing included file c:/users/sna/documents/fpga_code/lattice_sdr_code/src/radioDefines.v. VERI-1328
INFO - synthesis: c:/users/sna/documents/fpga_code/lattice_sdr_code/src/fskmodulator.v(3): analyzing included file c:/users/sna/documents/fpga_code/lattice_sdr_code/src/bleDefines.v. VERI-1328
Analyzing Verilog file c:/users/sna/documents/fpga_code/lattice_sdr_code/src/ble_packet.v. VERI-1482
Analyzing Verilog file c:/users/sna/documents/fpga_code/lattice_sdr_code/src/cosmodule.v. VERI-1482
INFO - synthesis: c:/users/sna/documents/fpga_code/lattice_sdr_code/src/cosmodule.v(1): analyzing included file c:/users/sna/documents/fpga_code/lattice_sdr_code/src/bleDefines.v. VERI-1328
Analyzing Verilog file c:/users/sna/documents/fpga_code/lattice_sdr_code/src/sinmodule.v. VERI-1482
INFO - synthesis: c:/users/sna/documents/fpga_code/lattice_sdr_code/src/sinmodule.v(1): analyzing included file c:/users/sna/documents/fpga_code/lattice_sdr_code/src/bleDefines.v. VERI-1328
Analyzing Verilog file c:/users/sna/documents/fpga_code/lattice_sdr_code/src/bledefines.v. VERI-1482
Analyzing Verilog file c:/users/sna/documents/fpga_code/lattice_sdr_code/src/radiodefines.v. VERI-1482
Analyzing Verilog file c:/users/sna/documents/fpga_code/lattice_sdr_code/pll_64m/pll_64/pll_64.v. VERI-1482
Analyzing Verilog file c:/users/sna/documents/fpga_code/lattice_sdr_code/pll_64m/pll_64_new/pll_64_new.v. VERI-1482
Analyzing Verilog file c:/users/sna/documents/fpga_code/lattice_sdr_code/pll_64m/pll_try/pll_try.v. VERI-1482
Analyzing Verilog file c:/users/sna/documents/fpga_code/lattice_sdr_code/pll_64m/pll_64m.v. VERI-1482
Analyzing Verilog file c:/users/sna/documents/fpga_code/lattice_sdr_code/divided_pll/pll_24m/pll_24m.v. VERI-1482
Analyzing Verilog file c:/users/sna/documents/fpga_code/lattice_sdr_code/divided_pll/divided_pll.v. VERI-1482
Analyzing Verilog file c:/users/sna/documents/fpga_code/lattice_sdr_code/divided_pll_2/pll_24_64m/pll_24_64m.v. VERI-1482
Analyzing Verilog file c:/users/sna/documents/fpga_code/lattice_sdr_code/divided_pll_2/divided_pll_2.v. VERI-1482
Analyzing Verilog file C:/lscc/diamond/3.14/ispfpga/userware/NT/SYNTHESIS_HEADERS/ecp5um.v. VERI-1482
Top module name (Verilog): top_module
INFO - synthesis: c:/users/sna/documents/fpga_code/lattice_sdr_code/src/top_module.v(4): compiling module top_module. VERI-1018
INFO - synthesis: c:/users/sna/documents/fpga_code/lattice_sdr_code/divided_pll/pll_24m/pll_24m.v(8): compiling module pll_24m. VERI-1018
INFO - synthesis: C:/lscc/diamond/3.14/ispfpga/userware/NT/SYNTHESIS_HEADERS/ecp5um.v(757): compiling module VHI. VERI-1018
INFO - synthesis: C:/lscc/diamond/3.14/ispfpga/userware/NT/SYNTHESIS_HEADERS/ecp5um.v(761): compiling module VLO. VERI-1018
INFO - synthesis: C:/lscc/diamond/3.14/ispfpga/userware/NT/SYNTHESIS_HEADERS/ecp5um.v(1696): compiling module EHXPLLL(CLKFB_DIV=2,CLKOP_DIV=27,CLKOS_DIV=1,CLKOS2_DIV=1,CLKOS3_DIV=1,CLKOP_CPHASE=26,CLKOP_TRIM_POL="FALLING",CLKOS_TRIM_POL="FALLING"). VERI-1018
INFO - synthesis: c:/users/sna/documents/fpga_code/lattice_sdr_code/divided_pll_2/pll_24_64m/pll_24_64m.v(8): compiling module pll_24_64m. VERI-1018
INFO - synthesis: C:/lscc/diamond/3.14/ispfpga/userware/NT/SYNTHESIS_HEADERS/ecp5um.v(1696): compiling module EHXPLLL(CLKI_DIV=3,CLKFB_DIV=8,CLKOP_DIV=9,CLKOS_DIV=1,CLKOS2_DIV=1,CLKOS3_DIV=1,CLKOP_CPHASE=8,CLKOP_TRIM_POL="FALLING",CLKOS_TRIM_POL="FALLING",PLLRST_ENA="ENABLED"). VERI-1018
INFO - synthesis: c:/users/sna/documents/fpga_code/lattice_sdr_code/src/clockdivider.v(14): compiling module clockDivider. VERI-1018
INFO - synthesis: c:/users/sna/documents/fpga_code/lattice_sdr_code/src/packetcounter.v(6): compiling module packetCounter. VERI-1018
INFO - synthesis: c:/users/sna/documents/fpga_code/lattice_sdr_code/src/packetgenerator.v(4): compiling module packetGenerator. VERI-1018
INFO - synthesis: c:/users/sna/documents/fpga_code/lattice_sdr_code/src/ble_packet.v(1): compiling module ble_packet. VERI-1018
INFO - synthesis: c:/users/sna/documents/fpga_code/lattice_sdr_code/src/fskmodulator.v(5): compiling module FSKModulator. VERI-1018
INFO - synthesis: c:/users/sna/documents/fpga_code/lattice_sdr_code/src/sinmodule.v(3): compiling module sinModule. VERI-1018
INFO - synthesis: c:/users/sna/documents/fpga_code/lattice_sdr_code/src/cosmodule.v(3): compiling module cosModule. VERI-1018
INFO - synthesis: c:/users/sna/documents/fpga_code/lattice_sdr_code/src/iqserializer.v(3): compiling module IQSerializer. VERI-1018
INFO - synthesis: c:/users/sna/documents/fpga_code/lattice_sdr_code/src/dedff.v(21): compiling module DEDFF. VERI-1018
Loading NGL library 'C:/lscc/diamond/3.14/ispfpga/sa5p00m/data/sa5mlib.ngl'...
Loading NGL library 'C:/lscc/diamond/3.14/ispfpga/sa5p00/data/sa5plib.ngl'...
Loading NGL library 'C:/lscc/diamond/3.14/ispfpga/xo2c00/data/xo2clib.ngl'...
Loading NGL library 'C:/lscc/diamond/3.14/ispfpga/mg5g00/data/mg5glib.ngl'...
Loading NGL library 'C:/lscc/diamond/3.14/ispfpga/or5g00/data/orc5glib.ngl'...
Loading device for application map from file 'sa5p85m.nph' in environment: C:/lscc/diamond/3.14/ispfpga.
Package Status:                     Final          Version 1.43.
Top-level module name = top_module.
INFO - synthesis: Extracted state machine for register '\fskModule_1/cos_phase' with one-hot encoding
original encoding -> new encoding (one-hot encoding)

 000 -> 00000001

 001 -> 00000010

 010 -> 00000100

 011 -> 00001000

 100 -> 00010000

 101 -> 00100000

 110 -> 01000000

 111 -> 10000000

INFO - synthesis: Extracted state machine for register '\packetGen_1/current_state' with one-hot encoding
original encoding -> new encoding (one-hot encoding)

 0000 -> 0001

 0001 -> 0010

 0010 -> 0100

 0011 -> 1000

INFO - synthesis: Extracted state machine for register '\IQSerializer_1/current_state' with one-hot encoding
original encoding -> new encoding (one-hot encoding)

 0000 -> 00001

 0010 -> 00010

 0011 -> 00100

 0100 -> 01000

 0101 -> 10000




WARNING - synthesis: Bit 1 of Register \IQSerializer_1/current_state_FSM is stuck at Zero
WARNING - synthesis: c:/users/sna/documents/fpga_code/lattice_sdr_code/src/iqserializer.v(87): Register \IQSerializer_1/QCounter_413__i0 is stuck at Zero. VDB-5013
WARNING - synthesis: c:/users/sna/documents/fpga_code/lattice_sdr_code/src/iqserializer.v(84): Register \IQSerializer_1/ICounter_411__i0 is stuck at Zero. VDB-5013
Duplicate register/latch removal. \fskModule_1/FSK_Q__i3 is a one-to-one match with \fskModule_1/FSK_Q__i1.
Duplicate register/latch removal. \fskModule_1/FSK_Q__i2 is a one-to-one match with \fskModule_1/FSK_Q__i3.
Duplicate register/latch removal. \fskModule_1/FSK_I__i11 is a one-to-one match with \fskModule_1/FSK_I__i6.
Duplicate register/latch removal. \fskModule_1/FSK_I__i10 is a one-to-one match with \fskModule_1/FSK_I__i5.
Duplicate register/latch removal. \fskModule_1/FSK_I__i9 is a one-to-one match with \fskModule_1/FSK_I__i8.
Duplicate register/latch removal. \fskModule_1/FSK_I__i7 is a one-to-one match with \fskModule_1/FSK_I__i10.
Duplicate register/latch removal. \fskModule_1/FSK_I__i3 is a one-to-one match with \fskModule_1/FSK_I__i1.
Duplicate register/latch removal. \fskModule_1/FSK_I__i2 is a one-to-one match with \fskModule_1/FSK_I__i3.
Duplicate register/latch removal. \fskModule_1/FSK_I__i11 is a one-to-one match with \fskModule_1/FSK_I__i9.
Duplicate register/latch removal. \fskModule_1/FSK_Q__i11 is a one-to-one match with \fskModule_1/FSK_Q__i6.
Duplicate register/latch removal. \fskModule_1/FSK_Q__i9 is a one-to-one match with \fskModule_1/FSK_Q__i8.
Duplicate register/latch removal. \fskModule_1/FSK_Q__i11 is a one-to-one match with \fskModule_1/FSK_Q__i9.
Duplicate register/latch removal. \fskModule_1/FSK_Q__i10 is a one-to-one match with \fskModule_1/FSK_Q__i5.
Duplicate register/latch removal. \fskModule_1/FSK_Q__i7 is a one-to-one match with \fskModule_1/FSK_Q__i10.
GSR instance connected to net counter_0_countDone.
Applying 200.000000 MHz constraint to all clocks

WARNING - synthesis: Mapping latch \packetGen_1/data_I_0 to logic since no latches found in device. Possible simulation mismatch. Please check if or case statements
WARNING - synthesis: No user .sdc file.
Results of NGD DRC are available in top_module_drc.log.
Loading NGL library 'C:/lscc/diamond/3.14/ispfpga/sa5p00m/data/sa5mlib.ngl'...
Loading NGL library 'C:/lscc/diamond/3.14/ispfpga/sa5p00/data/sa5plib.ngl'...
Loading NGL library 'C:/lscc/diamond/3.14/ispfpga/xo2c00/data/xo2clib.ngl'...
Loading NGL library 'C:/lscc/diamond/3.14/ispfpga/mg5g00/data/mg5glib.ngl'...
Loading NGL library 'C:/lscc/diamond/3.14/ispfpga/or5g00/data/orc5glib.ngl'...
All blocks are expanded and NGD expansion is successful.
Writing NGD file mySDR_fpga_impl1.ngd.

################### Begin Area Report (top_module)######################
Number of register bits => 137 of 84255 (0 % )
CCU2C => 70
EHXPLLL => 2
FD1P3IX => 11
FD1S3AX => 32
FD1S3IX => 81
FD1S3JX => 13
GSR => 1
IB => 2
INV => 2
LUT4 => 121
OB => 10
PFUMX => 5
ROM256X1A => 1
################### End Area Report ##################

################### Begin Clock Report ######################
Clock Nets
Number of Clocks: 4
  Net : clockDivider_0/clockDivider_clk_4M, loads : 55
  Net : my_instance_2/serial_clk_c, loads : 49
  Net : my_instance_1/pll_clko_1, loads : 2
  Net : top_clk_c, loads : 1
Clock Enable Nets
Number of Clock Enables: 4
Top 4 highest fanout Clock Enables:
  Net : clockDivider_0/lockCounter_7, loads : 2
  Net : fskModule_1/clockDivider_clk_4M_enable_2, loads : 1
  Net : packetGen_1/next_state_3__N_154, loads : 1
Highest fanout non-clock nets
Top 10 highest fanout non-clock nets:
  Net : counter_0/n2190, loads : 26
  Net : clockDivider_0/clk_N_174, loads : 25
  Net : packetGen_1/n3490, loads : 22
  Net : fskModule_1/sampleCount_1, loads : 15
  Net : fskModule_1/sampleCount_0, loads : 15
  Net : fskModule_1/n3487, loads : 14
  Net : fskModule_1/n3046, loads : 13
  Net : counter_0/counter_0_countDone, loads : 11
  Net : my_instance_2/clk_N_319, loads : 11
  Net : fskModule_1/n527, loads : 11
################### End Clock Report ##################

Timing Report Summary
--------------
--------------------------------------------------------------------------------
Constraint                              |   Constraint|       Actual|Levels
--------------------------------------------------------------------------------
                                        |             |             |
create_clock -period 5.000000 -name     |             |             |
clk1 [get_nets clockDivider_clk_4M]     |  200.000 MHz|   95.166 MHz|     5 *
                                        |             |             |
create_clock -period 5.000000 -name     |             |             |
clk0 [get_nets serial_clk_c]            |  200.000 MHz|   82.129 MHz|     5 *
                                        |             |             |
--------------------------------------------------------------------------------


2 constraints not met.


Peak Memory Usage: 123.336  MB

--------------------------------------------------------------
Elapsed CPU time for LSE flow : 0.813  secs
--------------------------------------------------------------
