--------------------------------------------------------------------------------
Lattice Synthesis Timing Report, Version  
Sat Jan 03 19:27:33 2026

Copyright (c) 1991-1994 by NeoCAD Inc. All rights reserved.
Copyright (c) 1995 AT&T Corp.   All rights reserved.
Copyright (c) 1995-2001 Lucent Technologies Inc.  All rights reserved.
Copyright (c) 2001 Agere Systems   All rights reserved.
Copyright (c) 2002-2024 Lattice Semiconductor Corporation,  All rights reserved.

Report Information
------------------
Design:     pll_64
Constraint file: pll_64_temp_lse.sdc 
Report level:    verbose report, limited to 3 items per constraint
--------------------------------------------------------------------------------


Timing Report Summary
--------------
--------------------------------------------------------------------------------
Constraint                              |   Constraint|       Actual|Levels
--------------------------------------------------------------------------------
                                        |             |             |
--------------------------------------------------------------------------------


All constraints were met.



Timing summary:
---------------

Timing errors: 0  Score: 0

Constraints cover  0 paths, 0 nets, and 0 connections (0.0% coverage)


Peak memory: 117764096 bytes, TRCE: 1413120 bytes, DLYMAN: 0 bytes
CPU_TIME_REPORT: 0 secs 
