synthesis:  version Diamond (64-bit) 3.14.0.75.2

Copyright (c) 1991-1994 by NeoCAD Inc. All rights reserved.
Copyright (c) 1995 AT&T Corp.   All rights reserved.
Copyright (c) 1995-2001 Lucent Technologies Inc.  All rights reserved.
Copyright (c) 2001 Agere Systems   All rights reserved.
Copyright (c) 2002-2024 Lattice Semiconductor Corporation,  All rights reserved.
Sat Jan 03 19:27:33 2026


Command Line:  C:\lscc\diamond\3.14\ispfpga\bin\nt64\synthesis.exe -f pll_64.synproj -sdc C:/Users/SNA/Documents/FPGA_code/lattice_sdr_code/pll_64m/pll_64/pll_64.ldc -gui 

Synthesis options:
The -a option is ecp5um5g.
The -s option is 8.
The -t option is CABGA381.
The -d option is LFE5UM5G-85F.
Using package CABGA381.
Using performance grade 8.
                                                          

##########################################################

### Lattice Family : ECP5UM5G

### Device  : LFE5UM5G-85F

### Package : CABGA381

### Speed   : 8

##########################################################

                                                          

INFO - synthesis: User-Selected Strategy Settings
Optimization goal = Balanced
Top-level module name = pll_64.
Target frequency = 200.000000 MHz.
Maximum fanout = 1000.
Timing path count = 3
BRAM utilization = 100.000000 %
DSP usage = true (default)
DSP utilization = 100 % (default)
fsm_encoding_style = auto
resolve_mixed_drivers = 0
fix_gated_clocks = 1

Mux style = Auto
Use Carry Chain = true
carry_chain_length = 0
Use IO Insertion = FALSE
Use IO Reg = FALSE (implied)
WARNING - synthesis: Cannot pack registers into I/Os because use_io_insertion is FALSE.
WARNING - synthesis: Ignoring user setting of use_io_reg. Value is set to FALSE.
Use IO Reg = FALSE
Resource Sharing = TRUE
Propagate Constants = TRUE
Remove Duplicate Registers = TRUE
force_gsr = auto
ROM style = auto
RAM style = auto
The -comp option is FALSE.
The -syn option is FALSE.
-p C:/Users/SNA/Documents/FPGA_code/lattice_sdr_code/pll_64m/pll_64 (searchpath added)
Verilog design file = C:/lscc/diamond/3.14/cae_library/synthesis/verilog/ecp5um.v
Verilog design file = C:/lscc/diamond/3.14/cae_library/synthesis/verilog/pmi_def.v
Verilog design file = C:/Users/SNA/Documents/FPGA_code/lattice_sdr_code/pll_64m/pll_64/pll_64.v
NGO file = C:/Users/SNA/Documents/FPGA_code/lattice_sdr_code/pll_64m/pll_64/pll_64.ngo
WARNING - synthesis: Option -force_gsr will be set to false when option -output_edif/-ngo are set
-sdc option: SDC file input is C:/Users/SNA/Documents/FPGA_code/lattice_sdr_code/pll_64m/pll_64/pll_64.ldc.
-lpf option: Output file option is ON.
Hardtimer checking is enabled (default). The -dt option is not used.
The -r option is OFF. [ Remove LOC Properties is OFF. ]
Technology check ok...

Analyzing Verilog file C:/lscc/diamond/3.14/ispfpga/userware/NT/SYNTHESIS_HEADERS/ecp5um.v. VERI-1482
Compile design.
Compile Design Begin
Analyzing Verilog file c:/lscc/diamond/3.14/cae_library/synthesis/verilog/ecp5um.v. VERI-1482
Analyzing Verilog file c:/lscc/diamond/3.14/cae_library/synthesis/verilog/pmi_def.v. VERI-1482
Analyzing Verilog file c:/users/sna/documents/fpga_code/lattice_sdr_code/pll_64m/pll_64/pll_64.v. VERI-1482
Analyzing Verilog file C:/lscc/diamond/3.14/ispfpga/userware/NT/SYNTHESIS_HEADERS/ecp5um.v. VERI-1482
Top module name (Verilog): pll_64
INFO - synthesis: c:/users/sna/documents/fpga_code/lattice_sdr_code/pll_64m/pll_64/pll_64.v(8): compiling module pll_64. VERI-1018
INFO - synthesis: C:/lscc/diamond/3.14/ispfpga/userware/NT/SYNTHESIS_HEADERS/ecp5um.v(757): compiling module VHI. VERI-1018
INFO - synthesis: C:/lscc/diamond/3.14/ispfpga/userware/NT/SYNTHESIS_HEADERS/ecp5um.v(761): compiling module VLO. VERI-1018
INFO - synthesis: C:/lscc/diamond/3.14/ispfpga/userware/NT/SYNTHESIS_HEADERS/ecp5um.v(1696): compiling module EHXPLLL(CLKOP_DIV=9,CLKOS_DIV=1,CLKOS2_DIV=1,CLKOS3_DIV=1,CLKOP_CPHASE=8,CLKOP_TRIM_POL="FALLING",CLKOS_TRIM_POL="FALLING",PLLRST_ENA="ENABLED"). VERI-1018
Loading NGL library 'C:/lscc/diamond/3.14/ispfpga/sa5p00m/data/sa5mlib.ngl'...
Loading NGL library 'C:/lscc/diamond/3.14/ispfpga/sa5p00/data/sa5plib.ngl'...
Loading NGL library 'C:/lscc/diamond/3.14/ispfpga/xo2c00/data/xo2clib.ngl'...
Loading NGL library 'C:/lscc/diamond/3.14/ispfpga/mg5g00/data/mg5glib.ngl'...
Loading NGL library 'C:/lscc/diamond/3.14/ispfpga/or5g00/data/orc5glib.ngl'...
Loading device for application map from file 'sa5p85m.nph' in environment: C:/lscc/diamond/3.14/ispfpga.
Package Status:                     Final          Version 1.43.
WARNING - synthesis: There are no design constraints in the file C:/Users/SNA/Documents/FPGA_code/lattice_sdr_code/pll_64m/pll_64/pll_64.ldc
Top-level module name = pll_64.
WARNING - synthesis: c:/users/sna/documents/fpga_code/lattice_sdr_code/pll_64m/pll_64/pll_64.v(19): Removing unused instance scuba_vhi_inst. VDB-5034
WARNING - synthesis: There are no design constraints in the file C:/Users/SNA/Documents/FPGA_code/lattice_sdr_code/pll_64m/pll_64/pll_64.ldc
This ldc file was generated by Clarity Designer!




######## GSR will not be inferred in an NGO flow, unless force_gsr=yes.
WARNING - synthesis: There are no design constraints in the file pll_64_for_lpf.sdc
Writing LPF file C:/Users/SNA/Documents/FPGA_code/lattice_sdr_code/pll_64m/pll_64/pll_64.lpf.
Results of NGD DRC are available in pll_64_drc.log.
WARNING - synthesis: DRC checking was skipped because the -ngo option was used.
Writing NGD file C:/Users/SNA/Documents/FPGA_code/lattice_sdr_code/pll_64m/pll_64/pll_64.ngo.

################### Begin Area Report (pll_64)######################
Number of register bits => 0 of 84255 (0 % )
EHXPLLL => 1
GSR => 1
################### End Area Report ##################

################### Begin Clock Report ######################
Clock Nets
Number of Clocks: 1
  Net : CLKOP, loads : 1
Clock Enable Nets
Number of Clock Enables: 0
Top 0 highest fanout Clock Enables:
Highest fanout non-clock nets
Top 10 highest fanout non-clock nets:
  Net : LOCK, loads : 0
################### End Clock Report ##################

Peak Memory Usage: 112.426  MB

--------------------------------------------------------------
Elapsed CPU time for LSE flow : 0.359  secs
--------------------------------------------------------------
