Running in Lattice mode

                               Synplify Pro (R) 

                 Version V-2023.09L-2 for win64 - Sep 17, 2024 

                    Copyright (c) 1988 - 2024 Synopsys, Inc.
   This software and the associated documentation are proprietary to Synopsys,
 Inc. This software may only be used in accordance with the terms and conditions
 of a written license agreement with Synopsys, Inc. All other use, reproduction,
   or distribution of this software is strictly prohibited.  Licensed Products
     communicate with Synopsys servers for the purpose of providing software
    updates, detecting software piracy and verifying that customers are using
    Licensed Products in conformity with the applicable License Key for such
  Licensed Products. Synopsys will use information gathered in connection with
    this process to deliver software updates and pursue software pirates and
                                   infringers.

 Inclusivity & Diversity - Visit SolvNetPlus to read the "Synopsys Statement on
            Inclusivity and Diversity" (Refer to article 000036315 at
                        https://solvnetplus.synopsys.com)

Starting:    C:\lscc\diamond\3.14\synpbase\bin64\mbin\synbatch.exe
Install:     C:\lscc\diamond\3.14\synpbase
Hostname:    SNA-KEPLER
Date:        Sun Jan 11 15:19:48 2026
Version:     V-2023.09L-2

Arguments:   -product synplify_base -batch syn_tmp/rcosfilter_m.prj
ProductType: synplify_pro





log file: "C:\Users\SNA\Documents\FPGA_code\lattice_sdr_code\rcos\rcosfilter_m\syn_tmp\rcosfilter_m.srr"
Running: syn_tmp in foreground

Running rcosfilter_m|syn_tmp

Running Flow: compile (Compile) on rcosfilter_m|syn_tmp
# Sun Jan 11 15:19:48 2026

Running Flow: compile_flow (Compile Process) on rcosfilter_m|syn_tmp
# Sun Jan 11 15:19:48 2026

Running: compiler (Compile Input) on rcosfilter_m|syn_tmp
# Sun Jan 11 15:19:48 2026
Copied C:\Users\SNA\Documents\FPGA_code\lattice_sdr_code\rcos\rcosfilter_m\syn_tmp\synwork\rcosfilter_m_comp.srs to C:\Users\SNA\Documents\FPGA_code\lattice_sdr_code\rcos\rcosfilter_m\syn_tmp\rcosfilter_m.srs

compiler completed
# Sun Jan 11 15:19:50 2026

Return Code: 0
Run Time:00h:00m:01s

Running: multi_srs_gen (Multi-srs Generator) on rcosfilter_m|syn_tmp
# Sun Jan 11 15:19:50 2026

multi_srs_gen completed
# Sun Jan 11 15:19:50 2026

Return Code: 0
Run Time:00h:00m:00s
Copied C:\Users\SNA\Documents\FPGA_code\lattice_sdr_code\rcos\rcosfilter_m\syn_tmp\synwork\rcosfilter_m_mult.srs to C:\Users\SNA\Documents\FPGA_code\lattice_sdr_code\rcos\rcosfilter_m\syn_tmp\rcosfilter_m.srs
Copied C:\Users\SNA\Documents\FPGA_code\lattice_sdr_code\rcos\rcosfilter_m\syn_tmp\rcosfilter_m.srr to C:\Users\SNA\Documents\FPGA_code\lattice_sdr_code\rcos\rcosfilter_m\syn_tmp\rcosfilter_m.srf
Complete: Compile Process on rcosfilter_m|syn_tmp

Running: premap (Premap) on rcosfilter_m|syn_tmp
# Sun Jan 11 15:19:50 2026

premap completed
# Sun Jan 11 15:19:51 2026

Return Code: 0
Run Time:00h:00m:01s
Complete: Compile on rcosfilter_m|syn_tmp

Running Flow: map (Map) on rcosfilter_m|syn_tmp
# Sun Jan 11 15:19:52 2026
License granted for 4 parallel jobs

Running: fpga_mapper (Map & Optimize) on rcosfilter_m|syn_tmp
# Sun Jan 11 15:19:52 2026
Copied C:\Users\SNA\Documents\FPGA_code\lattice_sdr_code\rcos\rcosfilter_m\syn_tmp\synwork\rcosfilter_m_m.srm to C:\Users\SNA\Documents\FPGA_code\lattice_sdr_code\rcos\rcosfilter_m\syn_tmp\rcosfilter_m.srm

fpga_mapper completed with warnings
# Sun Jan 11 15:19:54 2026

Return Code: 1
Run Time:00h:00m:02s
Complete: Map on rcosfilter_m|syn_tmp
Copied C:\Users\SNA\Documents\FPGA_code\lattice_sdr_code\rcos\rcosfilter_m\syn_tmp\rcosfilter_m.srr to C:\Users\SNA\Documents\FPGA_code\lattice_sdr_code\rcos\rcosfilter_m\syn_tmp\rcosfilter_m.srf
Complete: Logic Synthesis on rcosfilter_m|syn_tmp
exit status=0
exit status=0
