{
"Synplify Pro (R) Job Log" : {
	"Date" : "15:19:54    11-Jan-2026",
	"Working Directory" : "C:/Users/SNA/Documents/FPGA_code/lattice_sdr_code/rcos/rcosfilter_m/syn_tmp",
	"Install" : "C:/lscc/diamond/3.14/synpbase"
},
"syn_tmp" :{
   "Job Flow" : "Sequential",
   "Start Time" : "15:19:48",
   "Runtime" : "06s",
   "Executable Run Time" : "04s",
   "synthesis" : {
      "Job Flow" : "Sequential",
      "Start Time" : "15:19:48",
      "Runtime" : "06s",
      "Executable Run Time" : "04s",
      "compile" : {
         "Job Flow" : "Sequential",
         "Start Time" : "15:19:48",
         "Runtime" : "03s",
         "Executable Run Time" : "02s",
         "compile_flow" : {
            "Job Flow" : "Sequential",
            "Start Time" : "15:19:48",
            "Runtime" : "02s",
            "Executable Run Time" : "01s",
            "compiler" : {
               "executable" : "bin64/c_hdl.exe",
               "Run Directory" : "C:/Users/SNA/Documents/FPGA_code/lattice_sdr_code/rcos/rcosfilter_m/syn_tmp",
               "Run State" : "Complete",
               "Return Code" : "0",
               "Has Errors" : "no",
               "Run Start Time" : "15:19:48",
               "Run Time" : "02s",
               "Exe Run Time" : "01s",
               "Memory Usage" : "-",
               "Up-to-date (run skipped)" : "no"
            },
            "multi_srs_gen" : {
               "executable" : "bin64/syn_nfilter.exe",
               "Run Directory" : "C:/Users/SNA/Documents/FPGA_code/lattice_sdr_code/rcos/rcosfilter_m/syn_tmp",
               "Run State" : "Complete",
               "Return Code" : "0",
               "Has Errors" : "no",
               "Run Start Time" : "15:19:50",
               "Run Time" : "00s",
               "Exe Run Time" : "00s",
               "Memory Usage" : "-",
               "Up-to-date (run skipped)" : "no"
            }
         },
         "premap" : {
            "executable" : "bin64/m_gen_lattice.exe",
            "Run Directory" : "C:/Users/SNA/Documents/FPGA_code/lattice_sdr_code/rcos/rcosfilter_m/syn_tmp",
            "Run State" : "Complete",
            "Return Code" : "0",
            "Has Errors" : "no",
            "Run Start Time" : "15:19:50",
            "Run Time" : "01s",
            "Exe Run Time" : "01s",
            "Memory Usage" : "-",
            "Up-to-date (run skipped)" : "no"
         }
      },
      "map" : {
         "Job Flow" : "Sequential",
         "Start Time" : "15:19:52",
         "Runtime" : "02s",
         "Executable Run Time" : "02s",
         "fpga_mapper" : {
            "executable" : "bin64/m_gen_lattice.exe",
            "Run Directory" : "C:/Users/SNA/Documents/FPGA_code/lattice_sdr_code/rcos/rcosfilter_m/syn_tmp",
            "Run State" : "Complete",
            "Return Code" : "1",
            "Has Errors" : "no",
            "Run Start Time" : "15:19:52",
            "Run Time" : "02s",
            "Exe Run Time" : "02s",
            "Memory Usage" : "-",
            "Up-to-date (run skipped)" : "no"
         }
      }
   }
}
}