
Copyright (C) 1994-2023 Synopsys, Inc.
This Synopsys software and all associated documentation are proprietary to Synopsys, Inc.
and may only be used pursuant to the terms and conditions of a written license agreement
with Synopsys, Inc. All other use, reproduction, modification, or distribution of the
Synopsys software or the associated documentation is strictly prohibited.
Tool: Synplify Pro (R)
Build: V-2023.09L-2
Install: C:\lscc\diamond\3.14\synpbase
OS: Windows 10 or later
Hostname: SNA-KEPLER

Implementation : syn_tmp
Synopsys HDL compiler and linker, Version comp202309synp1, Build 349R, Built Sep 17 2024 08:16:26, @

Modified Files: 8
FID:  path (prevtimestamp, timestamp)
0        C:\Users\SNA\Documents\FPGA_code\lattice_sdr_code\FIRfilter\rcosfilter_m\rcosfilter_m.v (N/A, 2026-01-07 21:16:09)
1        C:\Users\SNA\Documents\FPGA_code\lattice_sdr_code\FIRfilter\rcosfilter_m\rcosfilter_m_core_bb.v (N/A, 2026-01-07 21:16:09)
2        C:\lscc\diamond\3.14\cae_library\synthesis\verilog\ecp5um5g.v (N/A, 2021-02-25 13:08:13)
3        C:\lscc\diamond\3.14\synpbase\lib\lucent\ecp5um5g.v (N/A, 2024-08-23 02:18:19)
4        C:\lscc\diamond\3.14\synpbase\lib\lucent\pmi_def.v (N/A, 2024-09-24 05:03:10)
5        C:\lscc\diamond\3.14\synpbase\lib\vlog\hypermods.v (N/A, 2024-09-24 05:03:35)
6        C:\lscc\diamond\3.14\synpbase\lib\vlog\scemi_objects.v (N/A, 2024-09-24 05:03:35)
7        C:\lscc\diamond\3.14\synpbase\lib\vlog\scemi_pipes.svh (N/A, 2024-09-24 05:03:35)

*******************************************************************
Modules that may have changed as a result of file changes: 148
MID:  lib.cell.view
0        work.ALU24A.verilog may have changed because the following files changed:
                        C:\lscc\diamond\3.14\cae_library\synthesis\verilog\ecp5um5g.v (N/A, 2021-02-25 13:08:13) <-- (module definition)
1        work.ALU24B.verilog may have changed because the following files changed:
                        C:\lscc\diamond\3.14\cae_library\synthesis\verilog\ecp5um5g.v (N/A, 2021-02-25 13:08:13) <-- (module definition)
2        work.ALU54A.verilog may have changed because the following files changed:
                        C:\lscc\diamond\3.14\cae_library\synthesis\verilog\ecp5um5g.v (N/A, 2021-02-25 13:08:13) <-- (module definition)
3        work.ALU54B.verilog may have changed because the following files changed:
                        C:\lscc\diamond\3.14\cae_library\synthesis\verilog\ecp5um5g.v (N/A, 2021-02-25 13:08:13) <-- (module definition)
4        work.AND2.verilog may have changed because the following files changed:
                        C:\lscc\diamond\3.14\cae_library\synthesis\verilog\ecp5um5g.v (N/A, 2021-02-25 13:08:13) <-- (module definition)
5        work.AND3.verilog may have changed because the following files changed:
                        C:\lscc\diamond\3.14\cae_library\synthesis\verilog\ecp5um5g.v (N/A, 2021-02-25 13:08:13) <-- (module definition)
6        work.AND4.verilog may have changed because the following files changed:
                        C:\lscc\diamond\3.14\cae_library\synthesis\verilog\ecp5um5g.v (N/A, 2021-02-25 13:08:13) <-- (module definition)
7        work.AND5.verilog may have changed because the following files changed:
                        C:\lscc\diamond\3.14\cae_library\synthesis\verilog\ecp5um5g.v (N/A, 2021-02-25 13:08:13) <-- (module definition)
8        work.BB.verilog may have changed because the following files changed:
                        C:\lscc\diamond\3.14\cae_library\synthesis\verilog\ecp5um5g.v (N/A, 2021-02-25 13:08:13) <-- (module definition)
9        work.BBPD.verilog may have changed because the following files changed:
                        C:\lscc\diamond\3.14\cae_library\synthesis\verilog\ecp5um5g.v (N/A, 2021-02-25 13:08:13) <-- (module definition)
10       work.BBPU.verilog may have changed because the following files changed:
                        C:\lscc\diamond\3.14\cae_library\synthesis\verilog\ecp5um5g.v (N/A, 2021-02-25 13:08:13) <-- (module definition)
11       work.BCINRD.verilog may have changed because the following files changed:
                        C:\lscc\diamond\3.14\cae_library\synthesis\verilog\ecp5um5g.v (N/A, 2021-02-25 13:08:13) <-- (module definition)
12       work.BCLVDSOB.verilog may have changed because the following files changed:
                        C:\lscc\diamond\3.14\cae_library\synthesis\verilog\ecp5um5g.v (N/A, 2021-02-25 13:08:13) <-- (module definition)
13       work.CCU2C.verilog may have changed because the following files changed:
                        C:\lscc\diamond\3.14\cae_library\synthesis\verilog\ecp5um5g.v (N/A, 2021-02-25 13:08:13) <-- (module definition)
14       work.CLKDIVF.verilog may have changed because the following files changed:
                        C:\lscc\diamond\3.14\cae_library\synthesis\verilog\ecp5um5g.v (N/A, 2021-02-25 13:08:13) <-- (module definition)
15       work.DCCA.verilog may have changed because the following files changed:
                        C:\lscc\diamond\3.14\cae_library\synthesis\verilog\ecp5um5g.v (N/A, 2021-02-25 13:08:13) <-- (module definition)
16       work.DCSC.verilog may have changed because the following files changed:
                        C:\lscc\diamond\3.14\cae_library\synthesis\verilog\ecp5um5g.v (N/A, 2021-02-25 13:08:13) <-- (module definition)
17       work.DCUA.verilog may have changed because the following files changed:
                        C:\lscc\diamond\3.14\cae_library\synthesis\verilog\ecp5um5g.v (N/A, 2021-02-25 13:08:13) <-- (module definition)
18       work.DDRDLLA.verilog may have changed because the following files changed:
                        C:\lscc\diamond\3.14\cae_library\synthesis\verilog\ecp5um5g.v (N/A, 2021-02-25 13:08:13) <-- (module definition)
19       work.DELAYF.verilog may have changed because the following files changed:
                        C:\lscc\diamond\3.14\cae_library\synthesis\verilog\ecp5um5g.v (N/A, 2021-02-25 13:08:13) <-- (module definition)
20       work.DELAYG.verilog may have changed because the following files changed:
                        C:\lscc\diamond\3.14\cae_library\synthesis\verilog\ecp5um5g.v (N/A, 2021-02-25 13:08:13) <-- (module definition)
21       work.DLLDELD.verilog may have changed because the following files changed:
                        C:\lscc\diamond\3.14\cae_library\synthesis\verilog\ecp5um5g.v (N/A, 2021-02-25 13:08:13) <-- (module definition)
22       work.DP16KD.verilog may have changed because the following files changed:
                        C:\lscc\diamond\3.14\cae_library\synthesis\verilog\ecp5um5g.v (N/A, 2021-02-25 13:08:13) <-- (module definition)
23       work.DPR16X4C.verilog may have changed because the following files changed:
                        C:\lscc\diamond\3.14\cae_library\synthesis\verilog\ecp5um5g.v (N/A, 2021-02-25 13:08:13) <-- (module definition)
24       work.DQSBUFM.verilog may have changed because the following files changed:
                        C:\lscc\diamond\3.14\cae_library\synthesis\verilog\ecp5um5g.v (N/A, 2021-02-25 13:08:13) <-- (module definition)
25       work.DTR.verilog may have changed because the following files changed:
                        C:\lscc\diamond\3.14\cae_library\synthesis\verilog\ecp5um5g.v (N/A, 2021-02-25 13:08:13) <-- (module definition)
26       work.ECLKBRIDGECS.verilog may have changed because the following files changed:
                        C:\lscc\diamond\3.14\cae_library\synthesis\verilog\ecp5um5g.v (N/A, 2021-02-25 13:08:13) <-- (module definition)
27       work.ECLKSYNCB.verilog may have changed because the following files changed:
                        C:\lscc\diamond\3.14\cae_library\synthesis\verilog\ecp5um5g.v (N/A, 2021-02-25 13:08:13) <-- (module definition)
28       work.EHXPLLL.verilog may have changed because the following files changed:
                        C:\lscc\diamond\3.14\cae_library\synthesis\verilog\ecp5um5g.v (N/A, 2021-02-25 13:08:13) <-- (module definition)
29       work.EXTREFB.verilog may have changed because the following files changed:
                        C:\lscc\diamond\3.14\cae_library\synthesis\verilog\ecp5um5g.v (N/A, 2021-02-25 13:08:13) <-- (module definition)
30       work.FD1P3AX.verilog may have changed because the following files changed:
                        C:\lscc\diamond\3.14\cae_library\synthesis\verilog\ecp5um5g.v (N/A, 2021-02-25 13:08:13) <-- (module definition)
31       work.FD1P3AY.verilog may have changed because the following files changed:
                        C:\lscc\diamond\3.14\cae_library\synthesis\verilog\ecp5um5g.v (N/A, 2021-02-25 13:08:13) <-- (module definition)
32       work.FD1P3BX.verilog may have changed because the following files changed:
                        C:\lscc\diamond\3.14\cae_library\synthesis\verilog\ecp5um5g.v (N/A, 2021-02-25 13:08:13) <-- (module definition)
33       work.FD1P3DX.verilog may have changed because the following files changed:
                        C:\lscc\diamond\3.14\cae_library\synthesis\verilog\ecp5um5g.v (N/A, 2021-02-25 13:08:13) <-- (module definition)
34       work.FD1P3IX.verilog may have changed because the following files changed:
                        C:\lscc\diamond\3.14\cae_library\synthesis\verilog\ecp5um5g.v (N/A, 2021-02-25 13:08:13) <-- (module definition)
35       work.FD1P3JX.verilog may have changed because the following files changed:
                        C:\lscc\diamond\3.14\cae_library\synthesis\verilog\ecp5um5g.v (N/A, 2021-02-25 13:08:13) <-- (module definition)
36       work.FD1S3AX.verilog may have changed because the following files changed:
                        C:\lscc\diamond\3.14\cae_library\synthesis\verilog\ecp5um5g.v (N/A, 2021-02-25 13:08:13) <-- (module definition)
37       work.FD1S3AY.verilog may have changed because the following files changed:
                        C:\lscc\diamond\3.14\cae_library\synthesis\verilog\ecp5um5g.v (N/A, 2021-02-25 13:08:13) <-- (module definition)
38       work.FD1S3BX.verilog may have changed because the following files changed:
                        C:\lscc\diamond\3.14\cae_library\synthesis\verilog\ecp5um5g.v (N/A, 2021-02-25 13:08:13) <-- (module definition)
39       work.FD1S3DX.verilog may have changed because the following files changed:
                        C:\lscc\diamond\3.14\cae_library\synthesis\verilog\ecp5um5g.v (N/A, 2021-02-25 13:08:13) <-- (module definition)
40       work.FD1S3IX.verilog may have changed because the following files changed:
                        C:\lscc\diamond\3.14\cae_library\synthesis\verilog\ecp5um5g.v (N/A, 2021-02-25 13:08:13) <-- (module definition)
41       work.FD1S3JX.verilog may have changed because the following files changed:
                        C:\lscc\diamond\3.14\cae_library\synthesis\verilog\ecp5um5g.v (N/A, 2021-02-25 13:08:13) <-- (module definition)
42       work.FL1P3AY.verilog may have changed because the following files changed:
                        C:\lscc\diamond\3.14\cae_library\synthesis\verilog\ecp5um5g.v (N/A, 2021-02-25 13:08:13) <-- (module definition)
43       work.FL1P3AZ.verilog may have changed because the following files changed:
                        C:\lscc\diamond\3.14\cae_library\synthesis\verilog\ecp5um5g.v (N/A, 2021-02-25 13:08:13) <-- (module definition)
44       work.FL1P3BX.verilog may have changed because the following files changed:
                        C:\lscc\diamond\3.14\cae_library\synthesis\verilog\ecp5um5g.v (N/A, 2021-02-25 13:08:13) <-- (module definition)
45       work.FL1P3DX.verilog may have changed because the following files changed:
                        C:\lscc\diamond\3.14\cae_library\synthesis\verilog\ecp5um5g.v (N/A, 2021-02-25 13:08:13) <-- (module definition)
46       work.FL1P3IY.verilog may have changed because the following files changed:
                        C:\lscc\diamond\3.14\cae_library\synthesis\verilog\ecp5um5g.v (N/A, 2021-02-25 13:08:13) <-- (module definition)
47       work.FL1P3JY.verilog may have changed because the following files changed:
                        C:\lscc\diamond\3.14\cae_library\synthesis\verilog\ecp5um5g.v (N/A, 2021-02-25 13:08:13) <-- (module definition)
48       work.FL1S3AX.verilog may have changed because the following files changed:
                        C:\lscc\diamond\3.14\cae_library\synthesis\verilog\ecp5um5g.v (N/A, 2021-02-25 13:08:13) <-- (module definition)
49       work.FL1S3AY.verilog may have changed because the following files changed:
                        C:\lscc\diamond\3.14\cae_library\synthesis\verilog\ecp5um5g.v (N/A, 2021-02-25 13:08:13) <-- (module definition)
50       work.GSR.verilog may have changed because the following files changed:
                        C:\lscc\diamond\3.14\cae_library\synthesis\verilog\ecp5um5g.v (N/A, 2021-02-25 13:08:13) <-- (module definition)
51       work.IB.verilog may have changed because the following files changed:
                        C:\lscc\diamond\3.14\cae_library\synthesis\verilog\ecp5um5g.v (N/A, 2021-02-25 13:08:13) <-- (module definition)
52       work.IBPD.verilog may have changed because the following files changed:
                        C:\lscc\diamond\3.14\cae_library\synthesis\verilog\ecp5um5g.v (N/A, 2021-02-25 13:08:13) <-- (module definition)
53       work.IBPU.verilog may have changed because the following files changed:
                        C:\lscc\diamond\3.14\cae_library\synthesis\verilog\ecp5um5g.v (N/A, 2021-02-25 13:08:13) <-- (module definition)
54       work.IDDR71B.verilog may have changed because the following files changed:
                        C:\lscc\diamond\3.14\cae_library\synthesis\verilog\ecp5um5g.v (N/A, 2021-02-25 13:08:13) <-- (module definition)
55       work.IDDRX1F.verilog may have changed because the following files changed:
                        C:\lscc\diamond\3.14\cae_library\synthesis\verilog\ecp5um5g.v (N/A, 2021-02-25 13:08:13) <-- (module definition)
56       work.IDDRX2DQA.verilog may have changed because the following files changed:
                        C:\lscc\diamond\3.14\cae_library\synthesis\verilog\ecp5um5g.v (N/A, 2021-02-25 13:08:13) <-- (module definition)
57       work.IDDRX2F.verilog may have changed because the following files changed:
                        C:\lscc\diamond\3.14\cae_library\synthesis\verilog\ecp5um5g.v (N/A, 2021-02-25 13:08:13) <-- (module definition)
58       work.IFS1P3BX.verilog may have changed because the following files changed:
                        C:\lscc\diamond\3.14\cae_library\synthesis\verilog\ecp5um5g.v (N/A, 2021-02-25 13:08:13) <-- (module definition)
59       work.IFS1P3DX.verilog may have changed because the following files changed:
                        C:\lscc\diamond\3.14\cae_library\synthesis\verilog\ecp5um5g.v (N/A, 2021-02-25 13:08:13) <-- (module definition)
60       work.IFS1P3IX.verilog may have changed because the following files changed:
                        C:\lscc\diamond\3.14\cae_library\synthesis\verilog\ecp5um5g.v (N/A, 2021-02-25 13:08:13) <-- (module definition)
61       work.IFS1P3JX.verilog may have changed because the following files changed:
                        C:\lscc\diamond\3.14\cae_library\synthesis\verilog\ecp5um5g.v (N/A, 2021-02-25 13:08:13) <-- (module definition)
62       work.IFS1S1B.verilog may have changed because the following files changed:
                        C:\lscc\diamond\3.14\cae_library\synthesis\verilog\ecp5um5g.v (N/A, 2021-02-25 13:08:13) <-- (module definition)
63       work.IFS1S1D.verilog may have changed because the following files changed:
                        C:\lscc\diamond\3.14\cae_library\synthesis\verilog\ecp5um5g.v (N/A, 2021-02-25 13:08:13) <-- (module definition)
64       work.IFS1S1I.verilog may have changed because the following files changed:
                        C:\lscc\diamond\3.14\cae_library\synthesis\verilog\ecp5um5g.v (N/A, 2021-02-25 13:08:13) <-- (module definition)
65       work.IFS1S1J.verilog may have changed because the following files changed:
                        C:\lscc\diamond\3.14\cae_library\synthesis\verilog\ecp5um5g.v (N/A, 2021-02-25 13:08:13) <-- (module definition)
66       work.ILVDS.verilog may have changed because the following files changed:
                        C:\lscc\diamond\3.14\cae_library\synthesis\verilog\ecp5um5g.v (N/A, 2021-02-25 13:08:13) <-- (module definition)
67       work.IMIPI.verilog may have changed because the following files changed:
                        C:\lscc\diamond\3.14\cae_library\synthesis\verilog\ecp5um5g.v (N/A, 2021-02-25 13:08:13) <-- (module definition)
68       work.INRDB.verilog may have changed because the following files changed:
                        C:\lscc\diamond\3.14\cae_library\synthesis\verilog\ecp5um5g.v (N/A, 2021-02-25 13:08:13) <-- (module definition)
69       work.INV.verilog may have changed because the following files changed:
                        C:\lscc\diamond\3.14\cae_library\synthesis\verilog\ecp5um5g.v (N/A, 2021-02-25 13:08:13) <-- (module definition)
70       work.JTAGG.verilog may have changed because the following files changed:
                        C:\lscc\diamond\3.14\cae_library\synthesis\verilog\ecp5um5g.v (N/A, 2021-02-25 13:08:13) <-- (module definition)
71       work.L6MUX21.verilog may have changed because the following files changed:
                        C:\lscc\diamond\3.14\cae_library\synthesis\verilog\ecp5um5g.v (N/A, 2021-02-25 13:08:13) <-- (module definition)
72       work.LUT4.verilog may have changed because the following files changed:
                        C:\lscc\diamond\3.14\cae_library\synthesis\verilog\ecp5um5g.v (N/A, 2021-02-25 13:08:13) <-- (module definition)
73       work.LUT5.verilog may have changed because the following files changed:
                        C:\lscc\diamond\3.14\cae_library\synthesis\verilog\ecp5um5g.v (N/A, 2021-02-25 13:08:13) <-- (module definition)
74       work.LUT6.verilog may have changed because the following files changed:
                        C:\lscc\diamond\3.14\cae_library\synthesis\verilog\ecp5um5g.v (N/A, 2021-02-25 13:08:13) <-- (module definition)
75       work.LUT7.verilog may have changed because the following files changed:
                        C:\lscc\diamond\3.14\cae_library\synthesis\verilog\ecp5um5g.v (N/A, 2021-02-25 13:08:13) <-- (module definition)
76       work.LUT8.verilog may have changed because the following files changed:
                        C:\lscc\diamond\3.14\cae_library\synthesis\verilog\ecp5um5g.v (N/A, 2021-02-25 13:08:13) <-- (module definition)
77       work.LVDSOB.verilog may have changed because the following files changed:
                        C:\lscc\diamond\3.14\cae_library\synthesis\verilog\ecp5um5g.v (N/A, 2021-02-25 13:08:13) <-- (module definition)
78       work.MULT18X18C.verilog may have changed because the following files changed:
                        C:\lscc\diamond\3.14\cae_library\synthesis\verilog\ecp5um5g.v (N/A, 2021-02-25 13:08:13) <-- (module definition)
79       work.MULT18X18D.verilog may have changed because the following files changed:
                        C:\lscc\diamond\3.14\cae_library\synthesis\verilog\ecp5um5g.v (N/A, 2021-02-25 13:08:13) <-- (module definition)
80       work.MULT9X9C.verilog may have changed because the following files changed:
                        C:\lscc\diamond\3.14\cae_library\synthesis\verilog\ecp5um5g.v (N/A, 2021-02-25 13:08:13) <-- (module definition)
81       work.MULT9X9D.verilog may have changed because the following files changed:
                        C:\lscc\diamond\3.14\cae_library\synthesis\verilog\ecp5um5g.v (N/A, 2021-02-25 13:08:13) <-- (module definition)
82       work.MUX161.verilog may have changed because the following files changed:
                        C:\lscc\diamond\3.14\cae_library\synthesis\verilog\ecp5um5g.v (N/A, 2021-02-25 13:08:13) <-- (module definition)
83       work.MUX21.verilog may have changed because the following files changed:
                        C:\lscc\diamond\3.14\cae_library\synthesis\verilog\ecp5um5g.v (N/A, 2021-02-25 13:08:13) <-- (module definition)
84       work.MUX321.verilog may have changed because the following files changed:
                        C:\lscc\diamond\3.14\cae_library\synthesis\verilog\ecp5um5g.v (N/A, 2021-02-25 13:08:13) <-- (module definition)
85       work.MUX41.verilog may have changed because the following files changed:
                        C:\lscc\diamond\3.14\cae_library\synthesis\verilog\ecp5um5g.v (N/A, 2021-02-25 13:08:13) <-- (module definition)
86       work.MUX81.verilog may have changed because the following files changed:
                        C:\lscc\diamond\3.14\cae_library\synthesis\verilog\ecp5um5g.v (N/A, 2021-02-25 13:08:13) <-- (module definition)
87       work.ND2.verilog may have changed because the following files changed:
                        C:\lscc\diamond\3.14\cae_library\synthesis\verilog\ecp5um5g.v (N/A, 2021-02-25 13:08:13) <-- (module definition)
88       work.ND3.verilog may have changed because the following files changed:
                        C:\lscc\diamond\3.14\cae_library\synthesis\verilog\ecp5um5g.v (N/A, 2021-02-25 13:08:13) <-- (module definition)
89       work.ND4.verilog may have changed because the following files changed:
                        C:\lscc\diamond\3.14\cae_library\synthesis\verilog\ecp5um5g.v (N/A, 2021-02-25 13:08:13) <-- (module definition)
90       work.ND5.verilog may have changed because the following files changed:
                        C:\lscc\diamond\3.14\cae_library\synthesis\verilog\ecp5um5g.v (N/A, 2021-02-25 13:08:13) <-- (module definition)
91       work.NR2.verilog may have changed because the following files changed:
                        C:\lscc\diamond\3.14\cae_library\synthesis\verilog\ecp5um5g.v (N/A, 2021-02-25 13:08:13) <-- (module definition)
92       work.NR3.verilog may have changed because the following files changed:
                        C:\lscc\diamond\3.14\cae_library\synthesis\verilog\ecp5um5g.v (N/A, 2021-02-25 13:08:13) <-- (module definition)
93       work.NR4.verilog may have changed because the following files changed:
                        C:\lscc\diamond\3.14\cae_library\synthesis\verilog\ecp5um5g.v (N/A, 2021-02-25 13:08:13) <-- (module definition)
94       work.NR5.verilog may have changed because the following files changed:
                        C:\lscc\diamond\3.14\cae_library\synthesis\verilog\ecp5um5g.v (N/A, 2021-02-25 13:08:13) <-- (module definition)
95       work.OB.verilog may have changed because the following files changed:
                        C:\lscc\diamond\3.14\cae_library\synthesis\verilog\ecp5um5g.v (N/A, 2021-02-25 13:08:13) <-- (module definition)
96       work.OBCO.verilog may have changed because the following files changed:
                        C:\lscc\diamond\3.14\cae_library\synthesis\verilog\ecp5um5g.v (N/A, 2021-02-25 13:08:13) <-- (module definition)
97       work.OBZ.verilog may have changed because the following files changed:
                        C:\lscc\diamond\3.14\cae_library\synthesis\verilog\ecp5um5g.v (N/A, 2021-02-25 13:08:13) <-- (module definition)
98       work.OBZPU.verilog may have changed because the following files changed:
                        C:\lscc\diamond\3.14\cae_library\synthesis\verilog\ecp5um5g.v (N/A, 2021-02-25 13:08:13) <-- (module definition)
99       work.ODDR71B.verilog may have changed because the following files changed:
                        C:\lscc\diamond\3.14\cae_library\synthesis\verilog\ecp5um5g.v (N/A, 2021-02-25 13:08:13) <-- (module definition)
100      work.ODDRX1F.verilog may have changed because the following files changed:
                        C:\lscc\diamond\3.14\cae_library\synthesis\verilog\ecp5um5g.v (N/A, 2021-02-25 13:08:13) <-- (module definition)
101      work.ODDRX2DQA.verilog may have changed because the following files changed:
                        C:\lscc\diamond\3.14\cae_library\synthesis\verilog\ecp5um5g.v (N/A, 2021-02-25 13:08:13) <-- (module definition)
102      work.ODDRX2DQSB.verilog may have changed because the following files changed:
                        C:\lscc\diamond\3.14\cae_library\synthesis\verilog\ecp5um5g.v (N/A, 2021-02-25 13:08:13) <-- (module definition)
103      work.ODDRX2F.verilog may have changed because the following files changed:
                        C:\lscc\diamond\3.14\cae_library\synthesis\verilog\ecp5um5g.v (N/A, 2021-02-25 13:08:13) <-- (module definition)
104      work.OFS1P3BX.verilog may have changed because the following files changed:
                        C:\lscc\diamond\3.14\cae_library\synthesis\verilog\ecp5um5g.v (N/A, 2021-02-25 13:08:13) <-- (module definition)
105      work.OFS1P3DX.verilog may have changed because the following files changed:
                        C:\lscc\diamond\3.14\cae_library\synthesis\verilog\ecp5um5g.v (N/A, 2021-02-25 13:08:13) <-- (module definition)
106      work.OFS1P3IX.verilog may have changed because the following files changed:
                        C:\lscc\diamond\3.14\cae_library\synthesis\verilog\ecp5um5g.v (N/A, 2021-02-25 13:08:13) <-- (module definition)
107      work.OFS1P3JX.verilog may have changed because the following files changed:
                        C:\lscc\diamond\3.14\cae_library\synthesis\verilog\ecp5um5g.v (N/A, 2021-02-25 13:08:13) <-- (module definition)
108      work.OLVDS.verilog may have changed because the following files changed:
                        C:\lscc\diamond\3.14\cae_library\synthesis\verilog\ecp5um5g.v (N/A, 2021-02-25 13:08:13) <-- (module definition)
109      work.OR2.verilog may have changed because the following files changed:
                        C:\lscc\diamond\3.14\cae_library\synthesis\verilog\ecp5um5g.v (N/A, 2021-02-25 13:08:13) <-- (module definition)
110      work.OR3.verilog may have changed because the following files changed:
                        C:\lscc\diamond\3.14\cae_library\synthesis\verilog\ecp5um5g.v (N/A, 2021-02-25 13:08:13) <-- (module definition)
111      work.OR4.verilog may have changed because the following files changed:
                        C:\lscc\diamond\3.14\cae_library\synthesis\verilog\ecp5um5g.v (N/A, 2021-02-25 13:08:13) <-- (module definition)
112      work.OR5.verilog may have changed because the following files changed:
                        C:\lscc\diamond\3.14\cae_library\synthesis\verilog\ecp5um5g.v (N/A, 2021-02-25 13:08:13) <-- (module definition)
113      work.OSCG.verilog may have changed because the following files changed:
                        C:\lscc\diamond\3.14\cae_library\synthesis\verilog\ecp5um5g.v (N/A, 2021-02-25 13:08:13) <-- (module definition)
114      work.OSHX2A.verilog may have changed because the following files changed:
                        C:\lscc\diamond\3.14\cae_library\synthesis\verilog\ecp5um5g.v (N/A, 2021-02-25 13:08:13) <-- (module definition)
115      work.PCSCLKDIV.verilog may have changed because the following files changed:
                        C:\lscc\diamond\3.14\cae_library\synthesis\verilog\ecp5um5g.v (N/A, 2021-02-25 13:08:13) <-- (module definition)
116      work.PDPW16KD.verilog may have changed because the following files changed:
                        C:\lscc\diamond\3.14\cae_library\synthesis\verilog\ecp5um5g.v (N/A, 2021-02-25 13:08:13) <-- (module definition)
117      work.PFUMX.verilog may have changed because the following files changed:
                        C:\lscc\diamond\3.14\cae_library\synthesis\verilog\ecp5um5g.v (N/A, 2021-02-25 13:08:13) <-- (module definition)
118      work.PLLREFCS.verilog may have changed because the following files changed:
                        C:\lscc\diamond\3.14\cae_library\synthesis\verilog\ecp5um5g.v (N/A, 2021-02-25 13:08:13) <-- (module definition)
119      work.PRADD18A.verilog may have changed because the following files changed:
                        C:\lscc\diamond\3.14\cae_library\synthesis\verilog\ecp5um5g.v (N/A, 2021-02-25 13:08:13) <-- (module definition)
120      work.PRADD9A.verilog may have changed because the following files changed:
                        C:\lscc\diamond\3.14\cae_library\synthesis\verilog\ecp5um5g.v (N/A, 2021-02-25 13:08:13) <-- (module definition)
121      work.PUR.verilog may have changed because the following files changed:
                        C:\lscc\diamond\3.14\cae_library\synthesis\verilog\ecp5um5g.v (N/A, 2021-02-25 13:08:13) <-- (module definition)
122      work.ROM128X1A.verilog may have changed because the following files changed:
                        C:\lscc\diamond\3.14\cae_library\synthesis\verilog\ecp5um5g.v (N/A, 2021-02-25 13:08:13) <-- (module definition)
123      work.ROM16X1A.verilog may have changed because the following files changed:
                        C:\lscc\diamond\3.14\cae_library\synthesis\verilog\ecp5um5g.v (N/A, 2021-02-25 13:08:13) <-- (module definition)
124      work.ROM256X1A.verilog may have changed because the following files changed:
                        C:\lscc\diamond\3.14\cae_library\synthesis\verilog\ecp5um5g.v (N/A, 2021-02-25 13:08:13) <-- (module definition)
125      work.ROM32X1A.verilog may have changed because the following files changed:
                        C:\lscc\diamond\3.14\cae_library\synthesis\verilog\ecp5um5g.v (N/A, 2021-02-25 13:08:13) <-- (module definition)
126      work.ROM64X1A.verilog may have changed because the following files changed:
                        C:\lscc\diamond\3.14\cae_library\synthesis\verilog\ecp5um5g.v (N/A, 2021-02-25 13:08:13) <-- (module definition)
127      work.SEDGA.verilog may have changed because the following files changed:
                        C:\lscc\diamond\3.14\cae_library\synthesis\verilog\ecp5um5g.v (N/A, 2021-02-25 13:08:13) <-- (module definition)
128      work.SGSR.verilog may have changed because the following files changed:
                        C:\lscc\diamond\3.14\cae_library\synthesis\verilog\ecp5um5g.v (N/A, 2021-02-25 13:08:13) <-- (module definition)
129      work.SPR16X4C.verilog may have changed because the following files changed:
                        C:\lscc\diamond\3.14\cae_library\synthesis\verilog\ecp5um5g.v (N/A, 2021-02-25 13:08:13) <-- (module definition)
130      work.START.verilog may have changed because the following files changed:
                        C:\lscc\diamond\3.14\cae_library\synthesis\verilog\ecp5um5g.v (N/A, 2021-02-25 13:08:13) <-- (module definition)
131      work.TSHX2DQA.verilog may have changed because the following files changed:
                        C:\lscc\diamond\3.14\cae_library\synthesis\verilog\ecp5um5g.v (N/A, 2021-02-25 13:08:13) <-- (module definition)
132      work.TSHX2DQSA.verilog may have changed because the following files changed:
                        C:\lscc\diamond\3.14\cae_library\synthesis\verilog\ecp5um5g.v (N/A, 2021-02-25 13:08:13) <-- (module definition)
133      work.USRMCLK.verilog may have changed because the following files changed:
                        C:\lscc\diamond\3.14\cae_library\synthesis\verilog\ecp5um5g.v (N/A, 2021-02-25 13:08:13) <-- (module definition)
134      work.VHI.verilog may have changed because the following files changed:
                        C:\lscc\diamond\3.14\cae_library\synthesis\verilog\ecp5um5g.v (N/A, 2021-02-25 13:08:13) <-- (module definition)
135      work.VLO.verilog may have changed because the following files changed:
                        C:\lscc\diamond\3.14\cae_library\synthesis\verilog\ecp5um5g.v (N/A, 2021-02-25 13:08:13) <-- (module definition)
136      work.XNOR2.verilog may have changed because the following files changed:
                        C:\lscc\diamond\3.14\cae_library\synthesis\verilog\ecp5um5g.v (N/A, 2021-02-25 13:08:13) <-- (module definition)
137      work.XNOR3.verilog may have changed because the following files changed:
                        C:\lscc\diamond\3.14\cae_library\synthesis\verilog\ecp5um5g.v (N/A, 2021-02-25 13:08:13) <-- (module definition)
138      work.XNOR4.verilog may have changed because the following files changed:
                        C:\lscc\diamond\3.14\cae_library\synthesis\verilog\ecp5um5g.v (N/A, 2021-02-25 13:08:13) <-- (module definition)
139      work.XNOR5.verilog may have changed because the following files changed:
                        C:\lscc\diamond\3.14\cae_library\synthesis\verilog\ecp5um5g.v (N/A, 2021-02-25 13:08:13) <-- (module definition)
140      work.XOR11.verilog may have changed because the following files changed:
                        C:\lscc\diamond\3.14\cae_library\synthesis\verilog\ecp5um5g.v (N/A, 2021-02-25 13:08:13) <-- (module definition)
141      work.XOR2.verilog may have changed because the following files changed:
                        C:\lscc\diamond\3.14\cae_library\synthesis\verilog\ecp5um5g.v (N/A, 2021-02-25 13:08:13) <-- (module definition)
142      work.XOR21.verilog may have changed because the following files changed:
                        C:\lscc\diamond\3.14\cae_library\synthesis\verilog\ecp5um5g.v (N/A, 2021-02-25 13:08:13) <-- (module definition)
143      work.XOR3.verilog may have changed because the following files changed:
                        C:\lscc\diamond\3.14\cae_library\synthesis\verilog\ecp5um5g.v (N/A, 2021-02-25 13:08:13) <-- (module definition)
144      work.XOR4.verilog may have changed because the following files changed:
                        C:\lscc\diamond\3.14\cae_library\synthesis\verilog\ecp5um5g.v (N/A, 2021-02-25 13:08:13) <-- (module definition)
145      work.XOR5.verilog may have changed because the following files changed:
                        C:\lscc\diamond\3.14\cae_library\synthesis\verilog\ecp5um5g.v (N/A, 2021-02-25 13:08:13) <-- (module definition)
146      work.rcosfilter_m.verilog may have changed because the following files changed:
                        C:\Users\SNA\Documents\FPGA_code\lattice_sdr_code\FIRfilter\rcosfilter_m\rcosfilter_m.v (N/A, 2026-01-07 21:16:09) <-- (module definition)
147      work.rcosfilter_m_core.verilog may have changed because the following files changed:
                        C:\Users\SNA\Documents\FPGA_code\lattice_sdr_code\FIRfilter\rcosfilter_m\rcosfilter_m.v (N/A, 2026-01-07 21:16:09) <-- (may instantiate this module)
                        C:\Users\SNA\Documents\FPGA_code\lattice_sdr_code\FIRfilter\rcosfilter_m\rcosfilter_m_core_bb.v (N/A, 2026-01-07 21:16:09) <-- (module definition)

*******************************************************************
Unmodified files: 0
FID:  path (timestamp)

*******************************************************************
Unchanged modules: 0
MID:  lib.cell.view
