
synthesis -f "mySDR_fpga_impl1_lattice.synproj"
synthesis:  version Diamond (64-bit) 3.14.0.75.2

Copyright (c) 1991-1994 by NeoCAD Inc. All rights reserved.
Copyright (c) 1995 AT&T Corp.   All rights reserved.
Copyright (c) 1995-2001 Lucent Technologies Inc.  All rights reserved.
Copyright (c) 2001 Agere Systems   All rights reserved.
Copyright (c) 2002-2024 Lattice Semiconductor Corporation,  All rights reserved.
Tue Jan 13 16:57:32 2026


Command Line:  synthesis -f mySDR_fpga_impl1_lattice.synproj -gui -msgset C:/Users/SNA/Documents/FPGA_code/lattice_sdr_code/promote.xml 

    <postMsg mid="35002000" type="Info"    dynamic="0" navigation="0"  />
Synthesis options:
The -a option is ECP5UM5G.
The -s option is 8.
The -t option is CABGA381.
The -d option is LFE5UM5G-85F.
Using package CABGA381.
Using performance grade 8.
                                                          

##########################################################

### Lattice Family : ECP5UM5G

### Device  : LFE5UM5G-85F

### Package : CABGA381

### Speed   : 8

##########################################################

                                                          

    <postMsg mid="35001781" type="Info"    dynamic="0" navigation="0"  />
Optimization goal = Timing
Top-level module name = top_module.
Target frequency = 200.000000 MHz.
Maximum fanout = 1000.
Timing path count = 3
BRAM utilization = 100.000000 %
DSP usage = true
DSP utilization = 100.000000 %
fsm_encoding_style = auto
resolve_mixed_drivers = 0
fix_gated_clocks = 1

Mux style = Auto
Use Carry Chain = true
carry_chain_length = 0
Loop Limit = 1950.
Use IO Insertion = TRUE
Use IO Reg = AUTO

Resource Sharing = TRUE
Propagate Constants = TRUE
Remove Duplicate Registers = TRUE
force_gsr = auto
ROM style = auto
RAM style = auto
The -comp option is FALSE.
The -syn option is FALSE.
-p C:/Users/SNA/Documents/FPGA_code/lattice_sdr_code (searchpath added)
-p C:/lscc/diamond/3.14/ispfpga/sa5p00g/data (searchpath added)
-p C:/Users/SNA/Documents/FPGA_code/lattice_sdr_code/impl1 (searchpath added)
-p C:/Users/SNA/Documents/FPGA_code/lattice_sdr_code (searchpath added)
-p C:/Users/SNA/Documents/FPGA_code/lattice_sdr_code/rcos/rcosfilter_m (searchpath added)
Verilog design file = C:/Users/SNA/Documents/FPGA_code/lattice_sdr_code/src/top_module.v
Verilog design file = C:/Users/SNA/Documents/FPGA_code/lattice_sdr_code/src/local_oscillator.v
Verilog design file = C:/Users/SNA/Documents/FPGA_code/lattice_sdr_code/src/IQSerializer.v
Verilog design file = C:/Users/SNA/Documents/FPGA_code/lattice_sdr_code/src/DEDFF.v
Verilog design file = C:/Users/SNA/Documents/FPGA_code/lattice_sdr_code/src/clockDivider.v
Verilog design file = C:/Users/SNA/Documents/FPGA_code/lattice_sdr_code/src/packetGenerator.v
Verilog design file = C:/Users/SNA/Documents/FPGA_code/lattice_sdr_code/src/packetCounter.v
Verilog design file = C:/Users/SNA/Documents/FPGA_code/lattice_sdr_code/src/FSKModulator.v
Verilog design file = C:/Users/SNA/Documents/FPGA_code/lattice_sdr_code/src/ble_packet.v
Verilog design file = C:/Users/SNA/Documents/FPGA_code/lattice_sdr_code/src/cosModule.v
Verilog design file = C:/Users/SNA/Documents/FPGA_code/lattice_sdr_code/src/sinModule.v
Verilog design file = C:/Users/SNA/Documents/FPGA_code/lattice_sdr_code/src/bleDefines.v
Verilog design file = C:/Users/SNA/Documents/FPGA_code/lattice_sdr_code/src/radioDefines.v
Verilog design file = C:/Users/SNA/Documents/FPGA_code/lattice_sdr_code/pll_64m/pll_64/pll_64.v
Verilog design file = C:/Users/SNA/Documents/FPGA_code/lattice_sdr_code/pll_64m/pll_64_new/pll_64_new.v
Verilog design file = C:/Users/SNA/Documents/FPGA_code/lattice_sdr_code/pll_64m/pll_try/pll_try.v
Verilog design file = C:/Users/SNA/Documents/FPGA_code/lattice_sdr_code/pll_64m/pll_64m.v
Verilog design file = C:/Users/SNA/Documents/FPGA_code/lattice_sdr_code/divided_pll/pll_24m/pll_24m.v
Verilog design file = C:/Users/SNA/Documents/FPGA_code/lattice_sdr_code/divided_pll/divided_pll.v
Verilog design file = C:/Users/SNA/Documents/FPGA_code/lattice_sdr_code/divided_pll_2/pll_24_64m/pll_24_64m.v
Verilog design file = C:/Users/SNA/Documents/FPGA_code/lattice_sdr_code/divided_pll_2/divided_pll_2.v
Verilog design file = C:/Users/SNA/Documents/FPGA_code/lattice_sdr_code/creating_nco/SinCos_Module/SinCos_Module.v
Verilog design file = C:/Users/SNA/Documents/FPGA_code/lattice_sdr_code/creating_nco/sincos_m/sincos_m.v
Verilog design file = C:/Users/SNA/Documents/FPGA_code/lattice_sdr_code/creating_nco/creating_nco.v
Verilog design file = C:/Users/SNA/Documents/FPGA_code/lattice_sdr_code/multiplier/mult_m/mult_m.v
Verilog design file = C:/Users/SNA/Documents/FPGA_code/lattice_sdr_code/multiplier/multiplier_12_2_m/multiplier_12_2_m.v
Verilog design file = C:/Users/SNA/Documents/FPGA_code/lattice_sdr_code/multiplier/multiplier.v
Verilog design file = C:/Users/SNA/Documents/FPGA_code/lattice_sdr_code/src/fsktb.v
Verilog design file = C:/Users/SNA/Documents/FPGA_code/lattice_sdr_code/src/QPSK_modulator.v
Verilog design file = C:/Users/SNA/Documents/FPGA_code/lattice_sdr_code/src/dds_lattice_sincos.v
Verilog design file = C:/Users/SNA/Documents/FPGA_code/lattice_sdr_code/src/iq_div.v
Verilog design file = C:/Users/SNA/Documents/FPGA_code/lattice_sdr_code/src/dds_tb.v
Verilog design file = C:/Users/SNA/Documents/FPGA_code/lattice_sdr_code/src/qpsk_tb.v
Verilog design file = C:/Users/SNA/Documents/FPGA_code/lattice_sdr_code/rcos/rcosfilter_m/rcosfilter_m.v
Verilog design file = C:/Users/SNA/Documents/FPGA_code/lattice_sdr_code/rcos/rcosfilter_m/rcosfilter_m_core_bb.v
Verilog design file = C:/Users/SNA/Documents/FPGA_code/lattice_sdr_code/rcos/rcos.v
NGD file = mySDR_fpga_impl1.ngd
-sdc option: SDC file input not used.
-lpf option: Output file option is ON.
Hardtimer checking is enabled (default). The -dt option is not used.
The -r option is OFF. [ Remove LOC Properties is OFF. ]
Technology check ok...

Analyzing Verilog file C:/lscc/diamond/3.14/ispfpga/userware/NT/SYNTHESIS_HEADERS/ecp5um.v. VERI-1482
Compile design.
Compile Design Begin
Analyzing Verilog file c:/users/sna/documents/fpga_code/lattice_sdr_code/src/top_module.v. VERI-1482
    <postMsg mid="35901328" type="Info"    dynamic="2" navigation="2" arg0="c:/users/sna/documents/fpga_code/lattice_sdr_code/src/top_module.v(1): " arg1="c:/users/sna/documents/fpga_code/lattice_sdr_code/src/bleDefines.v" arg2="c:/users/sna/documents/fpga_code/lattice_sdr_code/src/top_module.v" arg3="1"  />
    <postMsg mid="35901328" type="Info"    dynamic="2" navigation="2" arg0="c:/users/sna/documents/fpga_code/lattice_sdr_code/src/top_module.v(2): " arg1="c:/users/sna/documents/fpga_code/lattice_sdr_code/src/radioDefines.v" arg2="c:/users/sna/documents/fpga_code/lattice_sdr_code/src/top_module.v" arg3="2"  />
Analyzing Verilog file c:/users/sna/documents/fpga_code/lattice_sdr_code/src/local_oscillator.v. VERI-1482
    <postMsg mid="35901328" type="Info"    dynamic="2" navigation="2" arg0="c:/users/sna/documents/fpga_code/lattice_sdr_code/src/local_oscillator.v(2): " arg1="c:/users/sna/documents/fpga_code/lattice_sdr_code/src/defines.v" arg2="c:/users/sna/documents/fpga_code/lattice_sdr_code/src/local_oscillator.v" arg3="2"  />
Analyzing Verilog file c:/users/sna/documents/fpga_code/lattice_sdr_code/src/iqserializer.v. VERI-1482
    <postMsg mid="35901328" type="Info"    dynamic="2" navigation="2" arg0="c:/users/sna/documents/fpga_code/lattice_sdr_code/src/iqserializer.v(1): " arg1="c:/users/sna/documents/fpga_code/lattice_sdr_code/src/radioDefines.v" arg2="c:/users/sna/documents/fpga_code/lattice_sdr_code/src/iqserializer.v" arg3="1"  />
Analyzing Verilog file c:/users/sna/documents/fpga_code/lattice_sdr_code/src/dedff.v. VERI-1482
Analyzing Verilog file c:/users/sna/documents/fpga_code/lattice_sdr_code/src/clockdivider.v. VERI-1482
Analyzing Verilog file c:/users/sna/documents/fpga_code/lattice_sdr_code/src/packetgenerator.v. VERI-1482
    <postMsg mid="35901328" type="Info"    dynamic="2" navigation="2" arg0="c:/users/sna/documents/fpga_code/lattice_sdr_code/src/packetgenerator.v(2): " arg1="c:/users/sna/documents/fpga_code/lattice_sdr_code/src/bleDefines.v" arg2="c:/users/sna/documents/fpga_code/lattice_sdr_code/src/packetgenerator.v" arg3="2"  />
Analyzing Verilog file c:/users/sna/documents/fpga_code/lattice_sdr_code/src/packetcounter.v. VERI-1482
    <postMsg mid="35901328" type="Info"    dynamic="2" navigation="2" arg0="c:/users/sna/documents/fpga_code/lattice_sdr_code/src/packetcounter.v(1): " arg1="c:/users/sna/documents/fpga_code/lattice_sdr_code/src/bleDefines.v" arg2="c:/users/sna/documents/fpga_code/lattice_sdr_code/src/packetcounter.v" arg3="1"  />
Analyzing Verilog file c:/users/sna/documents/fpga_code/lattice_sdr_code/src/fskmodulator.v. VERI-1482
    <postMsg mid="35901328" type="Info"    dynamic="2" navigation="2" arg0="c:/users/sna/documents/fpga_code/lattice_sdr_code/src/fskmodulator.v(2): " arg1="c:/users/sna/documents/fpga_code/lattice_sdr_code/src/radioDefines.v" arg2="c:/users/sna/documents/fpga_code/lattice_sdr_code/src/fskmodulator.v" arg3="2"  />
    <postMsg mid="35901328" type="Info"    dynamic="2" navigation="2" arg0="c:/users/sna/documents/fpga_code/lattice_sdr_code/src/fskmodulator.v(3): " arg1="c:/users/sna/documents/fpga_code/lattice_sdr_code/src/bleDefines.v" arg2="c:/users/sna/documents/fpga_code/lattice_sdr_code/src/fskmodulator.v" arg3="3"  />
Analyzing Verilog file c:/users/sna/documents/fpga_code/lattice_sdr_code/src/ble_packet.v. VERI-1482
Analyzing Verilog file c:/users/sna/documents/fpga_code/lattice_sdr_code/src/cosmodule.v. VERI-1482
    <postMsg mid="35901328" type="Info"    dynamic="2" navigation="2" arg0="c:/users/sna/documents/fpga_code/lattice_sdr_code/src/cosmodule.v(1): " arg1="c:/users/sna/documents/fpga_code/lattice_sdr_code/src/bleDefines.v" arg2="c:/users/sna/documents/fpga_code/lattice_sdr_code/src/cosmodule.v" arg3="1"  />
Analyzing Verilog file c:/users/sna/documents/fpga_code/lattice_sdr_code/src/sinmodule.v. VERI-1482
    <postMsg mid="35901328" type="Info"    dynamic="2" navigation="2" arg0="c:/users/sna/documents/fpga_code/lattice_sdr_code/src/sinmodule.v(1): " arg1="c:/users/sna/documents/fpga_code/lattice_sdr_code/src/bleDefines.v" arg2="c:/users/sna/documents/fpga_code/lattice_sdr_code/src/sinmodule.v" arg3="1"  />
Analyzing Verilog file c:/users/sna/documents/fpga_code/lattice_sdr_code/src/bledefines.v. VERI-1482
Analyzing Verilog file c:/users/sna/documents/fpga_code/lattice_sdr_code/src/radiodefines.v. VERI-1482
Analyzing Verilog file c:/users/sna/documents/fpga_code/lattice_sdr_code/pll_64m/pll_64/pll_64.v. VERI-1482
Analyzing Verilog file c:/users/sna/documents/fpga_code/lattice_sdr_code/pll_64m/pll_64_new/pll_64_new.v. VERI-1482
Analyzing Verilog file c:/users/sna/documents/fpga_code/lattice_sdr_code/pll_64m/pll_try/pll_try.v. VERI-1482
Analyzing Verilog file c:/users/sna/documents/fpga_code/lattice_sdr_code/pll_64m/pll_64m.v. VERI-1482
Analyzing Verilog file c:/users/sna/documents/fpga_code/lattice_sdr_code/divided_pll/pll_24m/pll_24m.v. VERI-1482
Analyzing Verilog file c:/users/sna/documents/fpga_code/lattice_sdr_code/divided_pll/divided_pll.v. VERI-1482
Analyzing Verilog file c:/users/sna/documents/fpga_code/lattice_sdr_code/divided_pll_2/pll_24_64m/pll_24_64m.v. VERI-1482
Analyzing Verilog file c:/users/sna/documents/fpga_code/lattice_sdr_code/divided_pll_2/divided_pll_2.v. VERI-1482
Analyzing Verilog file c:/users/sna/documents/fpga_code/lattice_sdr_code/creating_nco/sincos_module/sincos_module.v. VERI-1482
Analyzing Verilog file c:/users/sna/documents/fpga_code/lattice_sdr_code/creating_nco/sincos_m/sincos_m.v. VERI-1482
Analyzing Verilog file c:/users/sna/documents/fpga_code/lattice_sdr_code/creating_nco/creating_nco.v. VERI-1482
Analyzing Verilog file c:/users/sna/documents/fpga_code/lattice_sdr_code/multiplier/mult_m/mult_m.v. VERI-1482
Analyzing Verilog file c:/users/sna/documents/fpga_code/lattice_sdr_code/multiplier/multiplier_12_2_m/multiplier_12_2_m.v. VERI-1482
Analyzing Verilog file c:/users/sna/documents/fpga_code/lattice_sdr_code/multiplier/multiplier.v. VERI-1482
Analyzing Verilog file c:/users/sna/documents/fpga_code/lattice_sdr_code/src/fsktb.v. VERI-1482
Analyzing Verilog file c:/users/sna/documents/fpga_code/lattice_sdr_code/src/qpsk_modulator.v. VERI-1482
Analyzing Verilog file c:/users/sna/documents/fpga_code/lattice_sdr_code/src/dds_lattice_sincos.v. VERI-1482
Analyzing Verilog file c:/users/sna/documents/fpga_code/lattice_sdr_code/src/iq_div.v. VERI-1482
Analyzing Verilog file c:/users/sna/documents/fpga_code/lattice_sdr_code/src/dds_tb.v. VERI-1482
Analyzing Verilog file c:/users/sna/documents/fpga_code/lattice_sdr_code/src/qpsk_tb.v. VERI-1482
Analyzing Verilog file c:/users/sna/documents/fpga_code/lattice_sdr_code/rcos/rcosfilter_m/rcosfilter_m.v. VERI-1482
Analyzing Verilog file c:/users/sna/documents/fpga_code/lattice_sdr_code/rcos/rcosfilter_m/rcosfilter_m_core_bb.v. VERI-1482
Analyzing Verilog file c:/users/sna/documents/fpga_code/lattice_sdr_code/rcos/rcos.v. VERI-1482
Analyzing Verilog file C:/lscc/diamond/3.14/ispfpga/userware/NT/SYNTHESIS_HEADERS/ecp5um.v. VERI-1482
Top module name (Verilog): top_module
    <postMsg mid="35901018" type="Info"    dynamic="2" navigation="2" arg0="c:/users/sna/documents/fpga_code/lattice_sdr_code/src/top_module.v(4): " arg1="top_module" arg2="c:/users/sna/documents/fpga_code/lattice_sdr_code/src/top_module.v" arg3="4"  />
    <postMsg mid="35901018" type="Info"    dynamic="2" navigation="2" arg0="c:/users/sna/documents/fpga_code/lattice_sdr_code/divided_pll/pll_24m/pll_24m.v(8): " arg1="pll_24m" arg2="c:/users/sna/documents/fpga_code/lattice_sdr_code/divided_pll/pll_24m/pll_24m.v" arg3="8"  />
    <postMsg mid="35901018" type="Info"    dynamic="2" navigation="2" arg0="C:/lscc/diamond/3.14/ispfpga/userware/NT/SYNTHESIS_HEADERS/ecp5um.v(757): " arg1="VHI" arg2="C:/lscc/diamond/3.14/ispfpga/userware/NT/SYNTHESIS_HEADERS/ecp5um.v" arg3="757"  />
    <postMsg mid="35901018" type="Info"    dynamic="2" navigation="2" arg0="C:/lscc/diamond/3.14/ispfpga/userware/NT/SYNTHESIS_HEADERS/ecp5um.v(761): " arg1="VLO" arg2="C:/lscc/diamond/3.14/ispfpga/userware/NT/SYNTHESIS_HEADERS/ecp5um.v" arg3="761"  />
    <postMsg mid="35901018" type="Info"    dynamic="2" navigation="2" arg0="C:/lscc/diamond/3.14/ispfpga/userware/NT/SYNTHESIS_HEADERS/ecp5um.v(1696): " arg1="EHXPLLL(CLKFB_DIV=2,CLKOP_DIV=27,CLKOS_DIV=1,CLKOS2_DIV=1,CLKOS3_DIV=1,CLKOP_CPHASE=26,CLKOP_TRIM_POL=&quot;FALLING&quot;,CLKOS_TRIM_POL=&quot;FALLING&quot;)" arg2="C:/lscc/diamond/3.14/ispfpga/userware/NT/SYNTHESIS_HEADERS/ecp5um.v" arg3="1696"  />
    <postMsg mid="35901018" type="Info"    dynamic="2" navigation="2" arg0="c:/users/sna/documents/fpga_code/lattice_sdr_code/divided_pll_2/pll_24_64m/pll_24_64m.v(8): " arg1="pll_24_64m" arg2="c:/users/sna/documents/fpga_code/lattice_sdr_code/divided_pll_2/pll_24_64m/pll_24_64m.v" arg3="8"  />
    <postMsg mid="35901018" type="Info"    dynamic="2" navigation="2" arg0="C:/lscc/diamond/3.14/ispfpga/userware/NT/SYNTHESIS_HEADERS/ecp5um.v(1696): " arg1="EHXPLLL(CLKI_DIV=3,CLKFB_DIV=8,CLKOP_DIV=9,CLKOS_DIV=1,CLKOS2_DIV=1,CLKOS3_DIV=1,CLKOP_CPHASE=8,CLKOP_TRIM_POL=&quot;FALLING&quot;,CLKOS_TRIM_POL=&quot;FALLING&quot;,PLLRST_ENA=&quot;ENABLED&quot;)" arg2="C:/lscc/diamond/3.14/ispfpga/userware/NT/SYNTHESIS_HEADERS/ecp5um.v" arg3="1696"  />
    <postMsg mid="35901018" type="Info"    dynamic="2" navigation="2" arg0="c:/users/sna/documents/fpga_code/lattice_sdr_code/src/clockdivider.v(14): " arg1="clockDivider" arg2="c:/users/sna/documents/fpga_code/lattice_sdr_code/src/clockdivider.v" arg3="14"  />
    <postMsg mid="35901018" type="Info"    dynamic="2" navigation="2" arg0="c:/users/sna/documents/fpga_code/lattice_sdr_code/src/packetcounter.v(6): " arg1="packetCounter" arg2="c:/users/sna/documents/fpga_code/lattice_sdr_code/src/packetcounter.v" arg3="6"  />
    <postMsg mid="35901018" type="Info"    dynamic="2" navigation="2" arg0="c:/users/sna/documents/fpga_code/lattice_sdr_code/src/packetgenerator.v(4): " arg1="packetGenerator" arg2="c:/users/sna/documents/fpga_code/lattice_sdr_code/src/packetgenerator.v" arg3="4"  />
    <postMsg mid="35901018" type="Info"    dynamic="2" navigation="2" arg0="c:/users/sna/documents/fpga_code/lattice_sdr_code/src/ble_packet.v(1): " arg1="ble_packet" arg2="c:/users/sna/documents/fpga_code/lattice_sdr_code/src/ble_packet.v" arg3="1"  />
    <postMsg mid="35901018" type="Info"    dynamic="2" navigation="2" arg0="c:/users/sna/documents/fpga_code/lattice_sdr_code/src/qpsk_modulator.v(3): " arg1="QPSK_modulator" arg2="c:/users/sna/documents/fpga_code/lattice_sdr_code/src/qpsk_modulator.v" arg3="3"  />
    <postMsg mid="35901018" type="Info"    dynamic="2" navigation="2" arg0="c:/users/sna/documents/fpga_code/lattice_sdr_code/src/iq_div.v(2): " arg1="iq_div" arg2="c:/users/sna/documents/fpga_code/lattice_sdr_code/src/iq_div.v" arg3="2"  />
    <postMsg mid="35901018" type="Info"    dynamic="2" navigation="2" arg0="c:/users/sna/documents/fpga_code/lattice_sdr_code/src/iqserializer.v(3): " arg1="IQSerializer" arg2="c:/users/sna/documents/fpga_code/lattice_sdr_code/src/iqserializer.v" arg3="3"  />
    <postMsg mid="35901018" type="Info"    dynamic="2" navigation="2" arg0="c:/users/sna/documents/fpga_code/lattice_sdr_code/src/dedff.v(21): " arg1="DEDFF" arg2="c:/users/sna/documents/fpga_code/lattice_sdr_code/src/dedff.v" arg3="21"  />
Last elaborated design is top_module()
Loading NGL library 'C:/lscc/diamond/3.14/ispfpga/sa5p00m/data/sa5mlib.ngl'...
Loading NGL library 'C:/lscc/diamond/3.14/ispfpga/sa5p00/data/sa5plib.ngl'...
Loading NGL library 'C:/lscc/diamond/3.14/ispfpga/xo2c00/data/xo2clib.ngl'...
Loading NGL library 'C:/lscc/diamond/3.14/ispfpga/mg5g00/data/mg5glib.ngl'...
Loading NGL library 'C:/lscc/diamond/3.14/ispfpga/or5g00/data/orc5glib.ngl'...
Loading device for application map from file 'sa5p85m.nph' in environment: C:/lscc/diamond/3.14/ispfpga.
Package Status:                     Final          Version 1.43.
Top-level module name = top_module.
    <postMsg mid="35001774" type="Info"    dynamic="2" navigation="0" arg0="\packetGen_1/current_state" arg1="one-hot"  />
original encoding -> new encoding (one-hot encoding)

 0000 -> 0001

 0001 -> 0010

 0010 -> 0100

 0011 -> 1000

    <postMsg mid="35001774" type="Info"    dynamic="2" navigation="0" arg0="\IQSerializer_1/current_state" arg1="one-hot"  />
original encoding -> new encoding (one-hot encoding)

 0000 -> 00001

 0010 -> 00010

 0011 -> 00100

 0100 -> 01000

 0101 -> 10000




    <postMsg mid="35001747" type="Warning" dynamic="2" navigation="0" arg0="1" arg1="\IQSerializer_1/current_state_FSM"  />
    <postMsg mid="35935013" type="Warning" dynamic="2" navigation="2" arg0="c:/users/sna/documents/fpga_code/lattice_sdr_code/src/iqserializer.v(84): " arg1="\IQSerializer_1/ICounter_173__i0" arg2="c:/users/sna/documents/fpga_code/lattice_sdr_code/src/iqserializer.v" arg3="84"  />
    <postMsg mid="35935013" type="Warning" dynamic="2" navigation="2" arg0="c:/users/sna/documents/fpga_code/lattice_sdr_code/src/iqserializer.v(87): " arg1="\IQSerializer_1/QCounter_171__i0" arg2="c:/users/sna/documents/fpga_code/lattice_sdr_code/src/iqserializer.v" arg3="87"  />
GSR instance connected to net counter_0_countDone.
Applying 200.000000 MHz constraint to all clocks

    <postMsg mid="35001783" type="Warning" dynamic="1" navigation="0" arg0="\packetGen_1/data_I_0"  />
    <postMsg mid="35001611" type="Warning" dynamic="0" navigation="0"  />
Results of NGD DRC are available in top_module_drc.log.
Loading NGL library 'C:/lscc/diamond/3.14/ispfpga/sa5p00m/data/sa5mlib.ngl'...
Loading NGL library 'C:/lscc/diamond/3.14/ispfpga/sa5p00/data/sa5plib.ngl'...
Loading NGL library 'C:/lscc/diamond/3.14/ispfpga/xo2c00/data/xo2clib.ngl'...
Loading NGL library 'C:/lscc/diamond/3.14/ispfpga/mg5g00/data/mg5glib.ngl'...
Loading NGL library 'C:/lscc/diamond/3.14/ispfpga/or5g00/data/orc5glib.ngl'...


Running DRC...

DRC complete with no errors or warnings

Design Results:
    283 blocks expanded
completed the first expansion
All blocks are expanded and NGD expansion is successful.
Writing NGD file mySDR_fpga_impl1.ngd.

################### Begin Area Report (top_module)######################
Number of register bits => 114 of 84255 (0 % )
CCU2C => 63
EHXPLLL => 2
FD1P3IX => 15
FD1S3AX => 29
FD1S3IX => 60
FD1S3JX => 10
GSR => 1
IB => 2
INV => 2
LUT4 => 84
OB => 10
PFUMX => 1
ROM256X1A => 1
################### End Area Report ##################

################### Begin Clock Report ######################
Clock Nets
Number of Clocks: 4
  Net : my_instance_2/serial_clk_c, loads : 49
  Net : clockDivider_0/clockDivider_clk_4M, loads : 42
  Net : my_instance_1/pll_clko_1, loads : 2
  Net : top_clk_c, loads : 1
Clock Enable Nets
Number of Clock Enables: 5
Top 5 highest fanout Clock Enables:
  Net : qpskModule_1/iq_div_inst/clk_N_172_enable_5, loads : 3
  Net : clockDivider_0/lockCounter_7, loads : 2
  Net : qpskModule_1/iq_div_inst/clk_N_172_enable_3, loads : 2
  Net : clockDivider_clk_4M_enable_1, loads : 1
Highest fanout non-clock nets
Top 10 highest fanout non-clock nets:
  Net : counter_0/n1682, loads : 26
  Net : clockDivider_0/clk_N_172, loads : 15
  Net : qpskModule_1/iq_div_inst/I_1__N_180, loads : 15
  Net : qpskModule_1/iq_div_inst/n2701, loads : 11
  Net : my_instance_2/clk_N_233, loads : 11
  Net : packetGen_1/next_state_3__N_154, loads : 10
  Net : clockDivider_0/pll_lock_N_54, loads : 10
  Net : counter_0/counter_0_countDone, loads : 9
  Net : packetGen_1/symCounter_0, loads : 9
  Net : clockDivider_0/n334, loads : 8
################### End Clock Report ##################

Timing Report Summary
--------------
--------------------------------------------------------------------------------
Constraint                              |   Constraint|       Actual|Levels
--------------------------------------------------------------------------------
                                        |             |             |
create_clock -period 5.000000 -name     |             |             |
clk1 [get_nets serial_clk_c]            |  200.000 MHz|  100.120 MHz|     4 *
                                        |             |             |
create_clock -period 5.000000 -name     |             |             |
clk0 [get_nets clockDivider_clk_4M]     |  200.000 MHz|  122.041 MHz|     3 *
                                        |             |             |
--------------------------------------------------------------------------------


2 constraints not met.


Peak Memory Usage: 122.000  MB

--------------------------------------------------------------
Elapsed CPU time for LSE flow : 0.703  secs
--------------------------------------------------------------

map -a "ECP5UM5G" -p LFE5UM5G-85F -t CABGA381 -s 8 -oc Industrial   "mySDR_fpga_impl1.ngd" -o "mySDR_fpga_impl1_map.ncd" -pr "mySDR_fpga_impl1.prf" -mp "mySDR_fpga_impl1.mrp" -lpf "C:/Users/SNA/Documents/FPGA_code/lattice_sdr_code/impl1/mySDR_fpga_impl1.lpf" -lpf "C:/Users/SNA/Documents/FPGA_code/lattice_sdr_code/mySDR_fpga.lpf"             
map:  version Diamond (64-bit) 3.14.0.75.2

Copyright (c) 1991-1994 by NeoCAD Inc. All rights reserved.
Copyright (c) 1995 AT&T Corp.   All rights reserved.
Copyright (c) 1995-2001 Lucent Technologies Inc.  All rights reserved.
Copyright (c) 2001 Agere Systems   All rights reserved.
Copyright (c) 2002-2024 Lattice Semiconductor Corporation,  All rights reserved.
   Process the file: mySDR_fpga_impl1.ngd
   Picdevice="LFE5UM5G-85F"

   Pictype="CABGA381"

   Picspeed=8

   Remove unused logic

   Do not produce over sized NCDs.

Part used: LFE5UM5G-85FCABGA381, Performance used: 8.

Loading device for application map from file 'sa5p85m.nph' in environment: C:/lscc/diamond/3.14/ispfpga.
Package Status:                     Final          Version 1.43.

Running general design DRC...

Removing unused logic...

Optimizing...

274 CCU2 constant inputs absorbed.




Design Summary:
   Number of registers:    114 out of 84255 (0%)
      PFU registers:          114 out of 83640 (0%)
      PIO registers:            0 out of   615 (0%)
   Number of SLICEs:       130 out of 41820 (0%)
      SLICEs as Logic/ROM:    130 out of 41820 (0%)
      SLICEs as RAM:            0 out of 31365 (0%)
      SLICEs as Carry:         63 out of 41820 (0%)
   Number of LUT4s:        226 out of 83640 (0%)
      Number used as logic LUTs:        100
      Number used as distributed RAM:     0
      Number used as ripple logic:      126
      Number used as shift registers:     0
   Number of PIO sites used: 14 out of 205 (7%)
      Number of PIO sites used for single ended IOs: 10
      Number of PIO sites used for differential IOs: 4 (represented by 2 PIO comps in NCD)
   Number of block RAMs:  0 out of 208 (0%)
   Number of GSRs:  1 out of 1 (100%)
   JTAG used :      No
   Readback used :  No
   Oscillator used :  No
   Startup used :   No
   DTR used :   No
   Number of Dynamic Bank Controller (BCINRD):  0 out of 4 (0%)
   Number of Dynamic Bank Controller (BCLVDSOB):  0 out of 4 (0%)
   Number of DCC:  0 out of 60 (0%)
   Number of DCS:  0 out of 2 (0%)
   Number of PLLs:  2 out of 4 (50%)
   Number of DDRDLLs:  0 out of 4 (0%)
   Number of CLKDIV:  0 out of 4 (0%)
   Number of ECLKSYNC:  0 out of 10 (0%)
   Number of ECLKBRIDGECS:  0 out of 2 (0%)
   Number of DCUs:  0 out of 2 (0%)
   Number of DCU Channels:  0 out of 4 (0%)
   Number of EXTREFs:  0 out of 2 (0%)
   Notes:-
      1. Total number of LUT4s = (Number of logic LUT4s) + 2*(Number of distributed RAMs) + 2*(Number of ripple logic)
      2. Number of logic LUT4s does not include count of distributed RAM and ripple logic.

   Number Of Mapped DSP Components:
   --------------------------------
   MULT18X18D          0
   MULT9X9D            0
   ALU54B              0
   ALU24B              0
   PRADD18A            0
   PRADD9A             0
   --------------------------------
   Number of Used DSP MULT Sites:  0 out of 312 (0 %)
   Number of Used DSP ALU Sites:  0 out of 156 (0 %)
   Number of Used DSP PRADD Sites:  0 out of 312 (0 %)
   Number of clocks:  4
     Net clockDivider_clk_4M: 35 loads, 23 rising, 12 falling (Driver: clockDivider_0/clkOut_23 )
     Net serial_clk_c: 38 loads, 29 rising, 9 falling (Driver: my_instance_2/PLLInst_0 )
     Net top_clk_c: 1 loads, 1 rising, 0 falling (Driver: PIO top_clk )
     Net pll_clko_1: 2 loads, 2 rising, 0 falling (Driver: my_instance_1/PLLInst_0 )
   Number of Clock Enables:  5
     Net cout: 1 loads, 1 LSLICEs
     Net qpskModule_1/iq_div_inst/clk_N_172_enable_3: 2 loads, 2 LSLICEs
     Net qpskModule_1/iq_div_inst/clk_N_172_enable_5: 3 loads, 3 LSLICEs
     Net clockDivider_clk_4M_enable_9: 4 loads, 4 LSLICEs
     Net clockDivider_0/lockCounter_7: 1 loads, 1 LSLICEs
   Number of LSRs:  10
     Net counter_0_countDone: 8 loads, 8 LSLICEs
     Net clockDivider_clkLock: 1 loads, 1 LSLICEs
     Net counter_0/n1682: 14 loads, 14 LSLICEs
     Net LED7_c: 7 loads, 7 LSLICEs
     Net top_rst_N_28: 1 loads, 0 LSLICEs
     Net IQSerializer_start: 5 loads, 5 LSLICEs
     Net qpskModule_1/iq_div_inst/I_1__N_180: 11 loads, 11 LSLICEs
     Net IQSerializer_1/n1686: 2 loads, 2 LSLICEs
     Net IQSerializer_1/n1685: 2 loads, 2 LSLICEs
     Net clockDivider_0/n334: 5 loads, 5 LSLICEs
   Number of nets driven by tri-state buffers:  0
   Top 10 highest fanout non-clock nets:
     Net symCounter_1: 22 loads
     Net symCounter_2: 21 loads
     Net symCounter_3: 21 loads
     Net symCounter_6: 19 loads
     Net counter_0_countDone: 17 loads
     Net counter_0/n1682: 14 loads
     Net next_state_3__N_154: 11 loads
     Net qpskModule_1/iq_div_inst/I_1__N_180: 11 loads
     Net symCounter_0: 10 loads
     Net symCounter_7: 10 loads
 

   Number of warnings:  0
   Number of errors:    0



Total CPU Time: 0 secs  
Total REAL Time: 0 secs  
Peak Memory Usage: 247 MB

Dumping design to file mySDR_fpga_impl1_map.ncd.

ncd2vdb "mySDR_fpga_impl1_map.ncd" ".vdbs/mySDR_fpga_impl1_map.vdb"

Loading device for application ncd2vdb from file 'sa5p85m.nph' in environment: C:/lscc/diamond/3.14/ispfpga.

mpartrce -p "mySDR_fpga_impl1.p2t" -f "mySDR_fpga_impl1.p3t" -tf "mySDR_fpga_impl1.pt" "mySDR_fpga_impl1_map.ncd" "mySDR_fpga_impl1.ncd"

---- MParTrce Tool ----
Removing old design directory at request of -rem command line option to this program.
Running par. Please wait . . .

Lattice Place and Route Report for Design "mySDR_fpga_impl1_map.ncd"
Tue Jan 13 16:57:35 2026

PAR: Place And Route Diamond (64-bit) 3.14.0.75.2.
Command Line: par -w -l 5 -i 6 -t 1 -c 0 -e 0 -gui -msgset C:/Users/SNA/Documents/FPGA_code/lattice_sdr_code/promote.xml -exp parUseNBR=1:parCDP=auto:parCDR=1:parPathBased=OFF:parASE=1:par_low_skew_clock_net=0 mySDR_fpga_impl1_map.ncd mySDR_fpga_impl1.dir/5_1.ncd mySDR_fpga_impl1.prf
Preference file: mySDR_fpga_impl1.prf.
Placement level-cost: 5-1.
Routing Iterations: 6

Loading design for application par from file mySDR_fpga_impl1_map.ncd.
Design name: top_module
NCD version: 3.3
Vendor:      LATTICE
Device:      LFE5UM5G-85F
Package:     CABGA381
Performance: 8
Loading device for application par from file 'sa5p85m.nph' in environment: C:/lscc/diamond/3.14/ispfpga.
Package Status:                     Final          Version 1.43.
Performance Hardware Data Status:   Final          Version 55.1.
License checked out.


Ignore Preference Error(s):  True
Device utilization summary:

   PIO (prelim)      14/365           3% used
                     14/205           6% bonded

   SLICE            130/41820        <1% used

   GSR                1/1           100% used
   PLL                2/4            50% used


1 potential circuit loop found in timing analysis.
Number of Signals: 344
Number of Connections: 773

Pin Constraint Summary:
   12 out of 12 pins locked (100% locked).

The following 3 signals are selected to use the primary clock routing resources:
    pll_clko_1 (driver: my_instance_1/PLLInst_0, clk/ce/sr load #: 2/0/0)
    serial_clk_c (driver: my_instance_2/PLLInst_0, clk/ce/sr load #: 38/0/0)
    clockDivider_clk_4M (driver: clockDivider_0/SLICE_77, clk/ce/sr load #: 35/0/0)


Signal counter_0_countDone is selected as Global Set/Reset.
Starting Placer Phase 0.
..........
Finished Placer Phase 0.  REAL time: 2 secs 

Starting Placer Phase 1.
....................
Placer score = 56559.
Finished Placer Phase 1.  REAL time: 4 secs 

Starting Placer Phase 2.
.
Placer score =  55320
Finished Placer Phase 2.  REAL time: 4 secs 


------------------ Clock Report ------------------

Global Clock Resources:
  CLK_PIN    : 0 out of 12 (0%)
  GR_PCLK    : 0 out of 12 (0%)
  PLL        : 2 out of 4 (50%)
  DCS        : 0 out of 2 (0%)
  DCC        : 0 out of 60 (0%)
  CLKDIV     : 0 out of 4 (0%)

Quadrant TL Clocks:
  PRIMARY "pll_clko_1" from CLKOP on comp "my_instance_1/PLLInst_0" on PLL site "PLL_TL0", CLK/CE/SR load = 1
  PRIMARY "serial_clk_c" from CLKOP on comp "my_instance_2/PLLInst_0" on PLL site "PLL_BL0", CLK/CE/SR load = 10
  PRIMARY "clockDivider_clk_4M" from Q0 on comp "clockDivider_0/SLICE_77" on site "R59C67A", CLK/CE/SR load = 12

  PRIMARY  : 3 out of 16 (18%)

Quadrant TR Clocks:
  PRIMARY "serial_clk_c" from CLKOP on comp "my_instance_2/PLLInst_0" on PLL site "PLL_BL0", CLK/CE/SR load = 15

  PRIMARY  : 1 out of 16 (6%)

Quadrant BL Clocks:
  PRIMARY "pll_clko_1" from CLKOP on comp "my_instance_1/PLLInst_0" on PLL site "PLL_TL0", CLK/CE/SR load = 1
  PRIMARY "serial_clk_c" from CLKOP on comp "my_instance_2/PLLInst_0" on PLL site "PLL_BL0", CLK/CE/SR load = 13
  PRIMARY "clockDivider_clk_4M" from Q0 on comp "clockDivider_0/SLICE_77" on site "R59C67A", CLK/CE/SR load = 23

  PRIMARY  : 3 out of 16 (18%)

Quadrant BR Clocks:

  PRIMARY  : 0 out of 16 (0%)

Edge Clocks:

  No edge clock selected.


--------------- End of Clock Report ---------------


+
I/O Usage Summary (final):
   14 out of 365 (3.8%) PIO sites used.
   14 out of 205 (6.8%) bonded PIO sites used.
   Number of PIO comps: 12; differential: 2.
   Number of Vref pins used: 0.

I/O Bank Usage Summary:
+----------+---------------+------------+------------+------------+
| I/O Bank | Usage         | Bank Vccio | Bank Vref1 | Bank Vref2 |
+----------+---------------+------------+------------+------------+
| 0        | 1 / 27 (  3%) | 2.5V       | -          | -          |
| 1        | 8 / 33 ( 24%) | 2.5V       | -          | -          |
| 2        | 0 / 34 (  0%) | -          | -          | -          |
| 3        | 0 / 33 (  0%) | -          | -          | -          |
| 6        | 1 / 33 (  3%) | 3.3V       | -          | -          |
| 7        | 4 / 32 ( 12%) | 2.5V       | -          | -          |
| 8        | 0 / 13 (  0%) | -          | -          | -          |
+----------+---------------+------------+------------+------------+

Total placer CPU time: 4 secs 

Dumping design to file mySDR_fpga_impl1.dir/5_1.ncd.

1 potential circuit loop found in timing analysis.
0 connections routed; 773 unrouted.
Starting router resource preassignment

Completed router resource preassignment. Real time: 9 secs 

Start NBR router at 16:57:44 01/13/26

*****************************************************************
Info: NBR allows conflicts(one node used by more than one signal)
      in the earlier iterations. In each iteration, it tries to  
      solve the conflicts while keeping the critical connections 
      routed as short as possible. The routing process is said to
      be completed when no conflicts exist and all connections   
      are routed.                                                
Note: NBR uses a different method to calculate timing slacks. The
      worst slack and total negative slack may not be the same as
      that in TRCE report. You should always run TRCE to verify  
      your design.                                               
*****************************************************************

1 potential circuit loop found in timing analysis.
Start NBR special constraint process at 16:57:44 01/13/26

Start NBR section for initial routing at 16:57:44 01/13/26
Level 4, iteration 1
26(0.00%) conflicts; 0(0.00%) untouched conn; 0 (nbr) score; 
Estimated worst slack/total negative slack<setup>: 11.328ns/0.000ns; real time: 9 secs 

Info: Initial congestion level at 75% usage is 0
Info: Initial congestion area  at 75% usage is 0 (0.00%)

Start NBR section for normal routing at 16:57:44 01/13/26
Level 4, iteration 1
8(0.00%) conflicts; 0(0.00%) untouched conn; 0 (nbr) score; 
Estimated worst slack/total negative slack<setup>: 9.371ns/0.000ns; real time: 9 secs 
Level 4, iteration 2
5(0.00%) conflicts; 0(0.00%) untouched conn; 0 (nbr) score; 
Estimated worst slack/total negative slack<setup>: 9.371ns/0.000ns; real time: 9 secs 
Level 4, iteration 3
2(0.00%) conflicts; 0(0.00%) untouched conn; 0 (nbr) score; 
Estimated worst slack/total negative slack<setup>: 9.037ns/0.000ns; real time: 9 secs 
Level 4, iteration 4
0(0.00%) conflict; 0(0.00%) untouched conn; 0 (nbr) score; 
Estimated worst slack/total negative slack<setup>: 9.037ns/0.000ns; real time: 9 secs 

Start NBR section for setup/hold timing optimization with effort level 3 at 16:57:44 01/13/26
1 potential circuit loop found in timing analysis.
1 potential circuit loop found in timing analysis.

Start NBR section for re-routing at 16:57:44 01/13/26
Level 4, iteration 1
0(0.00%) conflict; 0(0.00%) untouched conn; 0 (nbr) score; 
Estimated worst slack/total negative slack<setup>: 9.037ns/0.000ns; real time: 9 secs 

Start NBR section for post-routing at 16:57:44 01/13/26
1 potential circuit loop found in timing analysis.

End NBR router with 0 unrouted connection

NBR Summary
-----------
  Number of unrouted connections : 0 (0.00%)
  Number of connections with timing violations : 0 (0.00%)
  Estimated worst slack<setup> : 9.037ns
  Timing score<setup> : 0
-----------
Notes: The timing info is calculated for SETUP only and all PAR_ADJs are ignored.



1 potential circuit loop found in timing analysis.
1 potential circuit loop found in timing analysis.
1 potential circuit loop found in timing analysis.
Total CPU time 9 secs 
Total REAL time: 10 secs 
Completely routed.
End of route.  773 routed (100.00%); 0 unrouted.

Hold time timing score: 0, hold timing errors: 0

Timing score: 0 

Dumping design to file mySDR_fpga_impl1.dir/5_1.ncd.


PAR_SUMMARY::Run status = Completed
PAR_SUMMARY::Number of unrouted conns = 0
PAR_SUMMARY::Worst  slack<setup/<ns>> = 9.037
PAR_SUMMARY::Timing score<setup/<ns>> = 0.000
PAR_SUMMARY::Worst  slack<hold /<ns>> = 0.146
PAR_SUMMARY::Timing score<hold /<ns>> = 0.000
PAR_SUMMARY::Number of errors = 0

Total CPU  time to completion: 9 secs 
Total REAL time to completion: 10 secs 

par done!

Note: user must run 'Trace' for timing closure signoff.

Copyright (c) 1991-1994 by NeoCAD Inc. All rights reserved.
Copyright (c) 1995 AT&T Corp.   All rights reserved.
Copyright (c) 1995-2001 Lucent Technologies Inc.  All rights reserved.
Copyright (c) 2001 Agere Systems   All rights reserved.
Copyright (c) 2002-2024 Lattice Semiconductor Corporation,  All rights reserved.
Exiting par with exit code 0
Exiting mpartrce with exit code 0

trce -f "mySDR_fpga_impl1.pt" -o "mySDR_fpga_impl1.twr" "mySDR_fpga_impl1.ncd" "mySDR_fpga_impl1.prf"
trce:  version Diamond (64-bit) 3.14.0.75.2

Copyright (c) 1991-1994 by NeoCAD Inc. All rights reserved.
Copyright (c) 1995 AT&T Corp.   All rights reserved.
Copyright (c) 1995-2001 Lucent Technologies Inc.  All rights reserved.
Copyright (c) 2001 Agere Systems   All rights reserved.
Copyright (c) 2002-2024 Lattice Semiconductor Corporation,  All rights reserved.

Loading design for application trce from file mysdr_fpga_impl1.ncd.
Design name: top_module
NCD version: 3.3
Vendor:      LATTICE
Device:      LFE5UM5G-85F
Package:     CABGA381
Performance: 8
Loading device for application trce from file 'sa5p85m.nph' in environment: C:/lscc/diamond/3.14/ispfpga.
Package Status:                     Final          Version 1.43.
Performance Hardware Data Status:   Final          Version 55.1.
Setup and Hold Report

--------------------------------------------------------------------------------
Lattice TRACE Report - Setup, Version Diamond (64-bit) 3.14.0.75.2
Tue Jan 13 16:57:46 2026

Copyright (c) 1991-1994 by NeoCAD Inc. All rights reserved.
Copyright (c) 1995 AT&T Corp.   All rights reserved.
Copyright (c) 1995-2001 Lucent Technologies Inc.  All rights reserved.
Copyright (c) 2001 Agere Systems   All rights reserved.
Copyright (c) 2002-2024 Lattice Semiconductor Corporation,  All rights reserved.

Report Information
------------------
Command line:    trce -v 10 -gt -sethld -sp 8 -sphld m -o mySDR_fpga_impl1.twr -gui -msgset C:/Users/SNA/Documents/FPGA_code/lattice_sdr_code/promote.xml mySDR_fpga_impl1.ncd mySDR_fpga_impl1.prf 
Design file:     mysdr_fpga_impl1.ncd
Preference file: mysdr_fpga_impl1.prf
Device,speed:    LFE5UM5G-85F,8
Report level:    verbose report, limited to 10 items per preference
--------------------------------------------------------------------------------

1 potential circuit loop found in timing analysis.
BLOCK ASYNCPATHS
BLOCK RESETPATHS
--------------------------------------------------------------------------------



Timing summary (Setup):
---------------

Timing errors: 0  Score: 0
Cumulative negative slack: 0

Constraints cover 553 paths, 3 nets, and 314 connections (40.62% coverage)

--------------------------------------------------------------------------------
Lattice TRACE Report - Hold, Version Diamond (64-bit) 3.14.0.75.2
Tue Jan 13 16:57:46 2026

Copyright (c) 1991-1994 by NeoCAD Inc. All rights reserved.
Copyright (c) 1995 AT&T Corp.   All rights reserved.
Copyright (c) 1995-2001 Lucent Technologies Inc.  All rights reserved.
Copyright (c) 2001 Agere Systems   All rights reserved.
Copyright (c) 2002-2024 Lattice Semiconductor Corporation,  All rights reserved.

Report Information
------------------
Command line:    trce -v 10 -gt -sethld -sp 8 -sphld m -o mySDR_fpga_impl1.twr -gui -msgset C:/Users/SNA/Documents/FPGA_code/lattice_sdr_code/promote.xml mySDR_fpga_impl1.ncd mySDR_fpga_impl1.prf 
Design file:     mysdr_fpga_impl1.ncd
Preference file: mysdr_fpga_impl1.prf
Device,speed:    LFE5UM5G-85F,m
Report level:    verbose report, limited to 10 items per preference
--------------------------------------------------------------------------------

1 potential circuit loop found in timing analysis.
BLOCK ASYNCPATHS
BLOCK RESETPATHS
--------------------------------------------------------------------------------



Timing summary (Hold):
---------------

Timing errors: 0  Score: 0
Cumulative negative slack: 0

Constraints cover 553 paths, 3 nets, and 314 connections (40.62% coverage)



Timing summary (Setup and Hold):
---------------

Timing errors: 0 (setup), 0 (hold)
Score: 0 (setup), 0 (hold)
Cumulative negative slack: 0 (0+0)
--------------------------------------------------------------------------------

--------------------------------------------------------------------------------

Total CPU Time: 1 secs 
Total REAL Time: 0 secs 
Peak Memory Usage: 317 MB


iotiming  "mySDR_fpga_impl1.ncd" "mySDR_fpga_impl1.prf"
I/O Timing Report:
:  version Diamond (64-bit) 3.14.0.75.2

Copyright (c) 1991-1994 by NeoCAD Inc. All rights reserved.
Copyright (c) 1995 AT&T Corp.   All rights reserved.
Copyright (c) 1995-2001 Lucent Technologies Inc.  All rights reserved.
Copyright (c) 2001 Agere Systems   All rights reserved.
Copyright (c) 2002-2024 Lattice Semiconductor Corporation,  All rights reserved.

Loading design for application iotiming from file mysdr_fpga_impl1.ncd.
Design name: top_module
NCD version: 3.3
Vendor:      LATTICE
Device:      LFE5UM5G-85F
Package:     CABGA381
Performance: 8
Loading device for application iotiming from file 'sa5p85m.nph' in environment: C:/lscc/diamond/3.14/ispfpga.
Package Status:                     Final          Version 1.43.
Performance Hardware Data Status:   Final          Version 55.1.
1 potential circuit loop found in timing analysis.
Running Performance Grade: 8
Computing Setup Time ...
Computing Max Clock to Output Delay ...
Computing Hold Time ...
1 potential circuit loop found in timing analysis.
Computing Min Clock to Output Delay ...

Loading design for application iotiming from file mysdr_fpga_impl1.ncd.
Design name: top_module
NCD version: 3.3
Vendor:      LATTICE
Device:      LFE5UM5G-85F
Package:     CABGA381
Performance: 9
Package Status:                     Final          Version 1.43.
Performance Hardware Data Status:   Final          Version 55.1.
1 potential circuit loop found in timing analysis.
Running Performance Grade: 9
Computing Setup Time ...
Computing Max Clock to Output Delay ...
Computing Hold Time ...
1 potential circuit loop found in timing analysis.
Computing Min Clock to Output Delay ...

Loading design for application iotiming from file mysdr_fpga_impl1.ncd.
Design name: top_module
NCD version: 3.3
Vendor:      LATTICE
Device:      LFE5UM5G-85F
Package:     CABGA381
Performance: M
Package Status:                     Final          Version 1.43.
Performance Hardware Data Status:   Final          Version 55.1.
1 potential circuit loop found in timing analysis.
Running Performance Grade: M
Computing Setup Time ...
Computing Max Clock to Output Delay ...
Computing Hold Time ...
1 potential circuit loop found in timing analysis.
Computing Min Clock to Output Delay ...
Done.

tmcheck -par "mySDR_fpga_impl1.par" 

bitgen -w "mySDR_fpga_impl1.ncd" -f "mySDR_fpga_impl1.t2b" -e -s "C:/Users/SNA/Documents/FPGA_code/lattice_sdr_code/mySDR_fpga.sec" -k "C:/Users/SNA/Documents/FPGA_code/lattice_sdr_code/mySDR_fpga.bek" "mySDR_fpga_impl1.prf"


BITGEN: Bitstream Generator Diamond (64-bit) 3.14.0.75.2
Copyright (c) 1991-1994 by NeoCAD Inc. All rights reserved.
Copyright (c) 1995 AT&T Corp.   All rights reserved.
Copyright (c) 1995-2001 Lucent Technologies Inc.  All rights reserved.
Copyright (c) 2001 Agere Systems   All rights reserved.
Copyright (c) 2002-2024 Lattice Semiconductor Corporation,  All rights reserved.


Loading design for application Bitgen from file mySDR_fpga_impl1.ncd.
Design name: top_module
NCD version: 3.3
Vendor:      LATTICE
Device:      LFE5UM5G-85F
Package:     CABGA381
Performance: 8
Loading device for application Bitgen from file 'sa5p85m.nph' in environment: C:/lscc/diamond/3.14/ispfpga.
Package Status:                     Final          Version 1.43.
Performance Hardware Data Status:   Final          Version 55.1.

Running DRC.
DRC detected 0 errors and 0 warnings.
Reading Preference File from mySDR_fpga_impl1.prf.
    <postMsg mid="1009992" type="Info"    dynamic="1" navigation="0" arg0=" SW_XO3D_SECURITY_ENCRYPTION *NOT* controlled by sa5p00g.acd ###"  />
    <postMsg mid="1009992" type="Info"    dynamic="1" navigation="0" arg0=" SW_XO3D_SECURITY_ENCRYPTION license_securityIP OK"  />

Preference Summary:
+---------------------------------+---------------------------------+
|  Preference                     |  Current Setting                |
+---------------------------------+---------------------------------+
|                         RamCfg  |                        Reset**  |
+---------------------------------+---------------------------------+
|                        CfgMode  |                      Disable**  |
+---------------------------------+---------------------------------+
|                        DONE_EX  |                          OFF**  |
+---------------------------------+---------------------------------+
|                        DONE_OD  |                           ON**  |
+---------------------------------+---------------------------------+
|                     MCCLK_FREQ  |                          2.4**  |
+---------------------------------+---------------------------------+
|                  CONFIG_SECURE  |                          OFF**  |
+---------------------------------+---------------------------------+
|                    CONFIG_MODE  |                         JTAG**  |
+---------------------------------+---------------------------------+
|                        WAKE_UP  |                           21**  |
+---------------------------------+---------------------------------+
|                          INBUF  |                          OFF**  |
+---------------------------------+---------------------------------+
|                             ES  |                           No**  |
+---------------------------------+---------------------------------+
|                 SLAVE_SPI_PORT  |                      DISABLE**  |
+---------------------------------+---------------------------------+
|                MASTER_SPI_PORT  |                      DISABLE**  |
+---------------------------------+---------------------------------+
|                COMPRESS_CONFIG  |                          OFF**  |
+---------------------------------+---------------------------------+
|            BACKGROUND_RECONFIG  |                          OFF**  |
+---------------------------------+---------------------------------+
|                     DisableUES  |                        FALSE**  |
+---------------------------------+---------------------------------+
|            SLAVE_PARALLEL_PORT  |                      DISABLE**  |
+---------------------------------+---------------------------------+
|                      DONE_PULL  |                           ON**  |
+---------------------------------+---------------------------------+
|               CONFIG_IOVOLTAGE  |                          2.5**  |
+---------------------------------+---------------------------------+
|                        TRANSFR  |                          OFF**  |
+---------------------------------+---------------------------------+
 *  Default setting.
 ** The specified setting matches the default setting.


Creating bit map...
 
Bitstream Status: Final           Version 10.27.
 
Saving bit stream in "mySDR_fpga_impl1.bit".
Total CPU Time: 4 secs 
Total REAL Time: 5 secs 
Peak Memory Usage: 570 MB
