--------------------------------------------------------------------------------
Lattice Synthesis Timing Report, Version  
Wed Sep 10 17:16:04 2025

Copyright (c) 1991-1994 by NeoCAD Inc. All rights reserved.
Copyright (c) 1995 AT&T Corp.   All rights reserved.
Copyright (c) 1995-2001 Lucent Technologies Inc.  All rights reserved.
Copyright (c) 2001 Agere Systems   All rights reserved.
Copyright (c) 2002-2024 Lattice Semiconductor Corporation,  All rights reserved.

Report Information
------------------
Design:     clockDivider
Constraint file:  
Report level:    verbose report, limited to 3 items per constraint
--------------------------------------------------------------------------------



================================================================================
Constraint: create_clock -period 5.000000 -name clk0 [get_nets clk_c]
            151 items scored, 56 timing errors detected.
--------------------------------------------------------------------------------


Error:  The following path violates requirements by 0.296ns

 Logical Details:  Cell type  Pin type       Cell name  (clock net +/-)

   Source:         FD1S3IX    CK             counter_45__i1  (from clk_c +)
   Destination:    FD1S3IX    CD             counter_45__i1  (to clk_c +)

   Delay:                   5.416ns  (10.1% logic, 89.9% route), 4 logic levels.

 Constraint Details:

      5.416ns data_path counter_45__i1 to counter_45__i1 violates
      5.000ns delay constraint less
     -0.120ns L_S requirement (totaling 5.120ns) by 0.296ns

 Path Details: counter_45__i1 to counter_45__i1

   Name    Fanout   Delay (ns)          Pins               Resource(Cell.Net)
L_CO        ---     0.230             CK to Q              counter_45__i1 (from clk_c)
Route         2   e 1.258                                  counter[1]
LUT4        ---     0.105              A to Z              i126_2_lut
Route         1   e 1.020                                  n209
LUT4        ---     0.105              B to Z              i1_4_lut
Route         2   e 1.158                                  n138
LUT4        ---     0.105              A to Z              i130_2_lut
Route         8   e 1.435                                  n118
                  --------
                    5.416  (10.1% logic, 89.9% route), 4 logic levels.


Error:  The following path violates requirements by 0.296ns

 Logical Details:  Cell type  Pin type       Cell name  (clock net +/-)

   Source:         FD1S3IX    CK             counter_45__i1  (from clk_c +)
   Destination:    FD1S3IX    CD             counter_45__i2  (to clk_c +)

   Delay:                   5.416ns  (10.1% logic, 89.9% route), 4 logic levels.

 Constraint Details:

      5.416ns data_path counter_45__i1 to counter_45__i2 violates
      5.000ns delay constraint less
     -0.120ns L_S requirement (totaling 5.120ns) by 0.296ns

 Path Details: counter_45__i1 to counter_45__i2

   Name    Fanout   Delay (ns)          Pins               Resource(Cell.Net)
L_CO        ---     0.230             CK to Q              counter_45__i1 (from clk_c)
Route         2   e 1.258                                  counter[1]
LUT4        ---     0.105              A to Z              i126_2_lut
Route         1   e 1.020                                  n209
LUT4        ---     0.105              B to Z              i1_4_lut
Route         2   e 1.158                                  n138
LUT4        ---     0.105              A to Z              i130_2_lut
Route         8   e 1.435                                  n118
                  --------
                    5.416  (10.1% logic, 89.9% route), 4 logic levels.


Error:  The following path violates requirements by 0.296ns

 Logical Details:  Cell type  Pin type       Cell name  (clock net +/-)

   Source:         FD1S3IX    CK             counter_45__i1  (from clk_c +)
   Destination:    FD1S3IX    CD             counter_45__i3  (to clk_c +)

   Delay:                   5.416ns  (10.1% logic, 89.9% route), 4 logic levels.

 Constraint Details:

      5.416ns data_path counter_45__i1 to counter_45__i3 violates
      5.000ns delay constraint less
     -0.120ns L_S requirement (totaling 5.120ns) by 0.296ns

 Path Details: counter_45__i1 to counter_45__i3

   Name    Fanout   Delay (ns)          Pins               Resource(Cell.Net)
L_CO        ---     0.230             CK to Q              counter_45__i1 (from clk_c)
Route         2   e 1.258                                  counter[1]
LUT4        ---     0.105              A to Z              i126_2_lut
Route         1   e 1.020                                  n209
LUT4        ---     0.105              B to Z              i1_4_lut
Route         2   e 1.158                                  n138
LUT4        ---     0.105              A to Z              i130_2_lut
Route         8   e 1.435                                  n118
                  --------
                    5.416  (10.1% logic, 89.9% route), 4 logic levels.

Warning: 5.296 ns is the maximum delay for this constraint.


Timing Report Summary
--------------
--------------------------------------------------------------------------------
Constraint                              |   Constraint|       Actual|Levels
--------------------------------------------------------------------------------
                                        |             |             |
create_clock -period 5.000000 -name     |             |             |
clk0 [get_nets clk_c]                   |     5.000 ns|     5.296 ns|     4 *
                                        |             |             |
--------------------------------------------------------------------------------


1 constraints not met.

--------------------------------------------------------------------------------
Critical Nets                           |   Loads|  Errors| % of total
--------------------------------------------------------------------------------
n118                                    |       8|      56|     99.00%
                                        |        |        |
n138                                    |       2|      56|     99.00%
                                        |        |        |
n201                                    |       1|      24|     42.86%
                                        |        |        |
n199                                    |       1|      16|     28.57%
                                        |        |        |
n209                                    |       1|      16|     28.57%
                                        |        |        |
counter[0]                              |       2|       8|     14.29%
                                        |        |        |
counter[1]                              |       2|       8|     14.29%
                                        |        |        |
counter[3]                              |       2|       8|     14.29%
                                        |        |        |
counter[4]                              |       2|       8|     14.29%
                                        |        |        |
counter[5]                              |       2|       8|     14.29%
                                        |        |        |
counter[6]                              |       2|       8|     14.29%
                                        |        |        |
counter[7]                              |       2|       8|     14.29%
                                        |        |        |
--------------------------------------------------------------------------------


Timing summary:
---------------

Timing errors: 56  Score: 16576

Constraints cover  151 paths, 48 nets, and 80 connections (69.6% coverage)


Peak memory: 120070144 bytes, TRCE: 176128 bytes, DLYMAN: 0 bytes
CPU_TIME_REPORT: 0 secs 
