--------------------------------------------------------------------------------
Lattice Synthesis Timing Report, Version  
Sat Dec 27 05:32:01 2025

Copyright (c) 1991-1994 by NeoCAD Inc. All rights reserved.
Copyright (c) 1995 AT&T Corp.   All rights reserved.
Copyright (c) 1995-2001 Lucent Technologies Inc.  All rights reserved.
Copyright (c) 2001 Agere Systems   All rights reserved.
Copyright (c) 2002-2024 Lattice Semiconductor Corporation,  All rights reserved.

Report Information
------------------
Design:     local_oscillator
Constraint file:  
Report level:    verbose report, limited to 3 items per constraint
--------------------------------------------------------------------------------



================================================================================
Constraint: create_clock -period 5.000000 -name clk0 [get_nets clk_c]
            1899 items scored, 1244 timing errors detected.
--------------------------------------------------------------------------------


Error:  The following path violates requirements by 2.714ns

 Logical Details:  Cell type  Pin type       Cell name  (clock net +/-)

   Source:         FD1S3JX    CK             state_FSM_287_i1  (from clk_c +)
   Destination:    PDPW16KD   ADR[14]        mux_40  (to clk_c +)

   Delay:                   7.575ns  (13.3% logic, 86.7% route), 8 logic levels.

 Constraint Details:

      7.575ns data_path state_FSM_287_i1 to mux_40 violates
      5.000ns delay constraint less
      0.139ns EBSWAD_S requirement (totaling 4.861ns) by 2.714ns

 Path Details: state_FSM_287_i1 to mux_40

   Name    Fanout   Delay (ns)          Pins               Resource(Cell.Net)
L_CO        ---     0.230             CK to Q              state_FSM_287_i1 (from clk_c)
Route         7   e 1.509                                  n692
LUT4        ---     0.105              B to Z              i99_2_lut_rep_39
Route        49   e 1.798                                  n1667
LUT4        ---     0.105              D to Z              i541_3_lut_4_lut_4_lut
Route         1   e 1.020                                  n1472
A1_TO_FCO   ---     0.212           A[2] to COUT           add_506_3
Route         1   e 0.020                                  n1514
FCI_TO_FCO  ---     0.033            CIN to COUT           add_506_5
Route         1   e 0.020                                  n1515
FCI_TO_FCO  ---     0.033            CIN to COUT           add_506_7
Route         1   e 0.020                                  n1516
FCI_TO_F    ---     0.187            CIN to S[2]           add_506_9
Route         1   e 1.020                                  n25
LUT4        ---     0.105              D to Z              i470_2_lut_4_lut
Route         2   e 1.158                                  add_cos_7__N_35[6]
                  --------
                    7.575  (13.3% logic, 86.7% route), 8 logic levels.


Error:  The following path violates requirements by 2.714ns

 Logical Details:  Cell type  Pin type       Cell name  (clock net +/-)

   Source:         FD1S3JX    CK             state_FSM_287_i1  (from clk_c +)
   Destination:    PDPW16KD   ADR[14]        mux_40  (to clk_c +)

   Delay:                   7.575ns  (13.3% logic, 86.7% route), 8 logic levels.

 Constraint Details:

      7.575ns data_path state_FSM_287_i1 to mux_40 violates
      5.000ns delay constraint less
      0.139ns EBSWAD_S requirement (totaling 4.861ns) by 2.714ns

 Path Details: state_FSM_287_i1 to mux_40

   Name    Fanout   Delay (ns)          Pins               Resource(Cell.Net)
L_CO        ---     0.230             CK to Q              state_FSM_287_i1 (from clk_c)
Route         7   e 1.509                                  n692
LUT4        ---     0.105              B to Z              i99_2_lut_rep_39
Route        49   e 1.798                                  n1667
LUT4        ---     0.105              D to Z              i539_3_lut_4_lut_4_lut
Route         1   e 1.020                                  n1470
A1_TO_FCO   ---     0.212           A[2] to COUT           add_506_3
Route         1   e 0.020                                  n1514
FCI_TO_FCO  ---     0.033            CIN to COUT           add_506_5
Route         1   e 0.020                                  n1515
FCI_TO_FCO  ---     0.033            CIN to COUT           add_506_7
Route         1   e 0.020                                  n1516
FCI_TO_F    ---     0.187            CIN to S[2]           add_506_9
Route         1   e 1.020                                  n25
LUT4        ---     0.105              D to Z              i470_2_lut_4_lut
Route         2   e 1.158                                  add_cos_7__N_35[6]
                  --------
                    7.575  (13.3% logic, 86.7% route), 8 logic levels.


Error:  The following path violates requirements by 2.714ns

 Logical Details:  Cell type  Pin type       Cell name  (clock net +/-)

   Source:         FD1S3JX    CK             state_FSM_287_i1  (from clk_c +)
   Destination:    PDPW16KD   ADR[14]        mux_40  (to clk_c +)

   Delay:                   7.575ns  (13.3% logic, 86.7% route), 8 logic levels.

 Constraint Details:

      7.575ns data_path state_FSM_287_i1 to mux_40 violates
      5.000ns delay constraint less
      0.139ns EBSWAD_S requirement (totaling 4.861ns) by 2.714ns

 Path Details: state_FSM_287_i1 to mux_40

   Name    Fanout   Delay (ns)          Pins               Resource(Cell.Net)
L_CO        ---     0.230             CK to Q              state_FSM_287_i1 (from clk_c)
Route         7   e 1.509                                  n692
LUT4        ---     0.105              B to Z              i99_2_lut_rep_39
Route        49   e 1.798                                  n1667
LUT4        ---     0.105              D to Z              i539_3_lut_4_lut_4_lut
Route         1   e 1.020                                  n1470
A1_TO_FCO   ---     0.212           A[2] to COUT           add_506_3
Route         1   e 0.020                                  n1514
FCI_TO_FCO  ---     0.033            CIN to COUT           add_506_5
Route         1   e 0.020                                  n1515
FCI_TO_FCO  ---     0.033            CIN to COUT           add_506_7
Route         1   e 0.020                                  n1516
FCI_TO_F    ---     0.187            CIN to S[2]           add_506_9
Route         1   e 1.020                                  n22
LUT4        ---     0.105              D to Z              i471_2_lut_4_lut
Route         2   e 1.158                                  add_cos_7__N_35[7]
                  --------
                    7.575  (13.3% logic, 86.7% route), 8 logic levels.

Warning: 7.714 ns is the maximum delay for this constraint.


Timing Report Summary
--------------
--------------------------------------------------------------------------------
Constraint                              |   Constraint|       Actual|Levels
--------------------------------------------------------------------------------
                                        |             |             |
create_clock -period 5.000000 -name     |             |             |
clk0 [get_nets clk_c]                   |     5.000 ns|     7.714 ns|     8 *
                                        |             |             |
--------------------------------------------------------------------------------


1 constraints not met.

--------------------------------------------------------------------------------
Critical Nets                           |   Loads|  Errors| % of total
--------------------------------------------------------------------------------
n1666                                   |      32|     352|     28.30%
                                        |        |        |
add_update_0_control                    |      22|     342|     27.49%
                                        |        |        |
add_update_1_control                    |      24|     338|     27.17%
                                        |        |        |
n692                                    |       7|     336|     27.01%
                                        |        |        |
n1667                                   |      49|     336|     27.01%
                                        |        |        |
n1507                                   |       1|     224|     18.01%
                                        |        |        |
n1515                                   |       1|     224|     18.01%
                                        |        |        |
n1506                                   |       1|     168|     13.50%
                                        |        |        |
n1508                                   |       1|     168|     13.50%
                                        |        |        |
n1514                                   |       1|     168|     13.50%
                                        |        |        |
n1516                                   |       1|     168|     13.50%
                                        |        |        |
--------------------------------------------------------------------------------


Timing summary:
---------------

Timing errors: 1244  Score: 1444798

Constraints cover  1899 paths, 194 nets, and 529 connections (90.0% coverage)


Peak memory: 129208320 bytes, TRCE: 1384448 bytes, DLYMAN: 0 bytes
CPU_TIME_REPORT: 0 secs 
