
             Lattice Mapping Report File for Design Module 'top'


Design Information
------------------

Command line:   map -a ECP5U -p LFE5U-85F -t CABGA381 -s 8 -oc Industrial
     top_impl1.ngd -o top_impl1_map.ncd -pr top_impl1.prf -mp top_impl1.mrp -lpf
     C:/lscc/lattice_projects/impl1/top_impl1.lpf -lpf
     C:/lscc/lattice_projects/top.lpf -gui 
Target Vendor:  LATTICE
Target Device:  LFE5U-85FCABGA381
Target Performance:   8
Mapper:  sa5p00,  version:  Diamond (64-bit) 3.14.0.75.2
Mapped on:  08/06/25  21:56:40

Design Summary
--------------

   Number of registers:      0 out of 84255 (0%)
      PFU registers:            0 out of 83640 (0%)
      PIO registers:            0 out of   615 (0%)
   Number of SLICEs:         0 out of 41820 (0%)
      SLICEs as Logic/ROM:      0 out of 41820 (0%)
      SLICEs as RAM:            0 out of 31365 (0%)
      SLICEs as Carry:          0 out of 41820 (0%)
   Number of LUT4s:          0 out of 83640 (0%)
      Number used as logic LUTs:          0
      Number used as distributed RAM:     0
      Number used as ripple logic:        0
      Number used as shift registers:     0
   Number of PIO sites used: 9 out of 205 (4%)
   Number of block RAMs:  0 out of 208 (0%)
   Number of GSRs:  0 out of 1 (0%)
   JTAG used :      No
   Readback used :  No
   Oscillator used :  No
   Startup used :   No
   DTR used :   No
   Number of Dynamic Bank Controller (BCINRD):  0 out of 4 (0%)
   Number of Dynamic Bank Controller (BCLVDSOB):  0 out of 4 (0%)
   Number of DCC:  0 out of 60 (0%)
   Number of DCS:  0 out of 2 (0%)
   Number of PLLs:  0 out of 4 (0%)
   Number of DDRDLLs:  0 out of 4 (0%)
   Number of CLKDIV:  0 out of 4 (0%)
   Number of ECLKSYNC:  0 out of 10 (0%)
   Number of ECLKBRIDGECS:  0 out of 2 (0%)
   Notes:-
      1. Total number of LUT4s = (Number of logic LUT4s) + 2*(Number of
     distributed RAMs) + 2*(Number of ripple logic)
      2. Number of logic LUT4s does not include count of distributed RAM and
     ripple logic.

        Number Of Mapped DSP Components:
   --------------------------------
   MULT18X18D          0
   MULT9X9D            0
   ALU54B              0
   ALU24B              0
   PRADD18A            0

                                    Page 1




Design:  top                                           Date:  08/06/25  21:56:40

Design Summary (cont)
---------------------
   PRADD9A             0
   --------------------------------
   Number of Used DSP MULT Sites:  0 out of 312 (0 %)
   Number of Used DSP ALU Sites:  0 out of 156 (0 %)
   Number of Used DSP PRADD Sites:  0 out of 312 (0 %)
   Number of clocks:  0
   Number of Clock Enables:  0
   Number of LSRs:  0
   Number of nets driven by tri-state buffers:  0
   Top 10 highest fanout non-clock nets:
     Net leds_c_c: 8 loads




   Number of warnings:  0
   Number of errors:    0
     

Design Errors/Warnings
----------------------

   No errors or warnings present.

IO (PIO) Attributes
-------------------

+---------------------+-----------+-----------+------------+
| IO Name             | Direction | Levelmode | IO         |
|                     |           |  IO_TYPE  | Register   |
+---------------------+-----------+-----------+------------+
| leds[0]             | OUTPUT    | LVCMOS25  |            |
+---------------------+-----------+-----------+------------+
| pushbutton          | INPUT     | LVCMOS25  |            |
+---------------------+-----------+-----------+------------+
| leds[1]             | OUTPUT    | LVCMOS25  |            |
+---------------------+-----------+-----------+------------+
| leds[2]             | OUTPUT    | LVCMOS25  |            |
+---------------------+-----------+-----------+------------+
| leds[3]             | OUTPUT    | LVCMOS25  |            |
+---------------------+-----------+-----------+------------+
| leds[4]             | OUTPUT    | LVCMOS25  |            |
+---------------------+-----------+-----------+------------+
| leds[5]             | OUTPUT    | LVCMOS25  |            |
+---------------------+-----------+-----------+------------+
| leds[6]             | OUTPUT    | LVCMOS25  |            |
+---------------------+-----------+-----------+------------+
| leds[7]             | OUTPUT    | LVCMOS25  |            |
+---------------------+-----------+-----------+------------+

Removed logic
-------------

Block i25 undriven or does not drive anything - clipped.
Block GSR_INST undriven or does not drive anything - clipped.
Block i24 undriven or does not drive anything - clipped.

                                    Page 2




Design:  top                                           Date:  08/06/25  21:56:40

Removed logic (cont)
--------------------
Signal VCC_net undriven or does not drive anything - clipped.
Signal GND_net undriven or does not drive anything - clipped.

     

Run Time and Memory Usage
-------------------------

   Total CPU Time: 0 secs  
   Total REAL Time: 0 secs  
   Peak Memory Usage: 87 MB
        













































                                    Page 3


Copyright (c) 1991-1994 by NeoCAD Inc. All rights reserved.
     Copyright (c) 1995 AT&T Corp.   All rights reserved.
     Copyright (c) 1995-2001 Lucent Technologies Inc.  All rights reserved.
     Copyright (c) 2001 Agere Systems   All rights reserved.
     Copyright (c) 2002-2024 Lattice Semiconductor Corporation,  All rights
     reserved.
